TN:
SF:src\api\ai.ts
FN:70,(anonymous_0)
FN:75,(anonymous_1)
FN:86,(anonymous_2)
FN:97,(anonymous_3)
FNF:4
FNH:0
FNDA:0,(anonymous_0)
FNDA:0,(anonymous_1)
FNDA:0,(anonymous_2)
FNDA:0,(anonymous_3)
DA:68,0
DA:71,0
DA:76,0
DA:77,0
DA:78,0
DA:79,0
DA:87,0
DA:88,0
DA:89,0
DA:90,0
DA:98,0
LF:11
LH:0
BRF:0
BRH:0
end_of_record
TN:
SF:src\api\auth.ts
FN:29,(anonymous_0)
FN:32,(anonymous_1)
FN:35,(anonymous_2)
FN:38,(anonymous_3)
FN:41,(anonymous_4)
FN:47,saveAuthData
FN:53,clearAuthData
FN:59,getCachedUser
FNF:8
FNH:0
FNDA:0,(anonymous_0)
FNDA:0,(anonymous_1)
FNDA:0,(anonymous_2)
FNDA:0,(anonymous_3)
FNDA:0,(anonymous_4)
FNDA:0,saveAuthData
FNDA:0,clearAuthData
FNDA:0,getCachedUser
DA:28,0
DA:30,0
DA:33,0
DA:36,0
DA:39,0
DA:42,0
DA:48,0
DA:49,0
DA:54,0
DA:55,0
DA:60,0
DA:61,0
LF:12
LH:0
BRDA:61,0,0,0
BRDA:61,0,1,0
BRF:2
BRH:0
end_of_record
TN:
SF:src\api\excelImport.ts
FN:37,(anonymous_0)
FN:41,(anonymous_1)
FN:62,(anonymous_2)
FN:66,(anonymous_3)
FNF:4
FNH:0
FNDA:0,(anonymous_0)
FNDA:0,(anonymous_1)
FNDA:0,(anonymous_2)
FNDA:0,(anonymous_3)
DA:36,0
DA:38,0
DA:42,0
DA:43,0
DA:45,0
DA:48,0
DA:61,0
DA:63,0
DA:67,0
DA:68,0
DA:70,0
LF:11
LH:0
BRF:0
BRH:0
end_of_record
TN:
SF:src\api\export.ts
FN:67,(anonymous_0)
FN:71,(anonymous_1)
FN:74,(anonymous_2)
FN:77,(anonymous_3)
FN:80,(anonymous_4)
FN:83,(anonymous_5)
FN:87,(anonymous_6)
FN:90,(anonymous_7)
FN:93,(anonymous_8)
FN:100,(anonymous_9)
FN:103,(anonymous_10)
FN:107,(anonymous_11)
FN:110,(anonymous_12)
FN:114,(anonymous_13)
FNF:14
FNH:0
FNDA:0,(anonymous_0)
FNDA:0,(anonymous_1)
FNDA:0,(anonymous_2)
FNDA:0,(anonymous_3)
FNDA:0,(anonymous_4)
FNDA:0,(anonymous_5)
FNDA:0,(anonymous_6)
FNDA:0,(anonymous_7)
FNDA:0,(anonymous_8)
FNDA:0,(anonymous_9)
FNDA:0,(anonymous_10)
FNDA:0,(anonymous_11)
FNDA:0,(anonymous_12)
FNDA:0,(anonymous_13)
DA:4,0
DA:66,0
DA:69,0
DA:72,0
DA:75,0
DA:78,0
DA:81,0
DA:85,0
DA:88,0
DA:91,0
DA:95,0
DA:101,0
DA:105,0
DA:108,0
DA:112,0
DA:115,0
LF:16
LH:0
BRDA:97,0,0,0
BRDA:97,0,1,0
BRF:2
BRH:0
end_of_record
TN:
SF:src\api\formula.ts
FN:51,(anonymous_0)
FN:55,(anonymous_1)
FN:58,(anonymous_2)
FN:61,(anonymous_3)
FN:64,(anonymous_4)
FN:67,(anonymous_5)
FNF:6
FNH:0
FNDA:0,(anonymous_0)
FNDA:0,(anonymous_1)
FNDA:0,(anonymous_2)
FNDA:0,(anonymous_3)
FNDA:0,(anonymous_4)
FNDA:0,(anonymous_5)
DA:50,0
DA:53,0
DA:56,0
DA:59,0
DA:62,0
DA:65,0
DA:68,0
LF:7
LH:0
BRF:0
BRH:0
end_of_record
TN:
SF:src\api\http.ts
FN:12,(anonymous_0)
FN:23,(anonymous_1)
FN:34,(anonymous_2)
FN:50,getToken
FN:54,setToken
FN:58,removeToken
FNF:6
FNH:0
FNDA:0,(anonymous_0)
FNDA:0,(anonymous_1)
FNDA:0,(anonymous_2)
FNDA:0,getToken
FNDA:0,setToken
FNDA:0,removeToken
DA:4,1
DA:6,1
DA:12,1
DA:13,0
DA:14,0
DA:15,0
DA:17,0
DA:18,0
DA:20,0
DA:23,1
DA:25,0
DA:26,0
DA:27,0
DA:28,0
DA:30,0
DA:32,0
DA:35,0
DA:36,0
DA:37,0
DA:38,0
DA:39,0
DA:40,0
DA:41,0
DA:42,0
DA:43,0
DA:44,0
DA:46,0
DA:51,0
DA:55,0
DA:59,0
LF:30
LH:4
BRDA:14,0,0,0
BRDA:14,0,1,0
BRDA:17,1,0,0
BRDA:17,1,1,0
BRDA:26,2,0,0
BRDA:26,2,1,0
BRDA:27,3,0,0
BRDA:27,3,1,0
BRDA:28,4,0,0
BRDA:28,4,1,0
BRDA:35,5,0,0
BRDA:35,5,1,0
BRDA:35,5,2,0
BRDA:36,6,0,0
BRDA:36,6,1,0
BRDA:37,7,0,0
BRDA:37,7,1,0
BRDA:38,8,0,0
BRDA:38,8,1,0
BRDA:43,9,0,0
BRDA:43,9,1,0
BRF:21
BRH:0
end_of_record
TN:
SF:src\api\material.ts
FN:24,(anonymous_0)
FN:28,(anonymous_1)
FN:31,(anonymous_2)
FN:34,(anonymous_3)
FN:37,(anonymous_4)
FN:40,(anonymous_5)
FN:43,(anonymous_6)
FNF:7
FNH:0
FNDA:0,(anonymous_0)
FNDA:0,(anonymous_1)
FNDA:0,(anonymous_2)
FNDA:0,(anonymous_3)
FNDA:0,(anonymous_4)
FNDA:0,(anonymous_5)
FNDA:0,(anonymous_6)
DA:23,0
DA:26,0
DA:29,0
DA:32,0
DA:35,0
DA:38,0
DA:41,0
DA:44,0
LF:8
LH:0
BRF:0
BRH:0
end_of_record
TN:
SF:src\api\nutrition.ts
FN:17,(anonymous_0)
FN:20,(anonymous_1)
FN:23,(anonymous_2)
FN:26,(anonymous_3)
FN:29,(anonymous_4)
FN:32,(anonymous_5)
FN:35,(anonymous_6)
FN:38,(anonymous_7)
FN:47,(anonymous_8)
FNF:9
FNH:0
FNDA:0,(anonymous_0)
FNDA:0,(anonymous_1)
FNDA:0,(anonymous_2)
FNDA:0,(anonymous_3)
FNDA:0,(anonymous_4)
FNDA:0,(anonymous_5)
FNDA:0,(anonymous_6)
FNDA:0,(anonymous_7)
FNDA:0,(anonymous_8)
DA:16,1
DA:18,0
DA:21,0
DA:24,0
DA:27,0
DA:30,0
DA:33,0
DA:36,0
DA:40,0
DA:45,0
DA:49,0
LF:11
LH:1
BRDA:17,0,0,0
BRDA:40,1,0,0
BRDA:40,1,1,0
BRF:3
BRH:0
end_of_record
TN:
SF:src\api\salesman.ts
FN:25,(anonymous_0)
FN:29,(anonymous_1)
FN:32,(anonymous_2)
FN:35,(anonymous_3)
FN:38,(anonymous_4)
FNF:5
FNH:0
FNDA:0,(anonymous_0)
FNDA:0,(anonymous_1)
FNDA:0,(anonymous_2)
FNDA:0,(anonymous_3)
FNDA:0,(anonymous_4)
DA:24,0
DA:27,0
DA:30,0
DA:33,0
DA:36,0
DA:39,0
LF:6
LH:0
BRF:0
BRH:0
end_of_record
TN:
SF:src\api\version.ts
FN:19,(anonymous_0)
FN:23,(anonymous_1)
FN:26,(anonymous_2)
FN:29,(anonymous_3)
FN:32,(anonymous_4)
FNF:5
FNH:0
FNDA:0,(anonymous_0)
FNDA:0,(anonymous_1)
FNDA:0,(anonymous_2)
FNDA:0,(anonymous_3)
FNDA:0,(anonymous_4)
DA:18,0
DA:21,0
DA:24,0
DA:27,0
DA:30,0
DA:33,0
LF:6
LH:0
BRF:0
BRH:0
end_of_record
TN:
SF:src\api\weather.ts
FN:95,getWeatherEmoji
FN:101,getWeatherText
FN:108,fetchJSON
FN:117,getAmapKey
FN:122,proxyUrl
FN:134,searchCity
FN:157,(anonymous_6)
FN:158,(anonymous_7)
FN:186,fetchWeather
FN:292,reverseGeocode
FN:330,reverseLookupWeatherCode
FN:361,windPowerToSpeed
FNF:12
FNH:0
FNDA:0,getWeatherEmoji
FNDA:0,getWeatherText
FNDA:0,fetchJSON
FNDA:0,getAmapKey
FNDA:0,proxyUrl
FNDA:0,searchCity
FNDA:0,(anonymous_6)
FNDA:0,(anonymous_7)
FNDA:0,fetchWeather
FNDA:0,reverseGeocode
FNDA:0,reverseLookupWeatherCode
FNDA:0,windPowerToSpeed
DA:52,0
DA:96,0
DA:97,0
DA:102,0
DA:103,0
DA:109,0
DA:112,0
DA:113,0
DA:118,0
DA:123,0
DA:124,0
DA:125,0
DA:135,0
DA:136,0
DA:137,0
DA:140,0
DA:154,0
DA:156,0
DA:157,0
DA:159,0
DA:160,0
DA:161,0
DA:162,0
DA:165,0
DA:167,0
DA:177,0
DA:178,0
DA:187,0
DA:188,0
DA:189,0
DA:194,0
DA:196,0
DA:198,0
DA:201,0
DA:204,0
DA:235,0
DA:236,0
DA:238,0
DA:241,0
DA:243,0
DA:258,0
DA:259,0
DA:262,0
DA:263,0
DA:264,0
DA:265,0
DA:266,0
DA:267,0
DA:270,0
DA:283,0
DA:284,0
DA:293,0
DA:294,0
DA:295,0
DA:297,0
DA:310,0
DA:312,0
DA:314,0
DA:315,0
DA:316,0
DA:317,0
DA:319,0
DA:320,0
DA:322,0
DA:323,0
DA:331,0
DA:355,0
DA:362,0
DA:364,0
DA:365,0
DA:366,0
DA:368,0
DA:373,0
LF:73
LH:0
BRDA:97,0,0,0
BRDA:97,0,1,0
BRDA:103,1,0,0
BRDA:103,1,1,0
BRDA:112,2,0,0
BRDA:112,2,1,0
BRDA:118,3,0,0
BRDA:118,3,1,0
BRDA:124,4,0,0
BRDA:124,4,1,0
BRDA:137,5,0,0
BRDA:137,5,1,0
BRDA:154,6,0,0
BRDA:154,6,1,0
BRDA:154,7,0,0
BRDA:154,7,1,0
BRDA:157,8,0,0
BRDA:157,8,1,0
BRDA:162,9,0,0
BRDA:162,9,1,0
BRDA:169,10,0,0
BRDA:169,10,1,0
BRDA:173,11,0,0
BRDA:173,11,1,0
BRDA:189,12,0,0
BRDA:189,12,1,0
BRDA:196,13,0,0
BRDA:196,13,1,0
BRDA:235,14,0,0
BRDA:235,14,1,0
BRDA:235,15,0,0
BRDA:235,15,1,0
BRDA:236,16,0,0
BRDA:236,16,1,0
BRDA:244,17,0,0
BRDA:244,17,1,0
BRDA:245,18,0,0
BRDA:245,18,1,0
BRDA:247,19,0,0
BRDA:247,19,1,0
BRDA:248,20,0,0
BRDA:248,20,1,0
BRDA:249,21,0,0
BRDA:249,21,1,0
BRDA:251,22,0,0
BRDA:251,22,1,0
BRDA:258,23,0,0
BRDA:258,23,1,0
BRDA:258,23,2,0
BRDA:262,24,0,0
BRDA:262,24,1,0
BRDA:266,25,0,0
BRDA:266,25,1,0
BRDA:267,26,0,0
BRDA:267,26,1,0
BRDA:277,27,0,0
BRDA:277,27,1,0
BRDA:280,28,0,0
BRDA:280,28,1,0
BRDA:295,29,0,0
BRDA:295,29,1,0
BRDA:310,30,0,0
BRDA:310,30,1,0
BRDA:310,31,0,0
BRDA:310,31,1,0
BRDA:314,32,0,0
BRDA:314,32,1,0
BRDA:315,33,0,0
BRDA:315,33,1,0
BRDA:316,34,0,0
BRDA:316,34,1,0
BRDA:316,34,2,0
BRDA:316,34,3,0
BRDA:355,35,0,0
BRDA:355,35,1,0
BRDA:362,36,0,0
BRDA:362,36,1,0
BRDA:365,37,0,0
BRDA:365,37,1,0
BRDA:373,38,0,0
BRDA:373,38,1,0
BRF:81
BRH:0
end_of_record
TN:
SF:src\assets\styles\tokens.ts
FN:180,getThemeTokens
FN:197,getTDesignTokens
FNF:2
FNH:0
FNDA:0,getThemeTokens
FNDA:0,getTDesignTokens
DA:20,0
DA:66,0
DA:102,0
DA:103,0
DA:104,0
DA:105,0
DA:106,0
DA:107,0
DA:110,0
DA:111,0
DA:112,0
DA:113,0
DA:115,0
DA:123,0
DA:124,0
DA:125,0
DA:126,0
DA:128,0
DA:136,0
DA:137,0
DA:138,0
DA:139,0
DA:141,0
DA:146,0
DA:147,0
DA:148,0
DA:149,0
DA:150,0
DA:151,0
DA:152,0
DA:153,0
DA:154,0
DA:155,0
DA:156,0
DA:157,0
DA:158,0
DA:161,0
DA:162,0
DA:163,0
DA:164,0
DA:165,0
DA:166,0
DA:169,0
DA:170,0
DA:171,0
DA:172,0
DA:173,0
DA:181,0
DA:182,0
DA:183,0
DA:184,0
DA:188,0
DA:198,0
DA:199,0
DA:208,0
DA:216,0
LF:56
LH:0
BRDA:180,0,0,0
BRDA:181,1,0,0
BRDA:181,1,1,0
BRDA:182,2,0,0
BRDA:182,2,1,0
BRDA:183,3,0,0
BRDA:183,3,1,0
BRDA:184,4,0,0
BRDA:184,4,1,0
BRDA:197,5,0,0
BRDA:198,6,0,0
BRDA:198,6,1,0
BRF:12
BRH:0
end_of_record
TN:
SF:src\components\EmptyState.vue
FNF:0
FNH:0
DA:2,7
DA:28,1
DA:29,1
LF:3
LH:3
BRDA:35,0,0,7
BRDA:35,0,1,7
BRDA:30,1,0,1
BRDA:30,1,1,6
BRDA:32,2,0,1
BRDA:32,2,1,6
BRF:6
BRH:6
end_of_record
TN:
SF:src\components\ExcelImportPanel.vue
FN:164,(anonymous_0)
FN:166,(anonymous_1)
FN:170,downloadTemplate
FN:194,beforeUpload
FN:210,handleUpload
FN:232,confirmImport
FN:246,cancelImport
FN:252,goToMaterials
FN:6,(anonymous_8)
FN:8,(anonymous_9)
FN:19,(anonymous_10)
FN:19,(anonymous_11)
FN:30,(anonymous_12)
FN:31,(anonymous_13)
FN:31,(anonymous_14)
FN:41,(anonymous_15)
FN:65,(anonymous_16)
FN:66,(anonymous_17)
FN:78,(anonymous_18)
FN:80,(anonymous_19)
FN:86,(anonymous_20)
FN:94,(anonymous_21)
FN:107,(anonymous_22)
FN:108,(anonymous_23)
FN:115,(anonymous_24)
FN:118,(anonymous_25)
FN:118,(anonymous_26)
FN:119,(anonymous_27)
FN:123,(anonymous_28)
FN:125,(anonymous_29)
FN:126,(anonymous_30)
FN:130,(anonymous_31)
FN:131,(anonymous_32)
FNF:33
FNH:0
FNDA:0,(anonymous_0)
FNDA:0,(anonymous_1)
FNDA:0,downloadTemplate
FNDA:0,beforeUpload
FNDA:0,handleUpload
FNDA:0,confirmImport
FNDA:0,cancelImport
FNDA:0,goToMaterials
FNDA:0,(anonymous_8)
FNDA:0,(anonymous_9)
FNDA:0,(anonymous_10)
FNDA:0,(anonymous_11)
FNDA:0,(anonymous_12)
FNDA:0,(anonymous_13)
FNDA:0,(anonymous_14)
FNDA:0,(anonymous_15)
FNDA:0,(anonymous_16)
FNDA:0,(anonymous_17)
FNDA:0,(anonymous_18)
FNDA:0,(anonymous_19)
FNDA:0,(anonymous_20)
FNDA:0,(anonymous_21)
FNDA:0,(anonymous_22)
FNDA:0,(anonymous_23)
FNDA:0,(anonymous_24)
FNDA:0,(anonymous_25)
FNDA:0,(anonymous_26)
FNDA:0,(anonymous_27)
FNDA:0,(anonymous_28)
FNDA:0,(anonymous_29)
FNDA:0,(anonymous_30)
FNDA:0,(anonymous_31)
FNDA:0,(anonymous_32)
DA:2,0
DA:6,0
DA:13,0
DA:17,0
DA:19,0
DA:21,0
DA:31,0
DA:33,0
DA:41,0
DA:42,0
DA:46,0
DA:54,0
DA:65,0
DA:66,0
DA:67,0
DA:78,0
DA:79,0
DA:86,0
DA:88,0
DA:96,0
DA:107,0
DA:108,0
DA:109,0
DA:115,0
DA:118,0
DA:119,0
DA:121,0
DA:124,0
DA:126,0
DA:129,0
DA:131,0
DA:134,0
DA:146,0
DA:147,0
DA:151,0
DA:152,0
DA:153,0
DA:154,0
DA:156,0
DA:164,0
DA:165,0
DA:166,0
DA:171,0
DA:172,0
DA:173,0
DA:174,0
DA:177,0
DA:178,0
DA:179,0
DA:180,0
DA:181,0
DA:182,0
DA:183,0
DA:184,0
DA:185,0
DA:187,0
DA:189,0
DA:195,0
DA:196,0
DA:197,0
DA:198,0
DA:199,0
DA:201,0
DA:202,0
DA:203,0
DA:204,0
DA:206,0
DA:211,0
DA:212,0
DA:214,0
DA:215,0
DA:216,0
DA:217,0
DA:218,0
DA:219,0
DA:220,0
DA:222,0
DA:225,0
DA:227,0
DA:233,0
DA:235,0
DA:236,0
DA:237,0
DA:240,0
DA:241,0
DA:242,0
DA:247,0
DA:248,0
DA:253,0
LF:89
LH:0
BRDA:165,0,0,0
BRDA:165,0,1,0
BRDA:187,1,0,0
BRDA:187,1,1,0
BRDA:196,2,0,0
BRDA:196,2,1,0
BRDA:197,3,0,0
BRDA:197,3,1,0
BRDA:202,4,0,0
BRDA:202,4,1,0
BRDA:217,5,0,0
BRDA:217,5,1,0
BRDA:219,6,0,0
BRDA:219,6,1,0
BRDA:225,7,0,0
BRDA:225,7,1,0
BRDA:233,8,0,0
BRDA:233,8,1,0
BRDA:235,9,0,0
BRDA:235,9,1,0
BRDA:6,10,0,0
BRDA:6,10,1,0
BRDA:13,11,0,0
BRDA:13,11,1,0
BRDA:21,12,0,0
BRDA:21,12,1,0
BRDA:33,13,0,0
BRDA:33,13,1,0
BRDA:38,14,0,0
BRDA:43,15,0,0
BRDA:43,15,1,0
BRDA:44,16,0,0
BRDA:44,16,1,0
BRDA:47,17,0,0
BRDA:47,17,1,0
BRDA:48,18,0,0
BRDA:48,18,1,0
BRDA:50,19,0,0
BRDA:50,19,1,0
BRDA:51,20,0,0
BRDA:51,20,1,0
BRDA:52,21,0,0
BRDA:52,21,1,0
BRDA:59,22,0,0
BRDA:72,23,0,0
BRDA:96,24,0,0
BRDA:96,24,1,0
BRDA:101,25,0,0
BRDA:113,26,0,0
BRDA:121,27,0,0
BRDA:121,27,1,0
BRDA:118,28,0,0
BRDA:118,28,1,0
BRDA:119,29,0,0
BRDA:119,29,1,0
BRDA:125,30,0,0
BRDA:125,30,1,0
BRDA:126,31,0,0
BRDA:126,31,1,0
BRDA:130,32,0,0
BRDA:130,32,1,0
BRDA:131,33,0,0
BRDA:131,33,1,0
BRF:63
BRH:0
end_of_record
TN:
SF:src\components\NutritionExcelImport.vue
FN:110,groupTheme
FN:125,(anonymous_1)
FN:128,(anonymous_2)
FN:129,(anonymous_3)
FN:138,(anonymous_4)
FN:141,(anonymous_5)
FN:144,(anonymous_6)
FN:147,getDecimals
FN:160,downloadTemplate
FN:215,beforeUpload
FN:231,handleUpload
FN:249,(anonymous_11)
FN:269,confirmImport
FN:277,cancelImport
FN:6,(anonymous_14)
FN:8,(anonymous_15)
FN:19,(anonymous_16)
FN:19,(anonymous_17)
FN:25,(anonymous_18)
FN:26,(anonymous_19)
FN:26,(anonymous_20)
FN:36,(anonymous_21)
FN:55,(anonymous_22)
FN:56,(anonymous_23)
FN:57,(anonymous_24)
FN:65,(anonymous_25)
FN:68,(anonymous_26)
FN:68,(anonymous_27)
FN:69,(anonymous_28)
FN:73,(anonymous_29)
FN:76,(anonymous_30)
FN:76,(anonymous_31)
FNF:32
FNH:16
FNDA:0,groupTheme
FNDA:7,(anonymous_1)
FNDA:14,(anonymous_2)
FNDA:14,(anonymous_3)
FNDA:7,(anonymous_4)
FNDA:7,(anonymous_5)
FNDA:14,(anonymous_6)
FNDA:14,getDecimals
FNDA:2,downloadTemplate
FNDA:2,beforeUpload
FNDA:7,handleUpload
FNDA:148,(anonymous_11)
FNDA:1,confirmImport
FNDA:1,cancelImport
FNDA:19,(anonymous_14)
FNDA:19,(anonymous_15)
FNDA:0,(anonymous_16)
FNDA:0,(anonymous_17)
FNDA:7,(anonymous_18)
FNDA:0,(anonymous_19)
FNDA:0,(anonymous_20)
FNDA:0,(anonymous_21)
FNDA:0,(anonymous_22)
FNDA:0,(anonymous_23)
FNDA:0,(anonymous_24)
FNDA:0,(anonymous_25)
FNDA:0,(anonymous_26)
FNDA:0,(anonymous_27)
FNDA:0,(anonymous_28)
FNDA:0,(anonymous_29)
FNDA:0,(anonymous_30)
FNDA:0,(anonymous_31)
DA:2,30
DA:6,19
DA:13,19
DA:17,2
DA:19,0
DA:21,0
DA:26,0
DA:28,7
DA:36,2
DA:37,2
DA:41,2
DA:49,0
DA:55,2
DA:56,0
DA:57,0
DA:59,0
DA:65,2
DA:68,0
DA:69,0
DA:71,0
DA:75,0
DA:76,0
DA:78,0
DA:89,19
DA:93,19
DA:94,19
DA:95,19
DA:96,19
DA:99,19
DA:111,0
DA:112,0
DA:113,0
DA:114,0
DA:117,19
DA:125,19
DA:126,7
DA:127,7
DA:128,14
DA:129,14
DA:138,19
DA:141,19
DA:142,7
DA:143,7
DA:144,14
DA:148,14
DA:156,14
DA:161,2
DA:162,2
DA:163,2
DA:201,2
DA:202,2
DA:203,2
DA:204,2
DA:205,2
DA:206,2
DA:208,0
DA:210,2
DA:216,2
DA:217,2
DA:218,2
DA:219,1
DA:220,1
DA:222,1
DA:223,1
DA:224,1
DA:225,1
DA:227,0
DA:232,7
DA:233,7
DA:235,7
DA:236,7
DA:237,7
DA:238,7
DA:239,7
DA:241,7
DA:242,7
DA:243,7
DA:244,19
DA:245,19
DA:246,19
DA:247,19
DA:249,148
DA:250,19
DA:251,1
DA:254,7
DA:256,7
DA:257,0
DA:259,7
DA:262,0
DA:264,7
DA:270,1
DA:271,1
DA:272,1
DA:273,1
DA:278,1
DA:364,2
DA:376,2
LF:97
LH:76
BRDA:111,0,0,0
BRDA:111,0,1,0
BRDA:112,1,0,0
BRDA:112,1,1,0
BRDA:113,2,0,0
BRDA:113,2,1,0
BRDA:126,3,0,0
BRDA:126,3,1,7
BRDA:128,4,0,14
BRDA:128,4,1,14
BRDA:128,4,2,14
BRDA:131,5,0,14
BRDA:131,5,1,0
BRDA:132,6,0,14
BRDA:132,6,1,0
BRDA:134,7,0,14
BRDA:134,7,1,0
BRDA:142,8,0,0
BRDA:142,8,1,7
BRDA:156,9,0,14
BRDA:156,9,1,0
BRDA:217,10,0,2
BRDA:217,10,1,1
BRDA:218,11,0,1
BRDA:218,11,1,1
BRDA:223,12,0,1
BRDA:223,12,1,0
BRDA:244,13,0,0
BRDA:244,13,1,19
BRDA:244,14,0,19
BRDA:244,14,1,19
BRDA:245,15,0,19
BRDA:245,15,1,1
BRDA:246,16,0,19
BRDA:246,16,1,2
BRDA:247,17,0,1
BRDA:247,17,1,18
BRDA:247,18,0,19
BRDA:247,18,1,19
BRDA:250,19,0,14
BRDA:250,19,1,4
BRDA:250,20,0,1
BRDA:250,20,1,3
BRDA:251,21,0,4
BRDA:251,21,1,3
BRDA:251,22,0,1
BRDA:251,22,1,0
BRDA:256,23,0,0
BRDA:256,23,1,7
BRDA:262,24,0,0
BRDA:262,24,1,0
BRDA:270,25,0,0
BRDA:270,25,1,1
BRDA:6,26,0,19
BRDA:6,26,1,19
BRDA:13,27,0,19
BRDA:13,27,1,19
BRDA:21,28,0,0
BRDA:21,28,1,0
BRDA:28,29,0,0
BRDA:28,29,1,0
BRDA:33,30,0,7
BRDA:38,31,0,0
BRDA:38,31,1,0
BRDA:39,32,0,0
BRDA:39,32,1,0
BRDA:42,33,0,0
BRDA:42,33,1,0
BRDA:43,34,0,0
BRDA:43,34,1,0
BRDA:45,35,0,0
BRDA:45,35,1,0
BRDA:46,36,0,0
BRDA:46,36,1,0
BRDA:47,37,0,0
BRDA:47,37,1,0
BRDA:53,38,0,0
BRDA:63,39,0,7
BRDA:71,40,0,0
BRDA:71,40,1,0
BRDA:68,41,0,0
BRDA:68,41,1,0
BRDA:69,42,0,0
BRDA:69,42,1,0
BRF:84
BRH:40
end_of_record
TN:
SF:src\components\Skeleton\PageSkeleton.vue
FN:11,(anonymous_0)
FN:13,(anonymous_1)
FN:14,(anonymous_2)
FN:26,(anonymous_3)
FN:46,(anonymous_4)
FN:58,(anonymous_5)
FNF:6
FNH:6
FNDA:14,(anonymous_0)
FNDA:13,(anonymous_1)
FNDA:62,(anonymous_2)
FNDA:16,(anonymous_3)
FNDA:24,(anonymous_4)
FNDA:18,(anonymous_5)
DA:2,9
DA:9,2
DA:10,2
DA:11,14
DA:13,13
DA:14,62
DA:25,2
DA:26,16
DA:45,2
DA:46,24
DA:52,2
DA:58,18
LF:12
LH:12
BRDA:4,0,0,3
BRDA:17,1,0,3
BRDA:17,1,1,3
BRDA:20,2,0,3
BRDA:34,3,0,3
BRDA:34,3,1,3
BRDA:26,4,0,16
BRDA:26,4,1,3
BRDA:37,5,0,3
BRDA:64,6,0,3
BRDA:64,6,1,3
BRDA:46,7,0,24
BRDA:46,7,1,3
BRDA:51,8,0,3
BRDA:51,8,1,3
BRDA:63,9,0,3
BRDA:63,9,1,3
BRDA:58,10,0,18
BRDA:58,10,1,3
BRF:19
BRH:19
end_of_record
TN:
SF:src\router\index.ts
FN:10,(anonymous_0)
FN:16,(anonymous_1)
FN:21,(anonymous_2)
FN:32,(anonymous_3)
FN:38,(anonymous_4)
FN:44,(anonymous_5)
FN:50,(anonymous_6)
FN:56,(anonymous_7)
FN:62,(anonymous_8)
FN:68,(anonymous_9)
FN:74,(anonymous_10)
FN:80,(anonymous_11)
FN:86,(anonymous_12)
FN:92,(anonymous_13)
FN:98,(anonymous_14)
FN:104,(anonymous_15)
FN:110,(anonymous_16)
FN:116,(anonymous_17)
FN:122,(anonymous_18)
FN:128,(anonymous_19)
FN:134,(anonymous_20)
FN:140,(anonymous_21)
FN:146,(anonymous_22)
FN:154,(anonymous_23)
FNF:24
FNH:0
FNDA:0,(anonymous_0)
FNDA:0,(anonymous_1)
FNDA:0,(anonymous_2)
FNDA:0,(anonymous_3)
FNDA:0,(anonymous_4)
FNDA:0,(anonymous_5)
FNDA:0,(anonymous_6)
FNDA:0,(anonymous_7)
FNDA:0,(anonymous_8)
FNDA:0,(anonymous_9)
FNDA:0,(anonymous_10)
FNDA:0,(anonymous_11)
FNDA:0,(anonymous_12)
FNDA:0,(anonymous_13)
FNDA:0,(anonymous_14)
FNDA:0,(anonymous_15)
FNDA:0,(anonymous_16)
FNDA:0,(anonymous_17)
FNDA:0,(anonymous_18)
FNDA:0,(anonymous_19)
FNDA:0,(anonymous_20)
FNDA:0,(anonymous_21)
FNDA:0,(anonymous_22)
FNDA:0,(anonymous_23)
DA:4,0
DA:10,0
DA:16,0
DA:21,0
DA:32,0
DA:38,0
DA:44,0
DA:50,0
DA:56,0
DA:62,0
DA:68,0
DA:74,0
DA:80,0
DA:86,0
DA:92,0
DA:98,0
DA:104,0
DA:110,0
DA:116,0
DA:122,0
DA:128,0
DA:134,0
DA:140,0
DA:146,0
DA:154,0
DA:155,0
DA:157,0
DA:158,0
DA:161,0
DA:162,0
DA:163,0
DA:164,0
DA:166,0
LF:33
LH:0
BRDA:157,0,0,0
BRDA:157,0,1,0
BRDA:161,1,0,0
BRDA:161,1,1,0
BRDA:161,2,0,0
BRDA:161,2,1,0
BRDA:163,3,0,0
BRDA:163,3,1,0
BRDA:163,4,0,0
BRDA:163,4,1,0
BRDA:163,4,2,0
BRF:11
BRH:0
end_of_record
TN:
SF:src\stores\ai.ts
FN:6,(anonymous_0)
FN:29,(anonymous_1)
FN:44,(anonymous_2)
FN:60,(anonymous_3)
FN:69,(anonymous_4)
FN:79,(anonymous_5)
FN:85,(anonymous_6)
FN:101,(anonymous_7)
FN:107,(anonymous_8)
FNF:9
FNH:8
FNDA:10,(anonymous_0)
FNDA:1,(anonymous_1)
FNDA:3,(anonymous_2)
FNDA:13,(anonymous_3)
FNDA:65,(anonymous_4)
FNDA:1,(anonymous_5)
FNDA:0,(anonymous_6)
FNDA:1,(anonymous_7)
FNDA:1,(anonymous_8)
DA:6,1
DA:8,10
DA:9,10
DA:10,10
DA:13,10
DA:14,10
DA:15,10
DA:18,10
DA:19,10
DA:20,10
DA:23,10
DA:24,10
DA:25,10
DA:26,10
DA:29,10
DA:30,1
DA:31,1
DA:32,1
DA:33,1
DA:35,1
DA:36,1
DA:39,0
DA:44,10
DA:45,3
DA:46,2
DA:47,2
DA:48,2
DA:49,2
DA:50,2
DA:51,1
DA:53,1
DA:55,2
DA:60,10
DA:61,13
DA:62,13
DA:63,13
DA:64,13
DA:65,13
DA:66,13
DA:67,13
DA:69,65
DA:70,13
DA:72,0
DA:74,13
DA:79,10
DA:80,1
DA:81,1
DA:85,10
DA:86,0
DA:87,0
DA:88,0
DA:89,0
DA:90,0
DA:91,0
DA:92,0
DA:94,0
DA:96,0
DA:101,10
DA:102,1
DA:103,1
DA:107,10
DA:108,1
DA:109,1
DA:112,10
LF:64
LH:53
BRDA:35,0,0,1
BRDA:35,0,1,0
BRDA:35,1,0,1
BRDA:35,1,1,1
BRDA:45,2,0,1
BRDA:45,2,1,2
BRDA:53,3,0,1
BRDA:53,3,1,0
BRDA:53,3,2,0
BRDA:61,4,0,0
BRDA:61,4,1,13
BRDA:61,5,0,13
BRDA:61,5,1,13
BRDA:72,6,0,0
BRDA:72,6,1,0
BRDA:72,6,2,0
BRDA:86,7,0,0
BRDA:86,7,1,0
BRDA:94,8,0,0
BRDA:94,8,1,0
BRDA:94,8,2,0
BRF:21
BRH:9
end_of_record
TN:
SF:src\stores\auth.ts
FN:6,(anonymous_0)
FN:10,(anonymous_1)
FN:12,(anonymous_2)
FN:19,(anonymous_3)
FN:34,(anonymous_4)
FN:49,(anonymous_5)
FN:54,(anonymous_6)
FN:68,(anonymous_7)
FN:80,(anonymous_8)
FNF:9
FNH:7
FNDA:8,(anonymous_0)
FNDA:5,(anonymous_1)
FNDA:0,(anonymous_2)
FNDA:2,(anonymous_3)
FNDA:2,(anonymous_4)
FNDA:1,(anonymous_5)
FNDA:1,(anonymous_6)
FNDA:1,(anonymous_7)
FNDA:0,(anonymous_8)
DA:6,1
DA:7,8
DA:8,8
DA:10,8
DA:12,8
DA:13,0
DA:14,0
DA:15,0
DA:19,8
DA:20,2
DA:21,2
DA:22,2
DA:23,1
DA:24,1
DA:25,1
DA:26,1
DA:28,1
DA:30,2
DA:34,8
DA:35,2
DA:36,2
DA:37,2
DA:38,1
DA:39,1
DA:40,1
DA:41,1
DA:43,1
DA:45,2
DA:49,8
DA:50,1
DA:51,1
DA:54,8
DA:55,1
DA:56,1
DA:57,1
DA:58,1
DA:59,1
DA:60,1
DA:62,0
DA:64,1
DA:68,8
DA:69,1
DA:70,1
DA:71,1
DA:72,0
DA:74,1
DA:76,1
DA:80,8
DA:81,0
DA:82,0
DA:83,0
DA:84,0
DA:90,8
LF:53
LH:44
BRDA:14,0,0,0
BRDA:14,0,1,0
BRDA:28,1,0,1
BRDA:28,1,1,0
BRDA:43,2,0,1
BRDA:43,2,1,0
BRDA:59,3,0,1
BRDA:59,3,1,0
BRDA:62,4,0,0
BRDA:62,4,1,0
BRDA:74,5,0,1
BRDA:74,5,1,0
BRDA:84,6,0,0
BRDA:84,6,1,0
BRF:14
BRH:4
end_of_record
TN:
SF:src\stores\export.ts
FN:6,(anonymous_0)
FN:17,(anonymous_1)
FN:30,(anonymous_2)
FN:40,(anonymous_3)
FN:50,(anonymous_4)
FN:61,(anonymous_5)
FN:73,(anonymous_6)
FN:87,(anonymous_7)
FN:97,(anonymous_8)
FN:107,(anonymous_9)
FN:129,(anonymous_10)
FN:138,(anonymous_11)
FN:148,(anonymous_12)
FN:159,(anonymous_13)
FN:169,(anonymous_14)
FN:180,(anonymous_15)
FNF:16
FNH:0
FNDA:0,(anonymous_0)
FNDA:0,(anonymous_1)
FNDA:0,(anonymous_2)
FNDA:0,(anonymous_3)
FNDA:0,(anonymous_4)
FNDA:0,(anonymous_5)
FNDA:0,(anonymous_6)
FNDA:0,(anonymous_7)
FNDA:0,(anonymous_8)
FNDA:0,(anonymous_9)
FNDA:0,(anonymous_10)
FNDA:0,(anonymous_11)
FNDA:0,(anonymous_12)
FNDA:0,(anonymous_13)
FNDA:0,(anonymous_14)
FNDA:0,(anonymous_15)
DA:6,0
DA:7,0
DA:8,0
DA:9,0
DA:10,0
DA:11,0
DA:12,0
DA:13,0
DA:14,0
DA:17,0
DA:18,0
DA:19,0
DA:20,0
DA:22,0
DA:24,0
DA:26,0
DA:30,0
DA:31,0
DA:32,0
DA:33,0
DA:34,0
DA:36,0
DA:40,0
DA:41,0
DA:42,0
DA:43,0
DA:44,0
DA:46,0
DA:50,0
DA:51,0
DA:52,0
DA:53,0
DA:54,0
DA:56,0
DA:61,0
DA:62,0
DA:63,0
DA:64,0
DA:65,0
DA:67,0
DA:69,0
DA:73,0
DA:74,0
DA:75,0
DA:76,0
DA:78,0
DA:79,0
DA:81,0
DA:83,0
DA:87,0
DA:88,0
DA:89,0
DA:91,0
DA:93,0
DA:97,0
DA:98,0
DA:99,0
DA:100,0
DA:101,0
DA:103,0
DA:107,0
DA:108,0
DA:109,0
DA:110,0
DA:113,0
DA:114,0
DA:115,0
DA:116,0
DA:117,0
DA:118,0
DA:119,0
DA:120,0
DA:121,0
DA:122,0
DA:124,0
DA:129,0
DA:130,0
DA:131,0
DA:132,0
DA:134,0
DA:138,0
DA:139,0
DA:140,0
DA:142,0
DA:144,0
DA:148,0
DA:149,0
DA:150,0
DA:151,0
DA:152,0
DA:154,0
DA:159,0
DA:160,0
DA:161,0
DA:163,0
DA:165,0
DA:169,0
DA:170,0
DA:171,0
DA:172,0
DA:173,0
DA:175,0
DA:180,0
DA:181,0
DA:184,0
LF:105
LH:0
BRDA:36,0,0,0
BRDA:36,0,1,0
BRDA:46,1,0,0
BRDA:46,1,1,0
BRDA:56,2,0,0
BRDA:56,2,1,0
BRDA:67,3,0,0
BRDA:67,3,1,0
BRDA:103,4,0,0
BRDA:103,4,1,0
BRDA:107,5,0,0
BRDA:110,6,0,0
BRDA:110,6,1,0
BRDA:124,7,0,0
BRDA:124,7,1,0
BRDA:134,8,0,0
BRDA:134,8,1,0
BRDA:154,9,0,0
BRDA:154,9,1,0
BRDA:175,10,0,0
BRDA:175,10,1,0
BRF:21
BRH:0
end_of_record
TN:
SF:src\stores\formula.ts
FN:8,(anonymous_0)
FN:17,(anonymous_1)
FN:28,(anonymous_2)
FN:44,(anonymous_3)
FN:63,(anonymous_4)
FN:76,(anonymous_5)
FN:89,(anonymous_6)
FN:102,(anonymous_7)
FN:107,(anonymous_8)
FN:112,(anonymous_9)
FN:136,parseMaterials
FN:154,parseDescription
FNF:12
FNH:9
FNDA:7,(anonymous_0)
FNDA:4,(anonymous_1)
FNDA:3,(anonymous_2)
FNDA:2,(anonymous_3)
FNDA:1,(anonymous_4)
FNDA:0,(anonymous_5)
FNDA:1,(anonymous_6)
FNDA:1,(anonymous_7)
FNDA:0,(anonymous_8)
FNDA:0,(anonymous_9)
FNDA:4,parseMaterials
FNDA:4,parseDescription
DA:8,1
DA:9,7
DA:10,7
DA:11,7
DA:12,7
DA:13,7
DA:14,7
DA:15,7
DA:17,7
DA:18,4
DA:19,4
DA:20,4
DA:28,3
DA:35,3
DA:37,1
DA:38,1
DA:40,4
DA:44,7
DA:45,2
DA:46,2
DA:48,1
DA:49,1
DA:57,1
DA:58,1
DA:59,1
DA:63,7
DA:64,1
DA:65,1
DA:66,1
DA:67,1
DA:68,1
DA:70,0
DA:72,1
DA:76,7
DA:77,0
DA:78,0
DA:79,0
DA:80,0
DA:81,0
DA:83,0
DA:85,0
DA:89,7
DA:90,1
DA:91,1
DA:92,1
DA:93,1
DA:94,1
DA:96,0
DA:98,1
DA:102,7
DA:103,1
DA:104,1
DA:107,7
DA:108,0
DA:109,0
DA:112,7
DA:113,0
DA:116,7
DA:137,4
DA:138,4
DA:140,4
DA:141,4
DA:143,4
DA:144,0
DA:147,4
DA:149,0
DA:155,4
DA:156,1
DA:158,1
DA:159,1
DA:160,1
DA:161,0
DA:162,0
DA:163,0
DA:164,0
DA:165,0
DA:166,0
DA:168,0
DA:170,1
LF:79
LH:58
BRDA:21,0,0,4
BRDA:21,0,1,4
BRDA:22,1,0,4
BRDA:22,1,1,4
BRDA:38,2,0,1
BRDA:38,2,1,0
BRDA:58,3,0,1
BRDA:58,3,1,0
BRDA:70,4,0,0
BRDA:70,4,1,0
BRDA:83,5,0,0
BRDA:83,5,1,0
BRDA:96,6,0,0
BRDA:96,6,1,0
BRDA:137,7,0,0
BRDA:137,7,1,4
BRDA:138,8,0,0
BRDA:138,8,1,4
BRDA:143,9,0,0
BRDA:143,9,1,4
BRDA:147,10,0,4
BRDA:147,10,1,0
BRDA:155,11,0,3
BRDA:155,11,1,1
BRDA:156,12,0,0
BRDA:156,12,1,1
BRDA:160,13,0,0
BRDA:160,13,1,1
BRDA:160,14,0,1
BRDA:160,14,1,0
BRDA:162,15,0,0
BRDA:162,15,1,0
BRDA:163,16,0,0
BRDA:163,16,1,0
BRDA:164,17,0,0
BRDA:164,17,1,0
BRDA:165,18,0,0
BRDA:165,18,1,0
BRDA:166,19,0,0
BRDA:166,19,1,0
BRF:40
BRH:15
end_of_record
TN:
SF:src\stores\material.ts
FN:7,(anonymous_0)
FN:15,(anonymous_1)
FN:24,(anonymous_2)
FN:37,(anonymous_3)
FN:47,(anonymous_4)
FN:60,(anonymous_5)
FN:73,(anonymous_6)
FN:86,(anonymous_7)
FN:91,(anonymous_8)
FN:98,(anonymous_9)
FNF:10
FNH:9
FNDA:10,(anonymous_0)
FNDA:5,(anonymous_1)
FNDA:7,(anonymous_2)
FNDA:2,(anonymous_3)
FNDA:2,(anonymous_4)
FNDA:1,(anonymous_5)
FNDA:1,(anonymous_6)
FNDA:1,(anonymous_7)
FNDA:1,(anonymous_8)
FNDA:0,(anonymous_9)
DA:7,1
DA:8,10
DA:9,10
DA:10,10
DA:11,10
DA:12,10
DA:13,10
DA:15,10
DA:16,5
DA:17,5
DA:18,5
DA:19,5
DA:24,7
DA:29,4
DA:31,1
DA:33,5
DA:37,10
DA:38,2
DA:39,2
DA:41,1
DA:43,1
DA:47,10
DA:48,2
DA:49,2
DA:50,2
DA:51,1
DA:52,1
DA:54,1
DA:56,2
DA:60,10
DA:61,1
DA:62,1
DA:63,1
DA:64,1
DA:65,1
DA:67,0
DA:69,1
DA:73,10
DA:74,1
DA:75,1
DA:76,1
DA:77,1
DA:78,1
DA:80,0
DA:82,1
DA:86,10
DA:87,1
DA:88,1
DA:91,10
DA:92,1
DA:96,10
DA:98,10
DA:99,0
DA:100,0
DA:101,0
DA:102,0
DA:104,0
DA:106,0
DA:108,0
DA:112,10
LF:60
LH:51
BRDA:20,0,0,5
BRDA:20,0,1,5
BRDA:54,1,0,1
BRDA:54,1,1,0
BRDA:67,2,0,0
BRDA:67,2,1,0
BRDA:80,3,0,0
BRDA:80,3,1,0
BRDA:99,4,0,0
BRDA:99,4,1,0
BRF:10
BRH:3
end_of_record
TN:
SF:src\stores\nutrition.ts
FN:6,(anonymous_0)
FN:13,(anonymous_1)
FN:27,(anonymous_2)
FN:39,(anonymous_3)
FN:52,(anonymous_4)
FN:64,(anonymous_5)
FN:74,(anonymous_6)
FN:84,(anonymous_7)
FN:94,(anonymous_8)
FNF:9
FNH:0
FNDA:0,(anonymous_0)
FNDA:0,(anonymous_1)
FNDA:0,(anonymous_2)
FNDA:0,(anonymous_3)
FNDA:0,(anonymous_4)
FNDA:0,(anonymous_5)
FNDA:0,(anonymous_6)
FNDA:0,(anonymous_7)
FNDA:0,(anonymous_8)
DA:6,0
DA:7,0
DA:8,0
DA:9,0
DA:10,0
DA:11,0
DA:13,0
DA:14,0
DA:15,0
DA:16,0
DA:18,0
DA:19,0
DA:21,0
DA:23,0
DA:27,0
DA:28,0
DA:29,0
DA:30,0
DA:31,0
DA:33,0
DA:35,0
DA:39,0
DA:40,0
DA:41,0
DA:42,0
DA:43,0
DA:44,0
DA:46,0
DA:48,0
DA:52,0
DA:53,0
DA:54,0
DA:55,0
DA:56,0
DA:58,0
DA:60,0
DA:64,0
DA:65,0
DA:66,0
DA:67,0
DA:68,0
DA:70,0
DA:74,0
DA:75,0
DA:76,0
DA:77,0
DA:78,0
DA:80,0
DA:84,0
DA:85,0
DA:86,0
DA:87,0
DA:88,0
DA:90,0
DA:94,0
DA:95,0
DA:96,0
DA:97,0
DA:98,0
DA:99,0
DA:101,0
DA:102,0
DA:104,0
DA:108,0
LF:64
LH:0
BRDA:21,0,0,0
BRDA:21,0,1,0
BRDA:33,1,0,0
BRDA:33,1,1,0
BRDA:46,2,0,0
BRDA:46,2,1,0
BRDA:70,3,0,0
BRDA:70,3,1,0
BRDA:80,4,0,0
BRDA:80,4,1,0
BRDA:90,5,0,0
BRDA:90,5,1,0
BRDA:102,6,0,0
BRDA:102,6,1,0
BRF:14
BRH:0
end_of_record
TN:
SF:src\stores\pagination.ts
FN:14,(anonymous_0)
FN:30,(anonymous_1)
FN:34,(anonymous_2)
FN:41,(anonymous_3)
FN:48,(anonymous_4)
FN:61,(anonymous_5)
FN:66,(anonymous_6)
FNF:7
FNH:6
FNDA:8,(anonymous_0)
FNDA:0,(anonymous_1)
FNDA:3,(anonymous_2)
FNDA:2,(anonymous_3)
FNDA:4,(anonymous_4)
FNDA:1,(anonymous_5)
FNDA:3,(anonymous_6)
DA:14,1
DA:15,8
DA:16,8
DA:17,8
DA:18,8
DA:19,8
DA:21,8
DA:22,8
DA:23,8
DA:26,8
DA:29,8
DA:30,8
DA:31,0
DA:34,8
DA:42,2
DA:43,1
DA:48,8
DA:54,4
DA:55,4
DA:56,4
DA:57,4
DA:58,4
DA:61,8
DA:62,1
DA:63,1
DA:66,8
DA:67,3
DA:68,3
DA:69,3
DA:72,8
LF:30
LH:29
BRDA:27,0,0,0
BRDA:27,0,1,8
BRDA:31,1,0,0
BRDA:31,1,1,0
BRDA:42,2,0,1
BRDA:42,2,1,1
BRDA:67,3,0,1
BRDA:67,3,1,2
BRDA:68,4,0,1
BRDA:68,4,1,2
BRDA:69,5,0,2
BRDA:69,5,1,1
BRF:12
BRH:9
end_of_record
TN:
SF:src\stores\salesman.ts
FN:7,(anonymous_0)
FN:16,(anonymous_1)
FN:26,(anonymous_2)
FN:39,(anonymous_3)
FN:49,(anonymous_4)
FN:62,(anonymous_5)
FN:75,(anonymous_6)
FN:88,(anonymous_7)
FN:93,(anonymous_8)
FN:98,(anonymous_9)
FNF:10
FNH:10
FNDA:10,(anonymous_0)
FNDA:5,(anonymous_1)
FNDA:4,(anonymous_2)
FNDA:2,(anonymous_3)
FNDA:1,(anonymous_4)
FNDA:1,(anonymous_5)
FNDA:1,(anonymous_6)
FNDA:1,(anonymous_7)
FNDA:1,(anonymous_8)
FNDA:1,(anonymous_9)
DA:7,1
DA:8,10
DA:9,10
DA:10,10
DA:11,10
DA:12,10
DA:13,10
DA:14,10
DA:16,10
DA:17,5
DA:18,5
DA:19,5
DA:26,4
DA:31,4
DA:33,1
DA:35,5
DA:39,10
DA:40,2
DA:41,2
DA:43,1
DA:45,1
DA:49,10
DA:50,1
DA:51,1
DA:52,1
DA:53,1
DA:54,1
DA:56,0
DA:58,1
DA:62,10
DA:63,1
DA:64,1
DA:65,1
DA:66,1
DA:67,1
DA:69,0
DA:71,1
DA:75,10
DA:76,1
DA:77,1
DA:78,1
DA:79,1
DA:80,1
DA:82,0
DA:84,1
DA:88,10
DA:89,1
DA:90,1
DA:93,10
DA:94,1
DA:95,1
DA:98,10
DA:99,1
DA:102,10
LF:54
LH:51
BRDA:20,0,0,5
BRDA:20,0,1,5
BRDA:21,1,0,5
BRDA:21,1,1,5
BRDA:56,2,0,0
BRDA:56,2,1,0
BRDA:69,3,0,0
BRDA:69,3,1,0
BRDA:82,4,0,0
BRDA:82,4,1,0
BRF:10
BRH:4
end_of_record
TN:
SF:src\stores\theme.ts
FN:14,(anonymous_0)
FN:27,(anonymous_1)
FN:32,(anonymous_2)
FN:37,(anonymous_3)
FN:40,(anonymous_4)
FN:47,(anonymous_5)
FN:54,(anonymous_6)
FN:63,(anonymous_7)
FN:67,(anonymous_8)
FN:73,(anonymous_9)
FN:82,(anonymous_10)
FN:93,(anonymous_11)
FN:99,(anonymous_12)
FN:103,(anonymous_13)
FN:108,(anonymous_14)
FN:115,(anonymous_15)
FN:122,(anonymous_16)
FNF:17
FNH:15
FNDA:8,(anonymous_0)
FNDA:12,(anonymous_1)
FNDA:2,(anonymous_2)
FNDA:13,(anonymous_3)
FNDA:0,(anonymous_4)
FNDA:13,(anonymous_5)
FNDA:5,(anonymous_6)
FNDA:8,(anonymous_7)
FNDA:0,(anonymous_8)
FNDA:4,(anonymous_9)
FNDA:4,(anonymous_10)
FNDA:1,(anonymous_11)
FNDA:4,(anonymous_12)
FNDA:1,(anonymous_13)
FNDA:4,(anonymous_14)
FNDA:4,(anonymous_15)
FNDA:1,(anonymous_16)
DA:8,1
DA:9,1
DA:12,1
DA:14,1
DA:16,8
DA:19,8
DA:24,8
DA:27,8
DA:28,12
DA:29,4
DA:32,8
DA:35,8
DA:37,8
DA:38,13
DA:39,13
DA:40,13
DA:41,0
DA:42,0
DA:47,8
DA:48,13
DA:49,13
DA:50,13
DA:54,8
DA:55,5
DA:56,5
DA:60,8
DA:61,8
DA:63,8
DA:64,8
DA:65,8
DA:66,8
DA:67,8
DA:68,0
DA:70,8
DA:73,8
DA:74,4
DA:75,4
DA:76,4
DA:77,4
DA:82,8
DA:83,4
DA:84,0
DA:86,4
DA:88,4
DA:89,4
DA:93,8
DA:94,1
DA:95,1
DA:99,8
DA:100,4
DA:103,8
DA:104,1
DA:108,8
DA:109,4
DA:110,4
DA:111,4
DA:115,8
DA:116,4
DA:117,4
DA:118,4
DA:122,8
DA:123,1
DA:127,8
DA:128,8
DA:130,8
DA:132,8
LF:66
LH:62
BRDA:12,0,0,1
BRDA:12,0,1,1
BRDA:17,1,0,8
BRDA:17,1,1,8
BRDA:20,2,0,8
BRDA:20,2,1,8
BRDA:28,3,0,8
BRDA:28,3,1,4
BRDA:28,4,0,0
BRDA:28,4,1,8
BRDA:39,5,0,5
BRDA:39,5,1,8
BRDA:64,6,0,0
BRDA:64,6,1,8
BRDA:74,7,0,4
BRDA:74,7,1,0
BRDA:74,8,0,4
BRDA:74,8,1,4
BRDA:83,9,0,0
BRDA:83,9,1,4
BRDA:127,10,0,8
BRDA:127,10,1,0
BRF:22
BRH:17
end_of_record
TN:
SF:src\stores\version.ts
FN:6,(anonymous_0)
FN:12,(anonymous_1)
FN:26,(anonymous_2)
FN:36,(anonymous_3)
FN:49,(anonymous_4)
FN:61,(anonymous_5)
FNF:6
FNH:0
FNDA:0,(anonymous_0)
FNDA:0,(anonymous_1)
FNDA:0,(anonymous_2)
FNDA:0,(anonymous_3)
FNDA:0,(anonymous_4)
FNDA:0,(anonymous_5)
DA:6,0
DA:7,0
DA:8,0
DA:9,0
DA:10,0
DA:12,0
DA:13,0
DA:14,0
DA:15,0
DA:17,0
DA:19,0
DA:20,0
DA:22,0
DA:26,0
DA:27,0
DA:28,0
DA:30,0
DA:32,0
DA:36,0
DA:37,0
DA:38,0
DA:39,0
DA:40,0
DA:41,0
DA:43,0
DA:45,0
DA:49,0
DA:50,0
DA:51,0
DA:52,0
DA:53,0
DA:55,0
DA:57,0
DA:61,0
DA:62,0
DA:63,0
DA:64,0
DA:65,0
DA:66,0
DA:68,0
DA:69,0
DA:71,0
DA:75,0
LF:43
LH:0
BRDA:17,0,0,0
BRDA:17,0,1,0
BRDA:41,1,0,0
BRDA:41,1,1,0
BRDA:43,2,0,0
BRDA:43,2,1,0
BRDA:55,3,0,0
BRDA:55,3,1,0
BRDA:65,4,0,0
BRDA:65,4,1,0
BRDA:66,5,0,0
BRDA:66,5,1,0
BRDA:69,6,0,0
BRDA:69,6,1,0
BRF:14
BRH:0
end_of_record
TN:
SF:src\stores\weather.ts
FN:23,(anonymous_0)
FN:36,(anonymous_1)
FN:37,(anonymous_2)
FN:38,(anonymous_3)
FN:40,(anonymous_4)
FN:52,(anonymous_5)
FN:53,(anonymous_6)
FN:54,(anonymous_7)
FN:55,(anonymous_8)
FN:56,(anonymous_9)
FN:57,(anonymous_10)
FN:58,(anonymous_11)
FN:59,(anonymous_12)
FN:64,getWeather
FN:105,refresh
FN:113,searchAndFetchWeather
FN:130,selectCity
FN:137,clearSearch
FN:142,autoLocate
FN:171,locateByAmap
FN:208,locateByIpApi
FN:217,(anonymous_21)
FN:267,fallbackToDefaultCity
FN:290,persistCity
FN:294,getLastCity
FN:299,init
FNF:26
FNH:0
FNDA:0,(anonymous_0)
FNDA:0,(anonymous_1)
FNDA:0,(anonymous_2)
FNDA:0,(anonymous_3)
FNDA:0,(anonymous_4)
FNDA:0,(anonymous_5)
FNDA:0,(anonymous_6)
FNDA:0,(anonymous_7)
FNDA:0,(anonymous_8)
FNDA:0,(anonymous_9)
FNDA:0,(anonymous_10)
FNDA:0,(anonymous_11)
FNDA:0,(anonymous_12)
FNDA:0,getWeather
FNDA:0,refresh
FNDA:0,searchAndFetchWeather
FNDA:0,selectCity
FNDA:0,clearSearch
FNDA:0,autoLocate
FNDA:0,locateByAmap
FNDA:0,locateByIpApi
FNDA:0,(anonymous_21)
FNDA:0,fallbackToDefaultCity
FNDA:0,persistCity
FNDA:0,getLastCity
FNDA:0,init
DA:10,0
DA:11,0
DA:12,0
DA:13,0
DA:16,0
DA:23,0
DA:25,0
DA:26,0
DA:27,0
DA:28,0
DA:29,0
DA:30,0
DA:33,0
DA:36,0
DA:37,0
DA:38,0
DA:40,0
DA:41,0
DA:42,0
DA:43,0
DA:44,0
DA:45,0
DA:46,0
DA:47,0
DA:48,0
DA:49,0
DA:50,0
DA:52,0
DA:53,0
DA:54,0
DA:55,0
DA:56,0
DA:57,0
DA:58,0
DA:59,0
DA:65,0
DA:67,0
DA:68,0
DA:70,0
DA:71,0
DA:73,0
DA:74,0
DA:77,0
DA:78,0
DA:79,0
DA:81,0
DA:82,0
DA:83,0
DA:85,0
DA:86,0
DA:88,0
DA:89,0
DA:90,0
DA:92,0
DA:95,0
DA:97,0
DA:102,0
DA:106,0
DA:107,0
DA:108,0
DA:109,0
DA:114,0
DA:115,0
DA:116,0
DA:117,0
DA:118,0
DA:119,0
DA:120,0
DA:123,0
DA:125,0
DA:131,0
DA:132,0
DA:133,0
DA:138,0
DA:143,0
DA:144,0
DA:146,0
DA:147,0
DA:148,0
DA:149,0
DA:150,0
DA:152,0
DA:156,0
DA:157,0
DA:158,0
DA:160,0
DA:163,0
DA:164,0
DA:166,0
DA:172,0
DA:173,0
DA:175,0
DA:176,0
DA:178,0
DA:179,0
DA:181,0
DA:182,0
DA:185,0
DA:188,0
DA:190,0
DA:191,0
DA:192,0
DA:193,0
DA:195,0
DA:196,0
DA:198,0
DA:199,0
DA:201,0
DA:202,0
DA:203,0
DA:204,0
DA:209,0
DA:210,0
DA:212,0
DA:213,0
DA:214,0
DA:215,0
DA:216,0
DA:217,0
DA:218,0
DA:220,0
DA:223,0
DA:224,0
DA:226,0
DA:227,0
DA:228,0
DA:229,0
DA:231,0
DA:233,0
DA:234,0
DA:235,0
DA:236,0
DA:238,0
DA:239,0
DA:240,0
DA:241,0
DA:242,0
DA:243,0
DA:247,0
DA:248,0
DA:249,0
DA:250,0
DA:251,0
DA:254,0
DA:255,0
DA:256,0
DA:257,0
DA:259,0
DA:260,0
DA:263,0
DA:268,0
DA:269,0
DA:270,0
DA:271,0
DA:272,0
DA:273,0
DA:274,0
DA:275,0
DA:278,0
DA:280,0
DA:281,0
DA:282,0
DA:283,0
DA:285,0
DA:291,0
DA:295,0
DA:300,0
DA:301,0
DA:303,0
DA:304,0
DA:305,0
DA:306,0
DA:307,0
DA:308,0
DA:311,0
DA:315,0
DA:316,0
DA:317,0
DA:319,0
DA:322,0
DA:323,0
DA:325,0
DA:330,0
LF:183
LH:0
BRDA:16,0,0,0
BRDA:16,0,1,0
BRDA:36,1,0,0
BRDA:36,1,1,0
BRDA:37,2,0,0
BRDA:37,2,1,0
BRDA:38,3,0,0
BRDA:38,3,1,0
BRDA:41,4,0,0
BRDA:41,4,1,0
BRDA:42,5,0,0
BRDA:42,5,1,0
BRDA:43,6,0,0
BRDA:43,6,1,0
BRDA:44,7,0,0
BRDA:44,7,1,0
BRDA:45,8,0,0
BRDA:45,8,1,0
BRDA:47,9,0,0
BRDA:47,9,1,0
BRDA:49,10,0,0
BRDA:49,10,1,0
BRDA:52,11,0,0
BRDA:52,11,1,0
BRDA:53,12,0,0
BRDA:53,12,1,0
BRDA:54,13,0,0
BRDA:54,13,1,0
BRDA:55,14,0,0
BRDA:55,14,1,0
BRDA:56,15,0,0
BRDA:56,15,1,0
BRDA:57,16,0,0
BRDA:57,16,1,0
BRDA:58,17,0,0
BRDA:58,17,1,0
BRDA:67,18,0,0
BRDA:67,18,1,0
BRDA:67,19,0,0
BRDA:67,19,1,0
BRDA:67,19,2,0
BRDA:70,20,0,0
BRDA:70,20,1,0
BRDA:70,21,0,0
BRDA:70,21,1,0
BRDA:83,22,0,0
BRDA:83,22,1,0
BRDA:85,23,0,0
BRDA:85,23,1,0
BRDA:85,24,0,0
BRDA:85,24,1,0
BRDA:106,25,0,0
BRDA:106,25,1,0
BRDA:118,26,0,0
BRDA:118,26,1,0
BRDA:147,27,0,0
BRDA:147,27,1,0
BRDA:150,28,0,0
BRDA:150,28,1,0
BRDA:158,29,0,0
BRDA:158,29,1,0
BRDA:163,30,0,0
BRDA:163,30,1,0
BRDA:163,31,0,0
BRDA:163,31,1,0
BRDA:173,32,0,0
BRDA:173,32,1,0
BRDA:176,33,0,0
BRDA:176,33,1,0
BRDA:179,34,0,0
BRDA:179,34,1,0
BRDA:181,35,0,0
BRDA:181,35,1,0
BRDA:181,36,0,0
BRDA:181,36,1,0
BRDA:181,37,0,0
BRDA:181,37,1,0
BRDA:182,38,0,0
BRDA:182,38,1,0
BRDA:182,39,0,0
BRDA:182,39,1,0
BRDA:182,40,0,0
BRDA:182,40,1,0
BRDA:185,41,0,0
BRDA:185,41,1,0
BRDA:185,41,2,0
BRDA:185,41,3,0
BRDA:185,41,4,0
BRDA:188,42,0,0
BRDA:188,42,1,0
BRDA:190,43,0,0
BRDA:190,43,1,0
BRDA:190,44,0,0
BRDA:190,44,1,0
BRDA:191,45,0,0
BRDA:191,45,1,0
BRDA:191,46,0,0
BRDA:191,46,1,0
BRDA:195,47,0,0
BRDA:195,47,1,0
BRDA:195,48,0,0
BRDA:195,48,1,0
BRDA:195,48,2,0
BRDA:195,49,0,0
BRDA:195,49,1,0
BRDA:196,50,0,0
BRDA:196,50,1,0
BRDA:199,51,0,0
BRDA:199,51,1,0
BRDA:215,52,0,0
BRDA:215,52,1,0
BRDA:216,53,0,0
BRDA:216,53,1,0
BRDA:216,54,0,0
BRDA:216,54,1,0
BRDA:224,55,0,0
BRDA:224,55,1,0
BRDA:224,56,0,0
BRDA:224,56,1,0
BRDA:228,57,0,0
BRDA:228,57,1,0
BRDA:228,57,2,0
BRDA:228,57,3,0
BRDA:229,58,0,0
BRDA:229,58,1,0
BRDA:231,59,0,0
BRDA:231,59,1,0
BRDA:231,60,0,0
BRDA:231,60,1,0
BRDA:234,61,0,0
BRDA:234,61,1,0
BRDA:234,62,0,0
BRDA:234,62,1,0
BRDA:234,62,2,0
BRDA:235,63,0,0
BRDA:235,63,1,0
BRDA:236,64,0,0
BRDA:236,64,1,0
BRDA:238,65,0,0
BRDA:238,65,1,0
BRDA:240,66,0,0
BRDA:240,66,1,0
BRDA:248,67,0,0
BRDA:248,67,1,0
BRDA:248,68,0,0
BRDA:248,68,1,0
BRDA:259,69,0,0
BRDA:259,69,1,0
BRDA:271,70,0,0
BRDA:271,70,1,0
BRDA:303,71,0,0
BRDA:303,71,1,0
BRDA:306,72,0,0
BRDA:306,72,1,0
BRDA:315,73,0,0
BRDA:315,73,1,0
BRF:156
BRH:0
end_of_record
TN:
SF:src\utils\mockData.ts
FN:48,randomInt
FN:55,randomPick
FN:62,shuffle
FN:74,randomPickMultiple
FN:81,generateChineseName
FN:93,generatePhone
FN:103,generateEmail
FN:113,generateAddress
FN:126,generateUsername
FN:133,generateMaterialCode
FN:140,generateMaterialName
FN:151,generateFormulaName
FN:162,generateDescription
FN:181,generateStock
FN:189,generateQuantity
FNF:15
FNH:0
FNDA:0,randomInt
FNDA:0,randomPick
FNDA:0,shuffle
FNDA:0,randomPickMultiple
FNDA:0,generateChineseName
FNDA:0,generatePhone
FNDA:0,generateEmail
FNDA:0,generateAddress
FNDA:0,generateUsername
FNDA:0,generateMaterialCode
FNDA:0,generateMaterialName
FNDA:0,generateFormulaName
FNDA:0,generateDescription
FNDA:0,generateStock
FNDA:0,generateQuantity
DA:7,0
DA:13,0
DA:20,0
DA:26,0
DA:29,0
DA:35,0
DA:41,0
DA:49,0
DA:56,0
DA:63,0
DA:64,0
DA:65,0
DA:66,0
DA:68,0
DA:75,0
DA:82,0
DA:83,0
DA:85,0
DA:86,0
DA:87,0
DA:94,0
DA:95,0
DA:96,0
DA:97,0
DA:104,0
DA:105,0
DA:106,0
DA:107,0
DA:114,0
DA:115,0
DA:116,0
DA:117,0
DA:118,0
DA:119,0
DA:120,0
DA:127,0
DA:134,0
DA:141,0
DA:142,0
DA:143,0
DA:144,0
DA:145,0
DA:152,0
DA:153,0
DA:154,0
DA:155,0
DA:156,0
DA:163,0
DA:175,0
DA:183,0
DA:190,0
LF:51
LH:0
BRDA:86,0,0,0
BRDA:86,0,1,0
BRDA:183,1,0,0
BRDA:183,1,1,0
BRF:4
BRH:0
end_of_record
TN:
SF:src\utils\timeFormat.ts
FN:10,formatTimestamp
FN:14,(anonymous_1)
FN:21,getTimestamp
FNF:3
FNH:3
FNDA:37,formatTimestamp
FNDA:165,(anonymous_1)
FNDA:1,getTimestamp
DA:11,37
DA:12,34
DA:13,34
DA:14,165
DA:15,33
DA:22,1
LF:6
LH:6
BRDA:11,0,0,3
BRDA:11,0,1,34
BRDA:13,1,0,1
BRDA:13,1,1,33
BRF:4
BRH:4
end_of_record
TN:
SF:src\views\Home.vue
FN:335,(anonymous_0)
FN:351,(anonymous_1)
FN:366,(anonymous_2)
FN:372,(anonymous_3)
FN:378,(anonymous_4)
FN:397,(anonymous_5)
FN:417,(anonymous_6)
FN:451,(anonymous_7)
FN:472,(anonymous_8)
FN:477,(anonymous_9)
FN:485,(anonymous_10)
FN:488,(anonymous_11)
FN:493,(anonymous_12)
FN:542,(anonymous_13)
FN:561,(anonymous_14)
FN:561,(anonymous_15)
FN:577,(anonymous_16)
FN:583,(anonymous_17)
FN:587,(anonymous_18)
FN:591,(anonymous_19)
FN:609,(anonymous_20)
FN:615,(anonymous_21)
FN:621,(anonymous_22)
FN:637,(anonymous_23)
FN:642,(anonymous_24)
FN:649,(anonymous_25)
FN:662,(anonymous_26)
FN:669,(anonymous_27)
FN:674,(anonymous_28)
FN:679,(anonymous_29)
FN:684,(anonymous_30)
FN:697,(anonymous_31)
FN:725,(anonymous_32)
FN:733,(anonymous_33)
FN:741,(anonymous_34)
FN:746,(anonymous_35)
FN:752,(anonymous_36)
FN:757,(anonymous_37)
FN:7,(anonymous_38)
FN:83,(anonymous_39)
FN:85,(anonymous_40)
FN:86,(anonymous_41)
FN:108,(anonymous_42)
FN:109,(anonymous_43)
FN:120,(anonymous_44)
FN:120,(anonymous_45)
FN:138,(anonymous_46)
FN:138,(anonymous_47)
FN:139,(anonymous_48)
FN:140,(anonymous_49)
FN:143,(anonymous_50)
FN:185,(anonymous_51)
FN:199,(anonymous_52)
FN:201,(anonymous_53)
FN:202,(anonymous_54)
FN:218,(anonymous_55)
FN:219,(anonymous_56)
FN:221,(anonymous_57)
FN:222,(anonymous_58)
FN:209,(anonymous_59)
FN:246,(anonymous_60)
FN:247,(anonymous_61)
FN:249,(anonymous_62)
FN:250,(anonymous_63)
FN:237,(anonymous_64)
FN:264,(anonymous_65)
FN:265,(anonymous_66)
FN:272,(anonymous_67)
FN:272,(anonymous_68)
FN:186,(anonymous_69)
FN:187,(anonymous_70)
FN:286,(anonymous_71)
FN:287,(anonymous_72)
FNF:73
FNH:0
FNDA:0,(anonymous_0)
FNDA:0,(anonymous_1)
FNDA:0,(anonymous_2)
FNDA:0,(anonymous_3)
FNDA:0,(anonymous_4)
FNDA:0,(anonymous_5)
FNDA:0,(anonymous_6)
FNDA:0,(anonymous_7)
FNDA:0,(anonymous_8)
FNDA:0,(anonymous_9)
FNDA:0,(anonymous_10)
FNDA:0,(anonymous_11)
FNDA:0,(anonymous_12)
FNDA:0,(anonymous_13)
FNDA:0,(anonymous_14)
FNDA:0,(anonymous_15)
FNDA:0,(anonymous_16)
FNDA:0,(anonymous_17)
FNDA:0,(anonymous_18)
FNDA:0,(anonymous_19)
FNDA:0,(anonymous_20)
FNDA:0,(anonymous_21)
FNDA:0,(anonymous_22)
FNDA:0,(anonymous_23)
FNDA:0,(anonymous_24)
FNDA:0,(anonymous_25)
FNDA:0,(anonymous_26)
FNDA:0,(anonymous_27)
FNDA:0,(anonymous_28)
FNDA:0,(anonymous_29)
FNDA:0,(anonymous_30)
FNDA:0,(anonymous_31)
FNDA:0,(anonymous_32)
FNDA:0,(anonymous_33)
FNDA:0,(anonymous_34)
FNDA:0,(anonymous_35)
FNDA:0,(anonymous_36)
FNDA:0,(anonymous_37)
FNDA:0,(anonymous_38)
FNDA:0,(anonymous_39)
FNDA:0,(anonymous_40)
FNDA:0,(anonymous_41)
FNDA:0,(anonymous_42)
FNDA:0,(anonymous_43)
FNDA:0,(anonymous_44)
FNDA:0,(anonymous_45)
FNDA:0,(anonymous_46)
FNDA:0,(anonymous_47)
FNDA:0,(anonymous_48)
FNDA:0,(anonymous_49)
FNDA:0,(anonymous_50)
FNDA:0,(anonymous_51)
FNDA:0,(anonymous_52)
FNDA:0,(anonymous_53)
FNDA:0,(anonymous_54)
FNDA:0,(anonymous_55)
FNDA:0,(anonymous_56)
FNDA:0,(anonymous_57)
FNDA:0,(anonymous_58)
FNDA:0,(anonymous_59)
FNDA:0,(anonymous_60)
FNDA:0,(anonymous_61)
FNDA:0,(anonymous_62)
FNDA:0,(anonymous_63)
FNDA:0,(anonymous_64)
FNDA:0,(anonymous_65)
FNDA:0,(anonymous_66)
FNDA:0,(anonymous_67)
FNDA:0,(anonymous_68)
FNDA:0,(anonymous_69)
FNDA:0,(anonymous_70)
FNDA:0,(anonymous_71)
FNDA:0,(anonymous_72)
DA:2,0
DA:7,0
DA:29,0
DA:35,0
DA:36,0
DA:38,0
DA:39,0
DA:40,0
DA:43,0
DA:49,0
DA:50,0
DA:51,0
DA:63,0
DA:83,0
DA:85,0
DA:86,0
DA:89,0
DA:101,0
DA:107,0
DA:108,0
DA:109,0
DA:110,0
DA:111,0
DA:118,0
DA:120,0
DA:121,0
DA:130,0
DA:136,0
DA:138,0
DA:139,0
DA:140,0
DA:144,0
DA:149,0
DA:185,0
DA:187,0
DA:188,0
DA:192,0
DA:197,0
DA:201,0
DA:202,0
DA:216,0
DA:219,0
DA:221,0
DA:222,0
DA:231,0
DA:244,0
DA:247,0
DA:249,0
DA:250,0
DA:259,0
DA:264,0
DA:265,0
DA:272,0
DA:276,0
DA:284,0
DA:285,0
DA:287,0
DA:309,0
DA:310,0
DA:311,0
DA:312,0
DA:313,0
DA:314,0
DA:315,0
DA:316,0
DA:319,0
DA:326,0
DA:332,0
DA:333,0
DA:334,0
DA:335,0
DA:336,0
DA:338,0
DA:342,0
DA:343,0
DA:346,0
DA:347,0
DA:351,0
DA:352,0
DA:353,0
DA:357,0
DA:359,0
DA:366,0
DA:367,0
DA:368,0
DA:372,0
DA:373,0
DA:374,0
DA:378,0
DA:379,0
DA:380,0
DA:382,0
DA:383,0
DA:385,0
DA:386,0
DA:388,0
DA:389,0
DA:397,0
DA:398,0
DA:408,0
DA:409,0
DA:410,0
DA:412,0
DA:413,0
DA:417,0
DA:418,0
DA:427,0
DA:428,0
DA:429,0
DA:431,0
DA:435,0
DA:446,0
DA:447,0
DA:448,0
DA:451,0
DA:452,0
DA:453,0
DA:454,0
DA:464,0
DA:465,0
DA:467,0
DA:468,0
DA:472,0
DA:473,0
DA:477,0
DA:478,0
DA:479,0
DA:480,0
DA:485,0
DA:486,0
DA:488,0
DA:489,0
DA:493,0
DA:494,0
DA:495,0
DA:498,0
DA:502,0
DA:506,0
DA:516,0
DA:525,0
DA:526,0
DA:532,0
DA:533,0
DA:539,0
DA:540,0
DA:541,0
DA:542,0
DA:544,0
DA:548,0
DA:549,0
DA:551,0
DA:552,0
DA:556,0
DA:560,0
DA:561,0
DA:562,0
DA:564,0
DA:565,0
DA:566,0
DA:567,0
DA:568,0
DA:569,0
DA:570,0
DA:572,0
DA:577,0
DA:578,0
DA:579,0
DA:583,0
DA:584,0
DA:585,0
DA:587,0
DA:591,0
DA:592,0
DA:593,0
DA:594,0
DA:595,0
DA:596,0
DA:597,0
DA:598,0
DA:599,0
DA:600,0
DA:601,0
DA:602,0
DA:603,0
DA:604,0
DA:609,0
DA:611,0
DA:615,0
DA:616,0
DA:617,0
DA:621,0
DA:622,0
DA:623,0
DA:624,0
DA:625,0
DA:626,0
DA:627,0
DA:628,0
DA:629,0
DA:630,0
DA:632,0
DA:637,0
DA:638,0
DA:642,0
DA:643,0
DA:644,0
DA:645,0
DA:649,0
DA:650,0
DA:654,0
DA:655,0
DA:656,0
DA:662,0
DA:663,0
DA:664,0
DA:669,0
DA:670,0
DA:671,0
DA:674,0
DA:675,0
DA:676,0
DA:679,0
DA:680,0
DA:684,0
DA:685,0
DA:686,0
DA:687,0
DA:688,0
DA:689,0
DA:690,0
DA:691,0
DA:697,0
DA:698,0
DA:701,0
DA:702,0
DA:703,0
DA:706,0
DA:707,0
DA:708,0
DA:711,0
DA:712,0
DA:713,0
DA:715,0
DA:716,0
DA:717,0
DA:719,0
DA:720,0
DA:721,0
DA:725,0
DA:726,0
DA:727,0
DA:728,0
DA:729,0
DA:730,0
DA:733,0
DA:734,0
DA:735,0
DA:736,0
DA:737,0
DA:738,0
DA:741,0
DA:742,0
DA:743,0
DA:746,0
DA:747,0
DA:748,0
DA:749,0
DA:752,0
DA:753,0
DA:754,0
DA:757,0
DA:758,0
DA:759,0
DA:760,0
LF:274
LH:0
BRDA:343,0,0,0
BRDA:343,0,1,0
BRDA:343,1,0,0
BRDA:343,1,1,0
BRDA:346,2,0,0
BRDA:346,2,1,0
BRDA:352,3,0,0
BRDA:352,3,1,0
BRDA:380,4,0,0
BRDA:380,4,1,0
BRDA:380,4,2,0
BRDA:408,5,0,0
BRDA:408,5,1,0
BRDA:410,6,0,0
BRDA:410,6,1,0
BRDA:412,7,0,0
BRDA:412,7,1,0
BRDA:427,8,0,0
BRDA:427,8,1,0
BRDA:429,9,0,0
BRDA:429,9,1,0
BRDA:453,10,0,0
BRDA:453,10,1,0
BRDA:465,11,0,0
BRDA:465,11,1,0
BRDA:465,12,0,0
BRDA:465,12,1,0
BRDA:467,13,0,0
BRDA:467,13,1,0
BRDA:479,14,0,0
BRDA:479,14,1,0
BRDA:502,15,0,0
BRDA:502,15,1,0
BRDA:525,16,0,0
BRDA:525,16,1,0
BRDA:532,17,0,0
BRDA:532,17,1,0
BRDA:539,18,0,0
BRDA:539,18,1,0
BRDA:541,19,0,0
BRDA:541,19,1,0
BRDA:542,20,0,0
BRDA:542,20,1,0
BRDA:544,21,0,0
BRDA:544,21,1,0
BRDA:549,22,0,0
BRDA:549,22,1,0
BRDA:549,23,0,0
BRDA:549,23,1,0
BRDA:551,24,0,0
BRDA:551,24,1,0
BRDA:551,25,0,0
BRDA:551,25,1,0
BRDA:562,26,0,0
BRDA:562,26,1,0
BRDA:567,27,0,0
BRDA:567,27,1,0
BRDA:567,28,0,0
BRDA:567,28,1,0
BRDA:569,29,0,0
BRDA:569,29,1,0
BRDA:569,30,0,0
BRDA:569,30,1,0
BRDA:579,31,0,0
BRDA:579,31,1,0
BRDA:593,32,0,0
BRDA:593,32,1,0
BRDA:595,33,0,0
BRDA:595,33,1,0
BRDA:597,34,0,0
BRDA:597,34,1,0
BRDA:599,35,0,0
BRDA:599,35,1,0
BRDA:601,36,0,0
BRDA:601,36,1,0
BRDA:603,37,0,0
BRDA:603,37,1,0
BRDA:616,38,0,0
BRDA:616,38,1,0
BRDA:616,39,0,0
BRDA:616,39,1,0
BRDA:623,40,0,0
BRDA:623,40,1,0
BRDA:625,41,0,0
BRDA:625,41,1,0
BRDA:625,42,0,0
BRDA:625,42,1,0
BRDA:627,43,0,0
BRDA:627,43,1,0
BRDA:629,44,0,0
BRDA:629,44,1,0
BRDA:629,45,0,0
BRDA:629,45,1,0
BRDA:663,46,0,0
BRDA:663,46,1,0
BRDA:664,47,0,0
BRDA:664,47,1,0
BRDA:664,47,2,0
BRDA:698,48,0,0
BRDA:698,48,1,0
BRDA:698,48,2,0
BRDA:698,48,3,0
BRDA:698,48,4,0
BRDA:698,48,5,0
BRDA:698,48,6,0
BRDA:698,48,7,0
BRDA:727,49,0,0
BRDA:727,49,1,0
BRDA:735,50,0,0
BRDA:735,50,1,0
BRDA:758,51,0,0
BRDA:758,51,1,0
BRDA:758,52,0,0
BRDA:758,52,1,0
BRDA:3,53,0,0
BRDA:3,53,1,0
BRDA:7,54,0,0
BRDA:7,54,1,0
BRDA:44,55,0,0
BRDA:44,55,1,0
BRDA:44,56,0,0
BRDA:44,56,1,0
BRDA:53,57,0,0
BRDA:53,57,1,0
BRDA:54,58,0,0
BRDA:54,58,1,0
BRDA:74,59,0,0
BRDA:74,59,1,0
BRDA:82,60,0,0
BRDA:82,60,1,0
BRDA:84,61,0,0
BRDA:84,61,1,0
BRDA:85,62,0,0
BRDA:85,62,1,0
BRDA:94,63,0,0
BRDA:94,63,1,0
BRDA:100,64,0,0
BRDA:100,65,0,0
BRDA:100,65,1,0
BRDA:106,66,0,0
BRDA:106,66,1,0
BRDA:102,67,0,0
BRDA:102,67,1,0
BRDA:110,68,0,0
BRDA:110,68,1,0
BRDA:111,69,0,0
BRDA:111,69,1,0
BRDA:121,70,0,0
BRDA:121,70,1,0
BRDA:128,71,0,0
BRDA:139,72,0,0
BRDA:139,72,1,0
BRDA:143,73,0,0
BRDA:143,73,1,0
BRDA:152,74,0,0
BRDA:152,74,1,0
BRDA:159,75,0,0
BRDA:159,75,1,0
BRDA:166,76,0,0
BRDA:166,76,1,0
BRDA:174,77,0,0
BRDA:174,77,1,0
BRDA:185,78,0,0
BRDA:185,78,1,0
BRDA:201,79,0,0
BRDA:201,79,1,0
BRDA:202,80,0,0
BRDA:202,80,1,0
BRDA:204,81,0,0
BRDA:204,81,1,0
BRDA:225,82,0,0
BRDA:225,82,1,0
BRDA:229,83,0,0
BRDA:229,83,1,0
BRDA:211,84,0,0
BRDA:211,84,1,0
BRDA:211,85,0,0
BRDA:211,85,1,0
BRDA:253,86,0,0
BRDA:253,86,1,0
BRDA:257,87,0,0
BRDA:257,87,1,0
BRDA:239,88,0,0
BRDA:239,88,1,0
BRDA:239,89,0,0
BRDA:239,89,1,0
BRDA:264,90,0,0
BRDA:264,90,1,0
BRDA:265,91,0,0
BRDA:265,91,1,0
BRDA:267,92,0,0
BRDA:267,92,1,0
BRDA:272,93,0,0
BRDA:272,93,1,0
BRDA:272,94,0,0
BRDA:272,94,1,0
BRDA:274,95,0,0
BRDA:274,95,1,0
BRDA:187,96,0,0
BRDA:187,96,1,0
BRDA:189,97,0,0
BRDA:189,97,1,0
BRDA:190,98,0,0
BRDA:190,98,1,0
BRDA:192,99,0,0
BRDA:192,99,1,0
BRDA:192,100,0,0
BRDA:192,100,1,0
BRDA:287,101,0,0
BRDA:287,101,1,0
BRF:210
BRH:0
end_of_record
TN:
SF:src\views\Tools.vue
FN:204,(anonymous_0)
FN:209,handleSearch
FN:216,(anonymous_2)
FN:221,handleClearSearch
FN:226,handleSelectCity
FN:231,formatTime
FN:5,(anonymous_6)
FN:5,(anonymous_7)
FN:31,(anonymous_8)
FN:40,(anonymous_9)
FN:47,(anonymous_10)
FN:52,(anonymous_11)
FN:55,(anonymous_12)
FN:71,(anonymous_13)
FN:74,(anonymous_14)
FN:92,(anonymous_15)
FN:94,(anonymous_16)
FNF:17
FNH:0
FNDA:0,(anonymous_0)
FNDA:0,handleSearch
FNDA:0,(anonymous_2)
FNDA:0,handleClearSearch
FNDA:0,handleSelectCity
FNDA:0,formatTime
FNDA:0,(anonymous_6)
FNDA:0,(anonymous_7)
FNDA:0,(anonymous_8)
FNDA:0,(anonymous_9)
FNDA:0,(anonymous_10)
FNDA:0,(anonymous_11)
FNDA:0,(anonymous_12)
FNDA:0,(anonymous_13)
FNDA:0,(anonymous_14)
FNDA:0,(anonymous_15)
FNDA:0,(anonymous_16)
DA:2,0
DA:4,0
DA:5,0
DA:9,0
DA:10,0
DA:11,0
DA:22,0
DA:23,0
DA:24,0
DA:29,0
DA:31,0
DA:43,0
DA:52,0
DA:61,0
DA:63,0
DA:70,0
DA:74,0
DA:76,0
DA:77,0
DA:92,0
DA:94,0
DA:98,0
DA:99,0
DA:100,0
DA:101,0
DA:102,0
DA:103,0
DA:105,0
DA:111,0
DA:112,0
DA:114,0
DA:116,0
DA:118,0
DA:120,0
DA:122,0
DA:124,0
DA:126,0
DA:155,0
DA:156,0
DA:157,0
DA:159,0
DA:204,0
DA:205,0
DA:210,0
DA:211,0
DA:212,0
DA:213,0
DA:215,0
DA:216,0
DA:217,0
DA:222,0
DA:223,0
DA:227,0
DA:228,0
DA:232,0
DA:233,0
DA:234,0
DA:235,0
DA:236,0
DA:237,0
DA:239,0
LF:61
LH:0
BRDA:211,0,0,0
BRDA:211,0,1,0
BRDA:215,1,0,0
BRDA:215,1,1,0
BRDA:232,2,0,0
BRDA:232,2,1,0
BRDA:13,3,0,0
BRDA:13,3,1,0
BRDA:66,4,0,0
BRDA:66,4,1,0
BRDA:31,5,0,0
BRDA:31,5,1,0
BRDA:43,6,0,0
BRDA:43,6,1,0
BRDA:52,7,0,0
BRDA:52,7,1,0
BRDA:61,8,0,0
BRDA:61,8,1,0
BRDA:69,9,0,0
BRDA:82,10,0,0
BRDA:82,10,1,0
BRDA:88,11,0,0
BRDA:88,11,1,0
BRDA:89,12,0,0
BRDA:89,12,1,0
BRDA:92,13,0,0
BRDA:92,13,1,0
BRDA:98,14,0,0
BRDA:98,14,1,0
BRDA:102,15,0,0
BRDA:102,15,1,0
BRDA:106,16,0,0
BRDA:106,16,1,0
BRDA:115,17,0,0
BRDA:115,17,1,0
BRDA:119,18,0,0
BRDA:119,18,1,0
BRDA:123,19,0,0
BRDA:123,19,1,0
BRDA:127,20,0,0
BRDA:127,20,1,0
BRDA:131,21,0,0
BRDA:131,21,1,0
BRF:43
BRH:0
end_of_record
TN:
SF:src\views\ai\AiAssistant.vue
FN:369,(anonymous_0)
FN:375,(anonymous_1)
FN:424,(anonymous_2)
FN:436,(anonymous_3)
FN:447,(anonymous_4)
FN:451,(anonymous_5)
FN:455,(anonymous_6)
FN:467,(anonymous_7)
FN:474,(anonymous_8)
FN:478,(anonymous_9)
FN:485,(anonymous_10)
FN:494,(anonymous_11)
FN:496,(anonymous_12)
FN:502,(anonymous_13)
FN:507,(anonymous_14)
FN:519,(anonymous_15)
FN:526,(anonymous_16)
FN:556,(anonymous_17)
FN:568,(anonymous_18)
FN:573,(anonymous_19)
FN:576,(anonymous_20)
FN:584,(anonymous_21)
FN:643,(anonymous_22)
FN:649,(anonymous_23)
FN:659,(anonymous_24)
FN:660,(anonymous_25)
FN:664,(anonymous_26)
FN:665,(anonymous_27)
FN:667,(anonymous_28)
FN:683,(anonymous_29)
FN:683,(anonymous_30)
FN:694,(anonymous_31)
FN:694,(anonymous_32)
FN:705,(anonymous_33)
FN:705,(anonymous_34)
FN:716,(anonymous_35)
FN:716,(anonymous_36)
FN:727,(anonymous_37)
FN:4,(anonymous_38)
FN:19,(anonymous_39)
FN:21,(anonymous_40)
FN:32,(anonymous_41)
FN:33,(anonymous_42)
FN:36,(anonymous_43)
FN:60,(anonymous_44)
FN:61,(anonymous_45)
FN:61,(anonymous_46)
FN:72,(anonymous_47)
FN:136,(anonymous_48)
FN:189,(anonymous_49)
FN:189,(anonymous_50)
FN:190,(anonymous_51)
FN:197,(anonymous_52)
FN:208,(anonymous_53)
FN:223,(anonymous_54)
FN:224,(anonymous_55)
FN:224,(anonymous_56)
FN:240,(anonymous_57)
FN:264,(anonymous_58)
FN:265,(anonymous_59)
FN:265,(anonymous_60)
FN:301,(anonymous_61)
FN:318,(anonymous_62)
FNF:63
FNH:0
FNDA:0,(anonymous_0)
FNDA:0,(anonymous_1)
FNDA:0,(anonymous_2)
FNDA:0,(anonymous_3)
FNDA:0,(anonymous_4)
FNDA:0,(anonymous_5)
FNDA:0,(anonymous_6)
FNDA:0,(anonymous_7)
FNDA:0,(anonymous_8)
FNDA:0,(anonymous_9)
FNDA:0,(anonymous_10)
FNDA:0,(anonymous_11)
FNDA:0,(anonymous_12)
FNDA:0,(anonymous_13)
FNDA:0,(anonymous_14)
FNDA:0,(anonymous_15)
FNDA:0,(anonymous_16)
FNDA:0,(anonymous_17)
FNDA:0,(anonymous_18)
FNDA:0,(anonymous_19)
FNDA:0,(anonymous_20)
FNDA:0,(anonymous_21)
FNDA:0,(anonymous_22)
FNDA:0,(anonymous_23)
FNDA:0,(anonymous_24)
FNDA:0,(anonymous_25)
FNDA:0,(anonymous_26)
FNDA:0,(anonymous_27)
FNDA:0,(anonymous_28)
FNDA:0,(anonymous_29)
FNDA:0,(anonymous_30)
FNDA:0,(anonymous_31)
FNDA:0,(anonymous_32)
FNDA:0,(anonymous_33)
FNDA:0,(anonymous_34)
FNDA:0,(anonymous_35)
FNDA:0,(anonymous_36)
FNDA:0,(anonymous_37)
FNDA:0,(anonymous_38)
FNDA:0,(anonymous_39)
FNDA:0,(anonymous_40)
FNDA:0,(anonymous_41)
FNDA:0,(anonymous_42)
FNDA:0,(anonymous_43)
FNDA:0,(anonymous_44)
FNDA:0,(anonymous_45)
FNDA:0,(anonymous_46)
FNDA:0,(anonymous_47)
FNDA:0,(anonymous_48)
FNDA:0,(anonymous_49)
FNDA:0,(anonymous_50)
FNDA:0,(anonymous_51)
FNDA:0,(anonymous_52)
FNDA:0,(anonymous_53)
FNDA:0,(anonymous_54)
FNDA:0,(anonymous_55)
FNDA:0,(anonymous_56)
FNDA:0,(anonymous_57)
FNDA:0,(anonymous_58)
FNDA:0,(anonymous_59)
FNDA:0,(anonymous_60)
FNDA:0,(anonymous_61)
FNDA:0,(anonymous_62)
DA:2,0
DA:3,0
DA:4,0
DA:6,0
DA:13,0
DA:14,0
DA:19,0
DA:21,0
DA:28,0
DA:29,0
DA:30,0
DA:32,0
DA:33,0
DA:34,0
DA:36,0
DA:41,0
DA:56,0
DA:58,0
DA:59,0
DA:60,0
DA:61,0
DA:64,0
DA:68,0
DA:69,0
DA:70,0
DA:75,0
DA:82,0
DA:87,0
DA:94,0
DA:96,0
DA:126,0
DA:135,0
DA:136,0
DA:159,0
DA:160,0
DA:162,0
DA:166,0
DA:170,0
DA:174,0
DA:178,0
DA:182,0
DA:188,0
DA:189,0
DA:190,0
DA:199,0
DA:206,0
DA:207,0
DA:208,0
DA:221,0
DA:223,0
DA:224,0
DA:231,0
DA:232,0
DA:240,0
DA:243,0
DA:264,0
DA:265,0
DA:273,0
DA:274,0
DA:275,0
DA:283,0
DA:290,0
DA:300,0
DA:301,0
DA:306,0
DA:307,0
DA:309,0
DA:314,0
DA:315,0
DA:317,0
DA:318,0
DA:321,0
DA:327,0
DA:348,0
DA:349,0
DA:351,0
DA:352,0
DA:354,0
DA:366,0
DA:368,0
DA:369,0
DA:370,0
DA:371,0
DA:372,0
DA:375,0
DA:376,0
DA:379,0
DA:409,0
DA:424,0
DA:425,0
DA:426,0
DA:427,0
DA:428,0
DA:429,0
DA:430,0
DA:433,0
DA:436,0
DA:437,0
DA:438,0
DA:439,0
DA:440,0
DA:441,0
DA:444,0
DA:447,0
DA:448,0
DA:451,0
DA:452,0
DA:455,0
DA:456,0
DA:457,0
DA:458,0
DA:459,0
DA:460,0
DA:461,0
DA:465,0
DA:467,0
DA:468,0
DA:469,0
DA:470,0
DA:474,0
DA:475,0
DA:478,0
DA:479,0
DA:480,0
DA:481,0
DA:485,0
DA:486,0
DA:487,0
DA:488,0
DA:489,0
DA:491,0
DA:492,0
DA:493,0
DA:494,0
DA:495,0
DA:496,0
DA:497,0
DA:502,0
DA:503,0
DA:504,0
DA:507,0
DA:508,0
DA:509,0
DA:510,0
DA:512,0
DA:513,0
DA:514,0
DA:516,0
DA:519,0
DA:520,0
DA:521,0
DA:522,0
DA:526,0
DA:527,0
DA:528,0
DA:529,0
DA:538,0
DA:541,0
DA:548,0
DA:549,0
DA:556,0
DA:557,0
DA:558,0
DA:559,0
DA:561,0
DA:562,0
DA:563,0
DA:565,0
DA:568,0
DA:569,0
DA:570,0
DA:573,0
DA:574,0
DA:575,0
DA:576,0
DA:584,0
DA:585,0
DA:586,0
DA:587,0
DA:588,0
DA:590,0
DA:639,0
DA:640,0
DA:641,0
DA:643,0
DA:644,0
DA:645,0
DA:646,0
DA:649,0
DA:650,0
DA:651,0
DA:659,0
DA:660,0
DA:661,0
DA:662,0
DA:664,0
DA:665,0
DA:667,0
DA:668,0
DA:669,0
DA:670,0
DA:671,0
DA:672,0
DA:673,0
DA:674,0
DA:675,0
DA:677,0
DA:678,0
DA:679,0
DA:680,0
DA:683,0
DA:684,0
DA:685,0
DA:694,0
DA:695,0
DA:696,0
DA:705,0
DA:706,0
DA:707,0
DA:716,0
DA:717,0
DA:718,0
DA:727,0
DA:728,0
DA:729,0
LF:225
LH:0
BRDA:370,0,0,0
BRDA:370,0,1,0
BRDA:425,1,0,0
BRDA:425,1,1,0
BRDA:426,2,0,0
BRDA:426,2,1,0
BRDA:428,3,0,0
BRDA:428,3,1,0
BRDA:428,4,0,0
BRDA:428,4,1,0
BRDA:429,5,0,0
BRDA:429,5,1,0
BRDA:437,6,0,0
BRDA:437,6,1,0
BRDA:438,7,0,0
BRDA:438,7,1,0
BRDA:440,8,0,0
BRDA:440,8,1,0
BRDA:440,9,0,0
BRDA:440,9,1,0
BRDA:441,10,0,0
BRDA:441,10,1,0
BRDA:448,11,0,0
BRDA:448,11,1,0
BRDA:452,12,0,0
BRDA:452,12,1,0
BRDA:459,13,0,0
BRDA:459,13,1,0
BRDA:461,14,0,0
BRDA:461,14,1,0
BRDA:469,15,0,0
BRDA:469,15,1,0
BRDA:469,16,0,0
BRDA:469,16,1,0
BRDA:480,17,0,0
BRDA:480,17,1,0
BRDA:480,18,0,0
BRDA:480,18,1,0
BRDA:487,19,0,0
BRDA:487,19,1,0
BRDA:493,20,0,0
BRDA:493,20,1,0
BRDA:495,21,0,0
BRDA:495,21,1,0
BRDA:497,22,0,0
BRDA:497,22,1,0
BRDA:504,23,0,0
BRDA:504,23,1,0
BRDA:508,24,0,0
BRDA:508,24,1,0
BRDA:512,25,0,0
BRDA:512,25,1,0
BRDA:521,26,0,0
BRDA:521,26,1,0
BRDA:527,27,0,0
BRDA:527,27,1,0
BRDA:533,28,0,0
BRDA:533,28,1,0
BRDA:534,29,0,0
BRDA:534,29,1,0
BRDA:535,30,0,0
BRDA:535,30,1,0
BRDA:536,31,0,0
BRDA:536,31,1,0
BRDA:557,32,0,0
BRDA:557,32,1,0
BRDA:561,33,0,0
BRDA:561,33,1,0
BRDA:574,34,0,0
BRDA:574,34,1,0
BRDA:588,35,0,0
BRDA:588,35,1,0
BRDA:589,36,0,0
BRDA:589,36,1,0
BRDA:595,37,0,0
BRDA:595,37,1,0
BRDA:596,38,0,0
BRDA:596,38,1,0
BRDA:597,39,0,0
BRDA:597,39,1,0
BRDA:604,40,0,0
BRDA:604,40,1,0
BRDA:606,41,0,0
BRDA:606,41,1,0
BRDA:606,42,0,0
BRDA:606,42,1,0
BRDA:607,43,0,0
BRDA:607,43,1,0
BRDA:607,44,0,0
BRDA:607,44,1,0
BRDA:608,45,0,0
BRDA:608,45,1,0
BRDA:608,46,0,0
BRDA:608,46,1,0
BRDA:609,47,0,0
BRDA:609,47,1,0
BRDA:610,48,0,0
BRDA:610,48,1,0
BRDA:615,49,0,0
BRDA:615,49,1,0
BRDA:617,50,0,0
BRDA:617,50,1,0
BRDA:617,51,0,0
BRDA:617,51,1,0
BRDA:618,52,0,0
BRDA:618,52,1,0
BRDA:618,53,0,0
BRDA:618,53,1,0
BRDA:619,54,0,0
BRDA:619,54,1,0
BRDA:619,55,0,0
BRDA:619,55,1,0
BRDA:620,56,0,0
BRDA:620,56,1,0
BRDA:621,57,0,0
BRDA:621,57,1,0
BRDA:626,58,0,0
BRDA:626,58,1,0
BRDA:628,59,0,0
BRDA:628,59,1,0
BRDA:629,60,0,0
BRDA:629,60,1,0
BRDA:630,61,0,0
BRDA:630,61,1,0
BRDA:645,62,0,0
BRDA:645,62,1,0
BRDA:650,63,0,0
BRDA:650,63,1,0
BRDA:664,64,0,0
BRDA:664,64,1,0
BRDA:665,65,0,0
BRDA:665,65,1,0
BRDA:669,66,0,0
BRDA:669,66,1,0
BRDA:670,67,0,0
BRDA:670,67,1,0
BRDA:671,68,0,0
BRDA:671,68,1,0
BRDA:672,69,0,0
BRDA:672,69,1,0
BRDA:673,70,0,0
BRDA:673,70,1,0
BRDA:674,71,0,0
BRDA:674,71,1,0
BRDA:677,72,0,0
BRDA:677,72,1,0
BRDA:678,73,0,0
BRDA:678,73,1,0
BRDA:679,74,0,0
BRDA:679,74,1,0
BRDA:684,75,0,0
BRDA:684,75,1,0
BRDA:684,76,0,0
BRDA:684,76,1,0
BRDA:688,77,0,0
BRDA:688,77,1,0
BRDA:695,78,0,0
BRDA:695,78,1,0
BRDA:695,79,0,0
BRDA:695,79,1,0
BRDA:699,80,0,0
BRDA:699,80,1,0
BRDA:706,81,0,0
BRDA:706,81,1,0
BRDA:706,82,0,0
BRDA:706,82,1,0
BRDA:717,83,0,0
BRDA:717,83,1,0
BRDA:717,84,0,0
BRDA:717,84,1,0
BRDA:19,85,0,0
BRDA:19,85,1,0
BRDA:56,86,0,0
BRDA:56,86,1,0
BRDA:31,87,0,0
BRDA:31,87,1,0
BRDA:52,88,0,0
BRDA:52,88,1,0
BRDA:72,89,0,0
BRDA:72,89,1,0
BRDA:84,90,0,0
BRDA:84,90,1,0
BRDA:82,91,0,0
BRDA:82,91,1,0
BRDA:82,92,0,0
BRDA:82,92,1,0
BRDA:86,93,0,0
BRDA:95,94,0,0
BRDA:95,94,1,0
BRDA:97,95,0,0
BRDA:97,95,1,0
BRDA:99,96,0,0
BRDA:104,97,0,0
BRDA:104,97,1,0
BRDA:105,98,0,0
BRDA:105,98,1,0
BRDA:107,99,0,0
BRDA:107,99,1,0
BRDA:118,100,0,0
BRDA:122,101,0,0
BRDA:122,101,1,0
BRDA:125,102,0,0
BRDA:157,103,0,0
BRDA:157,103,1,0
BRDA:136,104,0,0
BRDA:136,104,1,0
BRDA:136,105,0,0
BRDA:136,105,1,0
BRDA:143,106,0,0
BRDA:143,106,1,0
BRDA:150,107,0,0
BRDA:150,107,1,0
BRDA:163,108,0,0
BRDA:163,108,1,0
BRDA:164,109,0,0
BRDA:164,109,1,0
BRDA:167,110,0,0
BRDA:167,110,1,0
BRDA:168,111,0,0
BRDA:168,111,1,0
BRDA:171,112,0,0
BRDA:171,112,1,0
BRDA:172,113,0,0
BRDA:172,113,1,0
BRDA:175,114,0,0
BRDA:175,114,1,0
BRDA:176,115,0,0
BRDA:176,115,1,0
BRDA:179,116,0,0
BRDA:179,116,1,0
BRDA:180,117,0,0
BRDA:180,117,1,0
BRDA:183,118,0,0
BRDA:183,118,1,0
BRDA:189,119,0,0
BRDA:189,119,1,0
BRDA:189,120,0,0
BRDA:189,120,1,0
BRDA:190,121,0,0
BRDA:190,121,1,0
BRDA:195,122,0,0
BRDA:195,123,0,0
BRDA:195,123,1,0
BRDA:199,124,0,0
BRDA:199,124,1,0
BRDA:208,125,0,0
BRDA:208,125,1,0
BRDA:210,126,0,0
BRDA:210,126,1,0
BRDA:212,127,0,0
BRDA:212,127,1,0
BRDA:216,128,0,0
BRDA:216,128,1,0
BRDA:225,129,0,0
BRDA:225,129,1,0
BRDA:227,130,0,0
BRDA:227,130,1,0
BRDA:230,131,0,0
BRDA:242,132,0,0
BRDA:242,132,1,0
BRDA:238,133,0,0
BRDA:238,133,1,0
BRDA:246,134,0,0
BRDA:246,134,1,0
BRDA:259,135,0,0
BRDA:259,135,1,0
BRDA:262,136,0,0
BRDA:262,137,0,0
BRDA:262,137,1,0
BRDA:266,138,0,0
BRDA:266,138,1,0
BRDA:299,139,0,0
BRDA:299,139,1,0
BRDA:284,140,0,0
BRDA:284,140,1,0
BRDA:292,141,0,0
BRDA:292,141,1,0
BRDA:329,142,0,0
BRDA:329,142,1,0
BRDA:318,143,0,0
BRDA:318,143,1,0
BRDA:319,144,0,0
BRDA:319,144,1,0
BRDA:328,145,0,0
BRDA:328,145,1,0
BRDA:330,146,0,0
BRDA:330,146,1,0
BRF:287
BRH:0
end_of_record
TN:
SF:src\views\auth\Login.vue
FN:275,(anonymous_0)
FN:282,(anonymous_1)
FN:290,(anonymous_2)
FN:9,(anonymous_3)
FN:10,(anonymous_4)
FN:172,(anonymous_5)
FN:173,(anonymous_6)
FN:179,(anonymous_7)
FN:186,(anonymous_8)
FN:196,(anonymous_9)
FN:202,(anonymous_10)
FN:210,(anonymous_11)
FN:220,(anonymous_12)
FN:228,(anonymous_13)
FN:235,(anonymous_14)
FNF:15
FNH:10
FNDA:80,(anonymous_0)
FNDA:100,(anonymous_1)
FNDA:0,(anonymous_2)
FNDA:80,(anonymous_3)
FNDA:100,(anonymous_4)
FNDA:10,(anonymous_5)
FNDA:10,(anonymous_6)
FNDA:0,(anonymous_7)
FNDA:0,(anonymous_8)
FNDA:10,(anonymous_9)
FNDA:0,(anonymous_10)
FNDA:0,(anonymous_11)
FNDA:10,(anonymous_12)
FNDA:10,(anonymous_13)
FNDA:10,(anonymous_14)
DA:2,10
DA:4,1
DA:5,1
DA:9,80
DA:10,100
DA:99,1
DA:100,1
DA:173,1
DA:179,0
DA:189,0
DA:192,10
DA:193,10
DA:196,1
DA:202,0
DA:213,0
DA:216,10
DA:228,10
DA:229,10
DA:233,1
DA:235,10
DA:253,10
DA:254,10
DA:256,10
DA:257,10
DA:259,10
DA:264,10
DA:275,80
DA:282,100
DA:290,10
DA:291,0
DA:292,0
DA:293,0
DA:294,0
DA:298,0
DA:299,0
DA:300,0
DA:302,0
DA:305,0
LF:38
LH:25
BRDA:291,0,0,0
BRDA:291,0,1,0
BRDA:298,1,0,0
BRDA:298,1,1,0
BRDA:302,2,0,0
BRDA:302,2,1,0
BRDA:11,3,0,10
BRDA:11,3,1,10
BRDA:6,4,0,10
BRDA:6,4,1,10
BRDA:7,5,0,10
BRDA:7,5,1,10
BRDA:101,6,0,10
BRDA:101,6,1,10
BRDA:123,7,0,10
BRDA:123,7,1,10
BRDA:192,8,0,10
BRDA:192,8,1,10
BRDA:179,9,0,10
BRDA:179,9,1,10
BRDA:189,10,0,0
BRDA:189,10,1,0
BRDA:216,11,0,10
BRDA:216,11,1,10
BRDA:202,12,0,10
BRDA:202,12,1,10
BRDA:213,13,0,0
BRDA:213,13,1,0
BRDA:228,14,0,10
BRDA:228,14,1,10
BRDA:236,15,0,10
BRDA:236,15,1,10
BRDA:235,16,0,10
BRDA:235,16,1,10
BRDA:239,17,0,10
BRDA:239,17,1,10
BRF:36
BRH:26
end_of_record
TN:
SF:src\views\auth\Register.vue
FN:155,(anonymous_0)
FN:162,(anonymous_1)
FN:170,(anonymous_2)
FN:190,(anonymous_3)
FN:7,(anonymous_4)
FN:8,(anonymous_5)
FN:42,(anonymous_6)
FN:43,(anonymous_7)
FN:49,(anonymous_8)
FN:56,(anonymous_9)
FN:66,(anonymous_10)
FN:72,(anonymous_11)
FN:80,(anonymous_12)
FN:90,(anonymous_13)
FN:96,(anonymous_14)
FN:104,(anonymous_15)
FN:113,(anonymous_16)
FN:121,(anonymous_17)
FN:128,(anonymous_18)
FNF:19
FNH:0
FNDA:0,(anonymous_0)
FNDA:0,(anonymous_1)
FNDA:0,(anonymous_2)
FNDA:0,(anonymous_3)
FNDA:0,(anonymous_4)
FNDA:0,(anonymous_5)
FNDA:0,(anonymous_6)
FNDA:0,(anonymous_7)
FNDA:0,(anonymous_8)
FNDA:0,(anonymous_9)
FNDA:0,(anonymous_10)
FNDA:0,(anonymous_11)
FNDA:0,(anonymous_12)
FNDA:0,(anonymous_13)
FNDA:0,(anonymous_14)
FNDA:0,(anonymous_15)
FNDA:0,(anonymous_16)
FNDA:0,(anonymous_17)
FNDA:0,(anonymous_18)
DA:2,0
DA:4,0
DA:7,0
DA:8,0
DA:11,0
DA:43,0
DA:49,0
DA:59,0
DA:62,0
DA:63,0
DA:66,0
DA:72,0
DA:83,0
DA:86,0
DA:90,0
DA:96,0
DA:106,0
DA:109,0
DA:121,0
DA:122,0
DA:126,0
DA:128,0
DA:143,0
DA:144,0
DA:146,0
DA:147,0
DA:149,0
DA:155,0
DA:162,0
DA:170,0
DA:171,0
DA:174,0
DA:190,0
DA:191,0
DA:192,0
DA:193,0
DA:194,0
DA:198,0
DA:199,0
DA:200,0
DA:202,0
DA:205,0
LF:42
LH:0
BRDA:191,0,0,0
BRDA:191,0,1,0
BRDA:198,1,0,0
BRDA:198,1,1,0
BRDA:202,2,0,0
BRDA:202,2,1,0
BRDA:9,3,0,0
BRDA:9,3,1,0
BRDA:5,4,0,0
BRDA:5,4,1,0
BRDA:12,5,0,0
BRDA:12,5,1,0
BRDA:62,6,0,0
BRDA:62,6,1,0
BRDA:49,7,0,0
BRDA:49,7,1,0
BRDA:59,8,0,0
BRDA:59,8,1,0
BRDA:86,9,0,0
BRDA:86,9,1,0
BRDA:72,10,0,0
BRDA:72,10,1,0
BRDA:83,11,0,0
BRDA:83,11,1,0
BRDA:109,12,0,0
BRDA:109,12,1,0
BRDA:96,13,0,0
BRDA:96,13,1,0
BRDA:106,14,0,0
BRDA:106,14,1,0
BRDA:121,15,0,0
BRDA:121,15,1,0
BRDA:129,16,0,0
BRDA:129,16,1,0
BRDA:128,17,0,0
BRDA:128,17,1,0
BRDA:132,18,0,0
BRDA:132,18,1,0
BRF:38
BRH:0
end_of_record
TN:
SF:src\views\exports\ExportCenter.vue
FN:408,(anonymous_0)
FN:411,(anonymous_1)
FN:463,(anonymous_2)
FN:464,(anonymous_3)
FN:467,(anonymous_4)
FN:472,(anonymous_5)
FN:479,(anonymous_6)
FN:481,(anonymous_7)
FN:486,(anonymous_8)
FN:493,(anonymous_9)
FN:511,(anonymous_10)
FN:512,(anonymous_11)
FN:516,(anonymous_12)
FN:517,(anonymous_13)
FN:524,(anonymous_14)
FN:527,fetchFormulaList
FN:540,handleTabChange
FN:558,(anonymous_17)
FN:559,(anonymous_18)
FN:561,handleCreateJob
FN:582,handleDownload
FN:587,handleRetry
FN:610,handleCreateShare
FN:628,handleCopyShareUrl
FN:639,handleDeleteShare
FN:654,handleOpenTemplateDialog
FN:668,resetTemplateForm
FN:676,handleSaveTemplate
FN:704,handleDeleteTemplate
FN:720,(anonymous_29)
FN:721,(anonymous_30)
FN:723,handleCreateApi
FN:730,resetApiForm
FN:738,(anonymous_33)
FN:5,(anonymous_34)
FN:20,(anonymous_35)
FN:22,(anonymous_36)
FN:37,(anonymous_37)
FN:44,(anonymous_38)
FN:45,(anonymous_39)
FN:47,(anonymous_40)
FN:50,(anonymous_41)
FN:51,(anonymous_42)
FN:51,(anonymous_43)
FN:53,(anonymous_44)
FN:53,(anonymous_45)
FN:57,(anonymous_46)
FN:57,(anonymous_47)
FN:59,(anonymous_48)
FN:64,(anonymous_49)
FN:81,(anonymous_50)
FN:83,(anonymous_51)
FN:84,(anonymous_52)
FN:84,(anonymous_53)
FN:90,(anonymous_54)
FN:90,(anonymous_55)
FN:94,(anonymous_56)
FN:94,(anonymous_57)
FN:97,(anonymous_58)
FN:100,(anonymous_59)
FN:101,(anonymous_60)
FN:102,(anonymous_61)
FN:103,(anonymous_62)
FN:103,(anonymous_63)
FN:106,(anonymous_64)
FN:107,(anonymous_65)
FN:107,(anonymous_66)
FN:123,(anonymous_67)
FN:124,(anonymous_68)
FN:127,(anonymous_69)
FN:133,(anonymous_70)
FN:142,(anonymous_71)
FN:145,(anonymous_72)
FN:146,(anonymous_73)
FN:146,(anonymous_74)
FN:148,(anonymous_75)
FN:148,(anonymous_76)
FN:152,(anonymous_77)
FN:152,(anonymous_78)
FN:155,(anonymous_79)
FN:155,(anonymous_80)
FN:159,(anonymous_81)
FN:175,(anonymous_82)
FN:177,(anonymous_83)
FN:178,(anonymous_84)
FN:182,(anonymous_85)
FN:183,(anonymous_86)
FN:184,(anonymous_87)
FN:187,(anonymous_88)
FN:188,(anonymous_89)
FN:188,(anonymous_90)
FN:189,(anonymous_91)
FN:189,(anonymous_92)
FN:191,(anonymous_93)
FN:192,(anonymous_94)
FN:193,(anonymous_95)
FN:193,(anonymous_96)
FN:205,(anonymous_97)
FN:208,(anonymous_98)
FN:209,(anonymous_99)
FN:209,(anonymous_100)
FN:215,(anonymous_101)
FN:217,(anonymous_102)
FN:217,(anonymous_103)
FN:220,(anonymous_104)
FN:220,(anonymous_105)
FN:223,(anonymous_106)
FN:226,(anonymous_107)
FN:227,(anonymous_108)
FN:228,(anonymous_109)
FN:229,(anonymous_110)
FN:229,(anonymous_111)
FN:231,(anonymous_112)
FN:232,(anonymous_113)
FN:233,(anonymous_114)
FN:233,(anonymous_115)
FN:245,(anonymous_116)
FN:248,(anonymous_117)
FN:249,(anonymous_118)
FN:249,(anonymous_119)
FN:255,(anonymous_120)
FN:257,(anonymous_121)
FN:257,(anonymous_122)
FN:260,(anonymous_123)
FN:260,(anonymous_124)
FN:300,(anonymous_125)
FN:317,(anonymous_126)
FN:339,(anonymous_127)
FN:341,(anonymous_128)
FN:342,(anonymous_129)
FN:342,(anonymous_130)
FN:342,(anonymous_131)
FN:344,(anonymous_132)
FN:344,(anonymous_133)
FN:345,(anonymous_134)
FN:350,(anonymous_135)
FN:350,(anonymous_136)
FN:351,(anonymous_137)
FN:351,(anonymous_138)
FN:356,(anonymous_139)
FN:357,(anonymous_140)
FN:358,(anonymous_141)
FN:358,(anonymous_142)
FN:358,(anonymous_143)
FN:359,(anonymous_144)
FN:359,(anonymous_145)
FN:362,(anonymous_146)
FN:362,(anonymous_147)
FN:363,(anonymous_148)
FN:370,(anonymous_149)
FN:370,(anonymous_150)
FN:371,(anonymous_151)
FN:377,(anonymous_152)
FN:377,(anonymous_153)
FNF:154
FNH:0
FNDA:0,(anonymous_0)
FNDA:0,(anonymous_1)
FNDA:0,(anonymous_2)
FNDA:0,(anonymous_3)
FNDA:0,(anonymous_4)
FNDA:0,(anonymous_5)
FNDA:0,(anonymous_6)
FNDA:0,(anonymous_7)
FNDA:0,(anonymous_8)
FNDA:0,(anonymous_9)
FNDA:0,(anonymous_10)
FNDA:0,(anonymous_11)
FNDA:0,(anonymous_12)
FNDA:0,(anonymous_13)
FNDA:0,(anonymous_14)
FNDA:0,fetchFormulaList
FNDA:0,handleTabChange
FNDA:0,(anonymous_17)
FNDA:0,(anonymous_18)
FNDA:0,handleCreateJob
FNDA:0,handleDownload
FNDA:0,handleRetry
FNDA:0,handleCreateShare
FNDA:0,handleCopyShareUrl
FNDA:0,handleDeleteShare
FNDA:0,handleOpenTemplateDialog
FNDA:0,resetTemplateForm
FNDA:0,handleSaveTemplate
FNDA:0,handleDeleteTemplate
FNDA:0,(anonymous_29)
FNDA:0,(anonymous_30)
FNDA:0,handleCreateApi
FNDA:0,resetApiForm
FNDA:0,(anonymous_33)
FNDA:0,(anonymous_34)
FNDA:0,(anonymous_35)
FNDA:0,(anonymous_36)
FNDA:0,(anonymous_37)
FNDA:0,(anonymous_38)
FNDA:0,(anonymous_39)
FNDA:0,(anonymous_40)
FNDA:0,(anonymous_41)
FNDA:0,(anonymous_42)
FNDA:0,(anonymous_43)
FNDA:0,(anonymous_44)
FNDA:0,(anonymous_45)
FNDA:0,(anonymous_46)
FNDA:0,(anonymous_47)
FNDA:0,(anonymous_48)
FNDA:0,(anonymous_49)
FNDA:0,(anonymous_50)
FNDA:0,(anonymous_51)
FNDA:0,(anonymous_52)
FNDA:0,(anonymous_53)
FNDA:0,(anonymous_54)
FNDA:0,(anonymous_55)
FNDA:0,(anonymous_56)
FNDA:0,(anonymous_57)
FNDA:0,(anonymous_58)
FNDA:0,(anonymous_59)
FNDA:0,(anonymous_60)
FNDA:0,(anonymous_61)
FNDA:0,(anonymous_62)
FNDA:0,(anonymous_63)
FNDA:0,(anonymous_64)
FNDA:0,(anonymous_65)
FNDA:0,(anonymous_66)
FNDA:0,(anonymous_67)
FNDA:0,(anonymous_68)
FNDA:0,(anonymous_69)
FNDA:0,(anonymous_70)
FNDA:0,(anonymous_71)
FNDA:0,(anonymous_72)
FNDA:0,(anonymous_73)
FNDA:0,(anonymous_74)
FNDA:0,(anonymous_75)
FNDA:0,(anonymous_76)
FNDA:0,(anonymous_77)
FNDA:0,(anonymous_78)
FNDA:0,(anonymous_79)
FNDA:0,(anonymous_80)
FNDA:0,(anonymous_81)
FNDA:0,(anonymous_82)
FNDA:0,(anonymous_83)
FNDA:0,(anonymous_84)
FNDA:0,(anonymous_85)
FNDA:0,(anonymous_86)
FNDA:0,(anonymous_87)
FNDA:0,(anonymous_88)
FNDA:0,(anonymous_89)
FNDA:0,(anonymous_90)
FNDA:0,(anonymous_91)
FNDA:0,(anonymous_92)
FNDA:0,(anonymous_93)
FNDA:0,(anonymous_94)
FNDA:0,(anonymous_95)
FNDA:0,(anonymous_96)
FNDA:0,(anonymous_97)
FNDA:0,(anonymous_98)
FNDA:0,(anonymous_99)
FNDA:0,(anonymous_100)
FNDA:0,(anonymous_101)
FNDA:0,(anonymous_102)
FNDA:0,(anonymous_103)
FNDA:0,(anonymous_104)
FNDA:0,(anonymous_105)
FNDA:0,(anonymous_106)
FNDA:0,(anonymous_107)
FNDA:0,(anonymous_108)
FNDA:0,(anonymous_109)
FNDA:0,(anonymous_110)
FNDA:0,(anonymous_111)
FNDA:0,(anonymous_112)
FNDA:0,(anonymous_113)
FNDA:0,(anonymous_114)
FNDA:0,(anonymous_115)
FNDA:0,(anonymous_116)
FNDA:0,(anonymous_117)
FNDA:0,(anonymous_118)
FNDA:0,(anonymous_119)
FNDA:0,(anonymous_120)
FNDA:0,(anonymous_121)
FNDA:0,(anonymous_122)
FNDA:0,(anonymous_123)
FNDA:0,(anonymous_124)
FNDA:0,(anonymous_125)
FNDA:0,(anonymous_126)
FNDA:0,(anonymous_127)
FNDA:0,(anonymous_128)
FNDA:0,(anonymous_129)
FNDA:0,(anonymous_130)
FNDA:0,(anonymous_131)
FNDA:0,(anonymous_132)
FNDA:0,(anonymous_133)
FNDA:0,(anonymous_134)
FNDA:0,(anonymous_135)
FNDA:0,(anonymous_136)
FNDA:0,(anonymous_137)
FNDA:0,(anonymous_138)
FNDA:0,(anonymous_139)
FNDA:0,(anonymous_140)
FNDA:0,(anonymous_141)
FNDA:0,(anonymous_142)
FNDA:0,(anonymous_143)
FNDA:0,(anonymous_144)
FNDA:0,(anonymous_145)
FNDA:0,(anonymous_146)
FNDA:0,(anonymous_147)
FNDA:0,(anonymous_148)
FNDA:0,(anonymous_149)
FNDA:0,(anonymous_150)
FNDA:0,(anonymous_151)
FNDA:0,(anonymous_152)
FNDA:0,(anonymous_153)
DA:2,0
DA:4,0
DA:5,0
DA:7,0
DA:14,0
DA:15,0
DA:20,0
DA:22,0
DA:23,0
DA:30,0
DA:31,0
DA:37,0
DA:43,0
DA:44,0
DA:45,0
DA:47,0
DA:48,0
DA:51,0
DA:53,0
DA:54,0
DA:55,0
DA:57,0
DA:59,0
DA:61,0
DA:72,0
DA:77,0
DA:84,0
DA:85,0
DA:87,0
DA:89,0
DA:91,0
DA:93,0
DA:94,0
DA:96,0
DA:99,0
DA:102,0
DA:103,0
DA:104,0
DA:106,0
DA:107,0
DA:108,0
DA:114,0
DA:119,0
DA:123,0
DA:127,0
DA:133,0
DA:137,0
DA:142,0
DA:143,0
DA:146,0
DA:148,0
DA:149,0
DA:150,0
DA:152,0
DA:155,0
DA:156,0
DA:167,0
DA:172,0
DA:175,0
DA:176,0
DA:178,0
DA:181,0
DA:183,0
DA:184,0
DA:186,0
DA:188,0
DA:189,0
DA:190,0
DA:191,0
DA:193,0
DA:194,0
DA:200,0
DA:205,0
DA:206,0
DA:208,0
DA:209,0
DA:210,0
DA:212,0
DA:215,0
DA:216,0
DA:217,0
DA:219,0
DA:220,0
DA:222,0
DA:225,0
DA:228,0
DA:229,0
DA:230,0
DA:231,0
DA:233,0
DA:234,0
DA:240,0
DA:245,0
DA:246,0
DA:248,0
DA:249,0
DA:250,0
DA:252,0
DA:255,0
DA:256,0
DA:257,0
DA:259,0
DA:260,0
DA:264,0
DA:272,0
DA:273,0
DA:274,0
DA:282,0
DA:289,0
DA:299,0
DA:300,0
DA:305,0
DA:306,0
DA:308,0
DA:313,0
DA:314,0
DA:316,0
DA:317,0
DA:318,0
DA:324,0
DA:339,0
DA:342,0
DA:344,0
DA:345,0
DA:348,0
DA:350,0
DA:351,0
DA:352,0
DA:356,0
DA:358,0
DA:359,0
DA:360,0
DA:362,0
DA:363,0
DA:367,0
DA:370,0
DA:371,0
DA:375,0
DA:377,0
DA:378,0
DA:390,0
DA:391,0
DA:392,0
DA:393,0
DA:394,0
DA:395,0
DA:396,0
DA:397,0
DA:398,0
DA:399,0
DA:400,0
DA:402,0
DA:403,0
DA:404,0
DA:405,0
DA:408,0
DA:409,0
DA:410,0
DA:411,0
DA:412,0
DA:413,0
DA:414,0
DA:463,0
DA:464,0
DA:465,0
DA:466,0
DA:467,0
DA:468,0
DA:469,0
DA:470,0
DA:472,0
DA:473,0
DA:474,0
DA:478,0
DA:479,0
DA:480,0
DA:481,0
DA:486,0
DA:490,0
DA:491,0
DA:493,0
DA:494,0
DA:495,0
DA:496,0
DA:497,0
DA:499,0
DA:500,0
DA:502,0
DA:503,0
DA:507,0
DA:508,0
DA:511,0
DA:512,0
DA:513,0
DA:514,0
DA:516,0
DA:517,0
DA:519,0
DA:524,0
DA:528,0
DA:529,0
DA:530,0
DA:531,0
DA:535,0
DA:541,0
DA:542,0
DA:543,0
DA:544,0
DA:548,0
DA:558,0
DA:559,0
DA:562,0
DA:563,0
DA:564,0
DA:565,0
DA:566,0
DA:567,0
DA:568,0
DA:569,0
DA:570,0
DA:571,0
DA:572,0
DA:574,0
DA:576,0
DA:578,0
DA:583,0
DA:584,0
DA:588,0
DA:589,0
DA:590,0
DA:591,0
DA:592,0
DA:594,0
DA:599,0
DA:611,0
DA:612,0
DA:617,0
DA:618,0
DA:619,0
DA:620,0
DA:621,0
DA:622,0
DA:624,0
DA:629,0
DA:630,0
DA:631,0
DA:632,0
DA:633,0
DA:635,0
DA:640,0
DA:641,0
DA:642,0
DA:646,0
DA:655,0
DA:656,0
DA:657,0
DA:658,0
DA:659,0
DA:660,0
DA:662,0
DA:663,0
DA:665,0
DA:669,0
DA:670,0
DA:671,0
DA:672,0
DA:673,0
DA:677,0
DA:679,0
DA:680,0
DA:688,0
DA:696,0
DA:697,0
DA:698,0
DA:700,0
DA:705,0
DA:706,0
DA:707,0
DA:711,0
DA:720,0
DA:721,0
DA:724,0
DA:726,0
DA:727,0
DA:731,0
DA:732,0
DA:733,0
DA:734,0
DA:735,0
DA:738,0
DA:739,0
DA:740,0
LF:292
LH:0
BRDA:409,0,0,0
BRDA:409,0,1,0
BRDA:412,1,0,0
BRDA:412,1,1,0
BRDA:413,2,0,0
BRDA:413,2,1,0
BRDA:419,3,0,0
BRDA:419,3,1,0
BRDA:430,4,0,0
BRDA:430,4,1,0
BRDA:450,5,0,0
BRDA:450,5,1,0
BRDA:463,6,0,0
BRDA:463,6,1,0
BRDA:467,7,0,0
BRDA:467,7,1,0
BRDA:468,8,0,0
BRDA:468,8,1,0
BRDA:469,9,0,0
BRDA:469,9,1,0
BRDA:480,10,0,0
BRDA:480,10,1,0
BRDA:486,11,0,0
BRDA:486,11,1,0
BRDA:495,12,0,0
BRDA:495,12,1,0
BRDA:497,13,0,0
BRDA:497,13,1,0
BRDA:498,14,0,0
BRDA:498,14,1,0
BRDA:499,15,0,0
BRDA:499,15,1,0
BRDA:501,16,0,0
BRDA:501,16,1,0
BRDA:501,17,0,0
BRDA:501,17,1,0
BRDA:502,18,0,0
BRDA:502,18,1,0
BRDA:504,19,0,0
BRDA:504,19,1,0
BRDA:507,20,0,0
BRDA:507,20,1,0
BRDA:516,21,0,0
BRDA:516,21,1,0
BRDA:517,22,0,0
BRDA:517,22,1,0
BRDA:541,23,0,0
BRDA:541,23,1,0
BRDA:541,24,0,0
BRDA:541,24,1,0
BRDA:542,25,0,0
BRDA:542,25,1,0
BRDA:543,26,0,0
BRDA:543,26,1,0
BRDA:558,27,0,0
BRDA:558,27,1,0
BRDA:558,28,0,0
BRDA:558,28,1,0
BRDA:558,29,0,0
BRDA:558,29,1,0
BRDA:559,30,0,0
BRDA:559,30,1,0
BRDA:562,31,0,0
BRDA:562,31,1,0
BRDA:566,32,0,0
BRDA:566,32,1,0
BRDA:567,33,0,0
BRDA:567,33,1,0
BRDA:569,34,0,0
BRDA:569,34,1,0
BRDA:570,35,0,0
BRDA:570,35,1,0
BRDA:571,36,0,0
BRDA:571,36,1,0
BRDA:572,37,0,0
BRDA:572,37,1,0
BRDA:578,38,0,0
BRDA:578,38,1,0
BRDA:583,39,0,0
BRDA:583,39,1,0
BRDA:584,40,0,0
BRDA:584,40,1,0
BRDA:591,41,0,0
BRDA:591,41,1,0
BRDA:594,42,0,0
BRDA:594,42,1,0
BRDA:611,43,0,0
BRDA:611,43,1,0
BRDA:614,44,0,0
BRDA:614,44,1,0
BRDA:615,45,0,0
BRDA:615,45,1,0
BRDA:617,46,0,0
BRDA:617,46,1,0
BRDA:624,47,0,0
BRDA:624,47,1,0
BRDA:641,48,0,0
BRDA:641,48,1,0
BRDA:642,49,0,0
BRDA:642,49,1,0
BRDA:655,50,0,0
BRDA:655,50,1,0
BRDA:659,51,0,0
BRDA:659,51,1,0
BRDA:677,52,0,0
BRDA:677,52,1,0
BRDA:679,53,0,0
BRDA:679,53,1,0
BRDA:696,54,0,0
BRDA:696,54,1,0
BRDA:697,55,0,0
BRDA:697,55,1,0
BRDA:700,56,0,0
BRDA:700,56,1,0
BRDA:706,57,0,0
BRDA:706,57,1,0
BRDA:707,58,0,0
BRDA:707,58,1,0
BRDA:720,59,0,0
BRDA:720,59,1,0
BRDA:720,60,0,0
BRDA:720,60,1,0
BRDA:720,61,0,0
BRDA:720,61,1,0
BRDA:721,62,0,0
BRDA:721,62,1,0
BRDA:724,63,0,0
BRDA:724,63,1,0
BRDA:20,64,0,0
BRDA:20,64,1,0
BRDA:41,65,0,0
BRDA:41,65,1,0
BRDA:39,66,0,0
BRDA:39,66,1,0
BRDA:37,67,0,0
BRDA:37,67,1,0
BRDA:44,68,0,0
BRDA:44,68,1,0
BRDA:51,69,0,0
BRDA:51,69,1,0
BRDA:57,70,0,0
BRDA:57,70,1,0
BRDA:65,71,0,0
BRDA:65,71,1,0
BRDA:71,72,0,0
BRDA:71,72,1,0
BRDA:85,73,0,0
BRDA:85,73,1,0
BRDA:101,74,0,0
BRDA:104,75,0,0
BRDA:104,75,1,0
BRDA:105,76,0,0
BRDA:108,77,0,0
BRDA:108,77,1,0
BRDA:113,78,0,0
BRDA:113,79,0,0
BRDA:113,79,1,0
BRDA:123,80,0,0
BRDA:123,80,1,0
BRDA:125,81,0,0
BRDA:125,81,1,0
BRDA:127,82,0,0
BRDA:127,82,1,0
BRDA:133,83,0,0
BRDA:133,83,1,0
BRDA:146,84,0,0
BRDA:146,84,1,0
BRDA:152,85,0,0
BRDA:152,85,1,0
BRDA:155,86,0,0
BRDA:155,86,1,0
BRDA:167,87,0,0
BRDA:167,87,1,0
BRDA:182,88,0,0
BRDA:182,88,1,0
BRDA:182,89,0,0
BRDA:182,89,1,0
BRDA:183,90,0,0
BRDA:183,90,1,0
BRDA:184,91,0,0
BRDA:184,91,1,0
BRDA:190,92,0,0
BRDA:190,92,1,0
BRDA:194,93,0,0
BRDA:194,93,1,0
BRDA:211,94,0,0
BRDA:211,94,1,0
BRDA:208,95,0,0
BRDA:208,95,1,0
BRDA:210,96,0,0
BRDA:210,96,1,0
BRDA:220,97,0,0
BRDA:220,98,0,0
BRDA:220,98,1,0
BRDA:230,99,0,0
BRDA:230,99,1,0
BRDA:234,100,0,0
BRDA:234,100,1,0
BRDA:251,101,0,0
BRDA:251,101,1,0
BRDA:248,102,0,0
BRDA:248,102,1,0
BRDA:250,103,0,0
BRDA:250,103,1,0
BRDA:298,104,0,0
BRDA:298,104,1,0
BRDA:283,105,0,0
BRDA:283,105,1,0
BRDA:291,106,0,0
BRDA:291,106,1,0
BRDA:326,107,0,0
BRDA:326,107,1,0
BRDA:317,108,0,0
BRDA:317,108,1,0
BRDA:325,109,0,0
BRDA:325,109,1,0
BRDA:324,110,0,0
BRDA:324,110,1,0
BRDA:339,111,0,0
BRDA:339,111,1,0
BRDA:339,112,0,0
BRDA:339,112,1,0
BRDA:342,113,0,0
BRDA:342,113,1,0
BRDA:344,114,0,0
BRDA:344,114,1,0
BRDA:350,115,0,0
BRDA:350,115,1,0
BRDA:351,116,0,0
BRDA:351,116,1,0
BRDA:356,117,0,0
BRDA:356,117,1,0
BRDA:358,118,0,0
BRDA:358,118,1,0
BRDA:359,119,0,0
BRDA:359,119,1,0
BRDA:362,120,0,0
BRDA:362,120,1,0
BRDA:370,121,0,0
BRDA:370,121,1,0
BRDA:377,122,0,0
BRDA:377,122,1,0
BRF:242
BRH:0
end_of_record
TN:
SF:src\views\formulas\FormulaDetail.vue
FN:236,(anonymous_0)
FN:241,(anonymous_1)
FN:269,(anonymous_2)
FN:280,(anonymous_3)
FN:283,(anonymous_4)
FN:286,(anonymous_5)
FN:290,(anonymous_6)
FN:294,(anonymous_7)
FN:306,(anonymous_8)
FN:29,(anonymous_9)
FN:44,(anonymous_10)
FN:48,(anonymous_11)
FN:50,(anonymous_12)
FN:133,(anonymous_13)
FN:145,(anonymous_14)
FN:178,(anonymous_15)
FN:183,(anonymous_16)
FN:202,(anonymous_17)
FNF:18
FNH:0
FNDA:0,(anonymous_0)
FNDA:0,(anonymous_1)
FNDA:0,(anonymous_2)
FNDA:0,(anonymous_3)
FNDA:0,(anonymous_4)
FNDA:0,(anonymous_5)
FNDA:0,(anonymous_6)
FNDA:0,(anonymous_7)
FNDA:0,(anonymous_8)
FNDA:0,(anonymous_9)
FNDA:0,(anonymous_10)
FNDA:0,(anonymous_11)
FNDA:0,(anonymous_12)
FNDA:0,(anonymous_13)
FNDA:0,(anonymous_14)
FNDA:0,(anonymous_15)
FNDA:0,(anonymous_16)
FNDA:0,(anonymous_17)
DA:2,0
DA:5,0
DA:7,0
DA:13,0
DA:15,0
DA:21,0
DA:23,0
DA:28,0
DA:29,0
DA:47,0
DA:48,0
DA:50,0
DA:57,0
DA:59,0
DA:62,0
DA:64,0
DA:65,0
DA:69,0
DA:70,0
DA:74,0
DA:79,0
DA:80,0
DA:84,0
DA:96,0
DA:99,0
DA:100,0
DA:101,0
DA:105,0
DA:106,0
DA:110,0
DA:111,0
DA:114,0
DA:123,0
DA:129,0
DA:130,0
DA:133,0
DA:136,0
DA:137,0
DA:139,0
DA:140,0
DA:141,0
DA:145,0
DA:147,0
DA:148,0
DA:149,0
DA:158,0
DA:161,0
DA:163,0
DA:165,0
DA:169,0
DA:171,0
DA:177,0
DA:182,0
DA:197,0
DA:201,0
DA:231,0
DA:232,0
DA:234,0
DA:235,0
DA:236,0
DA:237,0
DA:241,0
DA:242,0
DA:243,0
DA:245,0
DA:246,0
DA:249,0
DA:260,0
DA:269,0
DA:270,0
DA:271,0
DA:280,0
DA:283,0
DA:284,0
DA:285,0
DA:286,0
DA:287,0
DA:290,0
DA:291,0
DA:294,0
DA:295,0
DA:296,0
DA:297,0
DA:298,0
DA:300,0
DA:302,0
DA:306,0
LF:87
LH:0
BRDA:237,0,0,0
BRDA:237,0,1,0
BRDA:243,1,0,0
BRDA:243,1,1,0
BRDA:245,2,0,0
BRDA:245,2,1,0
BRDA:270,3,0,0
BRDA:270,3,1,0
BRDA:284,4,0,0
BRDA:284,4,1,0
BRDA:222,5,0,0
BRDA:222,6,0,0
BRDA:222,6,1,0
BRDA:18,7,0,0
BRDA:18,7,1,0
BRDA:23,8,0,0
BRDA:23,8,1,0
BRDA:29,9,0,0
BRDA:29,9,1,0
BRDA:41,10,0,0
BRDA:42,11,0,0
BRDA:42,11,1,0
BRDA:44,12,0,0
BRDA:44,12,1,0
BRDA:93,13,0,0
BRDA:93,13,1,0
BRDA:68,14,0,0
BRDA:68,14,1,0
BRDA:67,15,0,0
BRDA:67,15,1,0
BRDA:73,16,0,0
BRDA:73,16,1,0
BRDA:72,17,0,0
BRDA:72,17,1,0
BRDA:77,18,0,0
BRDA:77,18,1,0
BRDA:76,19,0,0
BRDA:76,19,1,0
BRDA:83,20,0,0
BRDA:83,20,1,0
BRDA:82,21,0,0
BRDA:82,21,1,0
BRDA:90,22,0,0
BRDA:90,22,1,0
BRDA:88,23,0,0
BRDA:88,23,1,0
BRDA:118,24,0,0
BRDA:118,24,1,0
BRDA:97,25,0,0
BRDA:97,25,1,0
BRDA:105,26,0,0
BRDA:105,26,1,0
BRDA:106,27,0,0
BRDA:106,27,1,0
BRDA:109,28,0,0
BRDA:111,29,0,0
BRDA:111,29,1,0
BRDA:112,30,0,0
BRDA:112,30,1,0
BRDA:115,31,0,0
BRDA:115,31,1,0
BRDA:121,32,0,0
BRDA:121,32,1,0
BRDA:121,33,0,0
BRDA:121,33,1,0
BRDA:126,34,0,0
BRDA:126,34,1,0
BRDA:124,35,0,0
BRDA:124,35,1,0
BRDA:135,36,0,0
BRDA:135,36,1,0
BRDA:133,37,0,0
BRDA:133,37,1,0
BRDA:144,38,0,0
BRDA:144,38,1,0
BRDA:140,39,0,0
BRDA:140,39,1,0
BRDA:141,40,0,0
BRDA:141,40,1,0
BRDA:142,41,0,0
BRDA:142,41,1,0
BRDA:145,42,0,0
BRDA:145,42,1,0
BRDA:146,43,0,0
BRDA:146,43,1,0
BRDA:150,44,0,0
BRDA:150,44,1,0
BRDA:165,45,0,0
BRDA:165,45,1,0
BRDA:172,46,0,0
BRDA:172,46,1,0
BRDA:171,47,0,0
BRDA:171,47,1,0
BRDA:175,48,0,0
BRDA:175,48,1,0
BRDA:177,49,0,0
BRDA:177,49,1,0
BRDA:177,50,0,0
BRDA:177,50,1,0
BRDA:180,51,0,0
BRDA:183,52,0,0
BRDA:183,52,1,0
BRDA:186,53,0,0
BRDA:186,53,1,0
BRDA:195,54,0,0
BRDA:205,55,0,0
BRDA:205,55,1,0
BRDA:206,56,0,0
BRDA:206,56,1,0
BRF:109
BRH:0
end_of_record
TN:
SF:src\views\formulas\FormulaForm.vue
FN:483,(anonymous_0)
FN:490,(anonymous_1)
FN:491,(anonymous_2)
FN:495,(anonymous_3)
FN:505,(anonymous_4)
FN:519,(anonymous_5)
FN:522,(anonymous_6)
FN:527,(anonymous_7)
FN:532,(anonymous_8)
FN:536,(anonymous_9)
FN:552,(anonymous_10)
FN:556,(anonymous_11)
FN:558,(anonymous_12)
FN:580,(anonymous_13)
FN:580,(anonymous_14)
FN:587,(anonymous_15)
FN:595,(anonymous_16)
FN:599,(anonymous_17)
FN:604,(anonymous_18)
FN:606,(anonymous_19)
FN:612,(anonymous_20)
FN:616,(anonymous_21)
FN:619,(anonymous_22)
FN:626,(anonymous_23)
FN:628,(anonymous_24)
FN:636,(anonymous_25)
FN:662,(anonymous_26)
FN:667,(anonymous_27)
FN:716,(anonymous_28)
FN:729,(anonymous_29)
FN:745,(anonymous_30)
FN:750,(anonymous_31)
FN:755,(anonymous_32)
FN:766,(anonymous_33)
FN:770,(anonymous_34)
FN:774,(anonymous_35)
FN:778,(anonymous_36)
FN:786,(anonymous_37)
FN:794,(anonymous_38)
FN:798,(anonymous_39)
FN:800,(anonymous_40)
FN:807,(anonymous_41)
FN:821,(anonymous_42)
FN:831,(anonymous_43)
FN:839,(anonymous_44)
FN:849,(anonymous_45)
FN:854,(anonymous_46)
FN:862,(anonymous_47)
FN:866,(anonymous_48)
FN:872,(anonymous_49)
FN:879,(anonymous_50)
FN:883,(anonymous_51)
FN:896,(anonymous_52)
FN:902,(anonymous_53)
FN:920,(anonymous_54)
FN:931,(anonymous_55)
FN:947,(anonymous_56)
FN:950,(anonymous_57)
FN:951,(anonymous_58)
FN:973,(anonymous_59)
FN:985,(anonymous_60)
FN:31,(anonymous_61)
FN:40,(anonymous_62)
FN:45,(anonymous_63)
FN:57,(anonymous_64)
FN:63,(anonymous_65)
FN:65,(anonymous_66)
FN:65,(anonymous_67)
FN:73,(anonymous_68)
FN:78,(anonymous_69)
FN:85,(anonymous_70)
FN:93,(anonymous_71)
FN:99,(anonymous_72)
FN:139,(anonymous_73)
FN:141,(anonymous_74)
FN:142,(anonymous_75)
FN:143,(anonymous_76)
FN:155,(anonymous_77)
FN:145,(anonymous_78)
FN:145,(anonymous_79)
FN:147,(anonymous_80)
FN:150,(anonymous_81)
FN:151,(anonymous_82)
FN:162,(anonymous_83)
FN:166,(anonymous_84)
FN:169,(anonymous_85)
FN:216,(anonymous_86)
FN:218,(anonymous_87)
FN:222,(anonymous_88)
FN:330,(anonymous_89)
FN:335,(anonymous_90)
FN:336,(anonymous_91)
FN:349,(anonymous_92)
FN:366,(anonymous_93)
FN:367,(anonymous_94)
FN:383,(anonymous_95)
FN:383,(anonymous_96)
[...]
FN:262,(anonymous_71)
FN:262,(anonymous_72)
FN:264,(anonymous_73)
FNF:74
FNH:0
FNDA:0,(anonymous_0)
FNDA:0,(anonymous_1)
FNDA:0,(anonymous_2)
FNDA:0,(anonymous_3)
FNDA:0,(anonymous_4)
FNDA:0,(anonymous_5)
FNDA:0,(anonymous_6)
FNDA:0,(anonymous_7)
FNDA:0,(anonymous_8)
FNDA:0,(anonymous_9)
FNDA:0,(anonymous_10)
FNDA:0,(anonymous_11)
FNDA:0,(anonymous_12)
FNDA:0,(anonymous_13)
FNDA:0,(anonymous_14)
FNDA:0,(anonymous_15)
FNDA:0,(anonymous_16)
FNDA:0,(anonymous_17)
FNDA:0,(anonymous_18)
FNDA:0,(anonymous_19)
FNDA:0,(anonymous_20)
FNDA:0,(anonymous_21)
FNDA:0,(anonymous_22)
FNDA:0,(anonymous_23)
FNDA:0,(anonymous_24)
FNDA:0,(anonymous_25)
FNDA:0,(anonymous_26)
FNDA:0,(anonymous_27)
FNDA:0,(anonymous_28)
FNDA:0,formatTimeAgo
FNDA:0,getAvatarInitial
FNDA:0,(anonymous_31)
FNDA:0,(anonymous_32)
FNDA:0,(anonymous_33)
FNDA:0,(anonymous_34)
FNDA:0,(anonymous_35)
FNDA:0,(anonymous_36)
FNDA:0,(anonymous_37)
FNDA:0,(anonymous_38)
FNDA:0,(anonymous_39)
FNDA:0,(anonymous_40)
FNDA:0,(anonymous_41)
FNDA:0,(anonymous_42)
FNDA:0,(anonymous_43)
FNDA:0,(anonymous_44)
FNDA:0,(anonymous_45)
FNDA:0,(anonymous_46)
FNDA:0,(anonymous_47)
FNDA:0,(anonymous_48)
FNDA:0,(anonymous_49)
FNDA:0,(anonymous_50)
FNDA:0,(anonymous_51)
FNDA:0,(anonymous_52)
FNDA:0,(anonymous_53)
FNDA:0,(anonymous_54)
FNDA:0,(anonymous_55)
FNDA:0,(anonymous_56)
FNDA:0,(anonymous_57)
FNDA:0,(anonymous_58)
FNDA:0,(anonymous_59)
FNDA:0,(anonymous_60)
FNDA:0,(anonymous_61)
FNDA:0,(anonymous_62)
FNDA:0,(anonymous_63)
FNDA:0,(anonymous_64)
FNDA:0,(anonymous_65)
FNDA:0,(anonymous_66)
FNDA:0,(anonymous_67)
FNDA:0,(anonymous_68)
FNDA:0,(anonymous_69)
FNDA:0,(anonymous_70)
FNDA:0,(anonymous_71)
FNDA:0,(anonymous_72)
FNDA:0,(anonymous_73)
DA:2,0
DA:4,0
DA:5,0
DA:7,0
DA:16,0
DA:17,0
DA:22,0
DA:24,0
DA:25,0
DA:29,0
DA:30,0
DA:44,0
DA:56,0
DA:64,0
DA:82,0
DA:83,0
DA:87,0
DA:88,0
DA:89,0
DA:94,0
DA:95,0
DA:99,0
DA:100,0
DA:103,0
DA:113,0
DA:114,0
DA:116,0
DA:119,0
DA:121,0
DA:125,0
DA:129,0
DA:132,0
DA:140,0
DA:145,0
DA:148,0
DA:152,0
DA:160,0
DA:167,0
DA:169,0
DA:170,0
DA:178,0
DA:185,0
DA:195,0
DA:196,0
DA:201,0
DA:202,0
DA:204,0
DA:210,0
DA:211,0
DA:213,0
DA:215,0
DA:221,0
DA:239,0
DA:241,0
DA:242,0
DA:244,0
DA:252,0
DA:253,0
DA:261,0
DA:262,0
DA:264,0
DA:267,0
DA:282,0
DA:283,0
DA:284,0
DA:286,0
DA:288,0
DA:289,0
DA:290,0
DA:291,0
DA:292,0
DA:293,0
DA:294,0
DA:295,0
DA:298,0
DA:299,0
DA:300,0
DA:301,0
DA:302,0
DA:351,0
DA:352,0
DA:353,0
DA:354,0
DA:355,0
DA:357,0
DA:358,0
DA:359,0
DA:360,0
DA:361,0
DA:362,0
DA:365,0
DA:369,0
DA:370,0
DA:371,0
DA:373,0
DA:378,0
DA:379,0
DA:380,0
DA:383,0
DA:384,0
DA:385,0
DA:388,0
DA:389,0
DA:390,0
DA:393,0
DA:394,0
DA:395,0
DA:396,0
DA:397,0
DA:398,0
DA:400,0
DA:401,0
DA:402,0
DA:404,0
DA:406,0
DA:411,0
DA:413,0
DA:414,0
DA:415,0
DA:418,0
DA:419,0
DA:424,0
DA:429,0
DA:430,0
DA:434,0
DA:435,0
DA:436,0
DA:437,0
DA:438,0
DA:439,0
DA:440,0
DA:441,0
DA:447,0
DA:448,0
DA:450,0
DA:451,0
DA:452,0
DA:454,0
DA:455,0
DA:456,0
DA:463,0
DA:466,0
DA:467,0
DA:468,0
DA:469,0
DA:471,0
DA:472,0
DA:474,0
DA:475,0
DA:476,0
DA:477,0
DA:478,0
DA:482,0
DA:483,0
DA:484,0
DA:485,0
DA:486,0
DA:487,0
DA:488,0
DA:489,0
DA:490,0
DA:494,0
DA:495,0
DA:498,0
DA:499,0
DA:509,0
DA:510,0
DA:514,0
DA:515,0
DA:516,0
DA:517,0
DA:518,0
DA:521,0
DA:522,0
DA:523,0
DA:524,0
DA:525,0
DA:526,0
DA:529,0
DA:530,0
DA:531,0
DA:535,0
DA:536,0
DA:537,0
DA:538,0
DA:539,0
DA:543,0
DA:544,0
DA:545,0
DA:547,0
DA:548,0
DA:549,0
DA:550,0
DA:551,0
DA:553,0
LF:195
LH:0
BRDA:299,0,0,0
BRDA:299,0,1,0
BRDA:300,1,0,0
BRDA:300,1,1,0
BRDA:301,2,0,0
BRDA:301,2,1,0
BRDA:307,3,0,0
BRDA:307,3,1,0
BRDA:318,4,0,0
BRDA:318,4,1,0
BRDA:353,5,0,0
BRDA:353,5,1,0
BRDA:353,6,0,0
BRDA:353,6,1,0
BRDA:359,7,0,0
BRDA:359,7,1,0
BRDA:362,8,0,0
BRDA:362,8,1,0
BRDA:370,9,0,0
BRDA:370,9,1,0
BRDA:389,10,0,0
BRDA:389,10,1,0
BRDA:415,11,0,0
BRDA:415,11,1,0
BRDA:415,12,0,0
BRDA:415,12,1,0
BRDA:434,13,0,0
BRDA:434,13,1,0
BRDA:438,14,0,0
BRDA:438,14,1,0
BRDA:439,15,0,0
BRDA:439,15,1,0
BRDA:440,16,0,0
BRDA:440,16,1,0
BRDA:452,17,0,0
BRDA:452,17,1,0
BRDA:452,18,0,0
BRDA:452,18,1,0
BRDA:457,19,0,0
BRDA:457,19,1,0
BRDA:459,20,0,0
BRDA:459,20,1,0
BRDA:459,21,0,0
BRDA:459,21,1,0
BRDA:471,22,0,0
BRDA:471,22,1,0
BRDA:472,23,0,0
BRDA:472,23,1,0
BRDA:476,24,0,0
BRDA:476,24,1,0
BRDA:477,25,0,0
BRDA:477,25,1,0
BRDA:482,26,0,0
BRDA:482,26,1,0
BRDA:485,27,0,0
BRDA:485,27,1,0
BRDA:486,28,0,0
BRDA:486,28,1,0
BRDA:488,29,0,0
BRDA:488,29,1,0
BRDA:494,30,0,0
BRDA:494,30,1,0
BRDA:515,31,0,0
BRDA:515,31,1,0
BRDA:536,32,0,0
BRDA:536,32,1,0
BRDA:550,33,0,0
BRDA:550,33,1,0
BRDA:551,34,0,0
BRDA:551,34,1,0
BRDA:22,35,0,0
BRDA:22,35,1,0
BRDA:28,36,0,0
BRDA:28,36,1,0
BRDA:30,37,0,0
BRDA:30,37,1,0
BRDA:31,38,0,0
BRDA:31,38,1,0
BRDA:33,39,0,0
BRDA:33,39,1,0
BRDA:47,40,0,0
BRDA:47,40,1,0
BRDA:67,41,0,0
BRDA:67,41,1,0
BRDA:58,42,0,0
BRDA:58,42,1,0
BRDA:64,43,0,0
BRDA:64,43,1,0
BRDA:74,44,0,0
BRDA:74,44,1,0
BRDA:95,45,0,0
BRDA:95,45,1,0
BRDA:101,46,0,0
BRDA:101,46,1,0
BRDA:103,47,0,0
BRDA:103,47,1,0
BRDA:114,48,0,0
BRDA:114,48,1,0
BRDA:129,49,0,0
BRDA:130,50,0,0
BRDA:130,50,1,0
BRDA:139,51,0,0
BRDA:139,52,0,0
BRDA:139,52,1,0
BRDA:148,53,0,0
BRDA:148,53,1,0
BRDA:150,54,0,0
BRDA:150,54,1,0
BRDA:152,55,0,0
BRDA:152,55,1,0
BRDA:160,56,0,0
BRDA:160,56,1,0
BRDA:194,57,0,0
BRDA:194,57,1,0
BRDA:179,58,0,0
BRDA:179,58,1,0
BRDA:187,59,0,0
BRDA:187,59,1,0
BRDA:223,60,0,0
BRDA:223,60,1,0
BRDA:222,61,0,0
BRDA:222,61,1,0
BRDA:237,62,0,0
BRDA:239,63,0,0
BRDA:239,63,1,0
BRDA:251,64,0,0
BRDA:251,64,1,0
BRDA:244,65,0,0
BRDA:244,65,1,0
BRDA:244,66,0,0
BRDA:244,66,1,0
BRDA:255,67,0,0
BRDA:255,67,1,0
BRDA:254,68,0,0
BRDA:254,68,1,0
BRDA:256,69,0,0
BRDA:256,69,1,0
BRDA:262,70,0,0
BRDA:262,70,1,0
BRDA:262,71,0,0
BRDA:262,71,1,0
BRDA:264,72,0,0
BRDA:264,72,1,0
BRF:143
BRH:0
end_of_record
TN:
SF:src\views\settings\AccountSettings.vue
FN:242,(anonymous_0)
FN:247,(anonymous_1)
FN:267,(anonymous_2)
FN:288,(anonymous_3)
FN:292,(anonymous_4)
FN:307,(anonymous_5)
FN:313,(anonymous_6)
FN:328,(anonymous_7)
FN:346,(anonymous_8)
FN:372,(anonymous_9)
FN:378,(anonymous_10)
FN:386,(anonymous_11)
FN:5,(anonymous_12)
FN:11,(anonymous_13)
FN:15,(anonymous_14)
FN:21,(anonymous_15)
FN:22,(anonymous_16)
FN:42,(anonymous_17)
FN:44,(anonymous_18)
FN:68,(anonymous_19)
FN:75,(anonymous_20)
FN:77,(anonymous_21)
FN:85,(anonymous_22)
FN:86,(anonymous_23)
FN:101,(anonymous_24)
FN:96,(anonymous_25)
FN:97,(anonymous_26)
FN:112,(anonymous_27)
FN:106,(anonymous_28)
FN:107,(anonymous_29)
FN:117,(anonymous_30)
FN:118,(anonymous_31)
FN:127,(anonymous_32)
FN:128,(anonymous_33)
FN:128,(anonymous_34)
FN:145,(anonymous_35)
FN:146,(anonymous_36)
FN:147,(anonymous_37)
FN:161,(anonymous_38)
FN:155,(anonymous_39)
FN:156,(anonymous_40)
FN:165,(anonymous_41)
FN:166,(anonymous_42)
FN:174,(anonymous_43)
FN:175,(anonymous_44)
FN:175,(anonymous_45)
FN:189,(anonymous_46)
FNF:47
FNH:0
FNDA:0,(anonymous_0)
FNDA:0,(anonymous_1)
FNDA:0,(anonymous_2)
FNDA:0,(anonymous_3)
FNDA:0,(anonymous_4)
FNDA:0,(anonymous_5)
FNDA:0,(anonymous_6)
FNDA:0,(anonymous_7)
FNDA:0,(anonymous_8)
FNDA:0,(anonymous_9)
FNDA:0,(anonymous_10)
FNDA:0,(anonymous_11)
FNDA:0,(anonymous_12)
FNDA:0,(anonymous_13)
FNDA:0,(anonymous_14)
FNDA:0,(anonymous_15)
FNDA:0,(anonymous_16)
FNDA:0,(anonymous_17)
FNDA:0,(anonymous_18)
FNDA:0,(anonymous_19)
FNDA:0,(anonymous_20)
FNDA:0,(anonymous_21)
FNDA:0,(anonymous_22)
FNDA:0,(anonymous_23)
FNDA:0,(anonymous_24)
FNDA:0,(anonymous_25)
FNDA:0,(anonymous_26)
FNDA:0,(anonymous_27)
FNDA:0,(anonymous_28)
FNDA:0,(anonymous_29)
FNDA:0,(anonymous_30)
FNDA:0,(anonymous_31)
FNDA:0,(anonymous_32)
FNDA:0,(anonymous_33)
FNDA:0,(anonymous_34)
FNDA:0,(anonymous_35)
FNDA:0,(anonymous_36)
FNDA:0,(anonymous_37)
FNDA:0,(anonymous_38)
FNDA:0,(anonymous_39)
FNDA:0,(anonymous_40)
FNDA:0,(anonymous_41)
FNDA:0,(anonymous_42)
FNDA:0,(anonymous_43)
FNDA:0,(anonymous_44)
FNDA:0,(anonymous_45)
FNDA:0,(anonymous_46)
DA:2,0
DA:8,0
DA:11,0
DA:13,0
DA:14,0
DA:21,0
DA:22,0
DA:25,0
DA:30,0
DA:32,0
DA:42,0
DA:44,0
DA:50,0
DA:68,0
DA:69,0
DA:77,0
DA:79,0
DA:86,0
DA:91,0
DA:97,0
DA:100,0
DA:101,0
DA:107,0
DA:111,0
DA:112,0
DA:118,0
DA:123,0
DA:128,0
DA:129,0
DA:135,0
DA:147,0
DA:151,0
DA:152,0
DA:156,0
DA:160,0
DA:161,0
DA:166,0
DA:170,0
DA:175,0
DA:176,0
DA:183,0
DA:184,0
DA:189,0
DA:191,0
DA:193,0
DA:195,0
DA:201,0
DA:210,0
DA:221,0
DA:223,0
DA:227,0
DA:230,0
DA:231,0
DA:232,0
DA:234,0
DA:242,0
DA:243,0
DA:244,0
DA:247,0
DA:248,0
DA:249,0
DA:252,0
DA:267,0
DA:268,0
DA:269,0
DA:270,0
DA:271,0
DA:278,0
DA:279,0
DA:281,0
DA:284,0
DA:288,0
DA:289,0
DA:292,0
DA:293,0
DA:294,0
DA:296,0
DA:297,0
DA:298,0
DA:301,0
DA:302,0
DA:303,0
DA:306,0
DA:307,0
DA:308,0
DA:310,0
DA:313,0
DA:314,0
DA:315,0
DA:319,0
DA:320,0
DA:322,0
DA:328,0
DA:329,0
DA:332,0
DA:346,0
DA:347,0
DA:348,0
DA:349,0
DA:350,0
DA:352,0
DA:353,0
DA:354,0
DA:358,0
DA:359,0
DA:360,0
DA:361,0
DA:362,0
DA:364,0
DA:367,0
DA:372,0
DA:373,0
DA:374,0
DA:375,0
DA:378,0
DA:379,0
DA:380,0
DA:382,0
DA:386,0
DA:387,0
DA:388,0
DA:389,0
DA:390,0
DA:391,0
DA:392,0
DA:393,0
DA:394,0
LF:127
LH:0
BRDA:243,0,0,0
BRDA:243,0,1,0
BRDA:248,1,0,0
BRDA:248,1,1,0
BRDA:268,2,0,0
BRDA:268,2,1,0
BRDA:272,3,0,0
BRDA:272,3,1,0
BRDA:273,4,0,0
BRDA:273,4,1,0
BRDA:274,5,0,0
BRDA:274,5,1,0
BRDA:275,6,0,0
BRDA:275,6,1,0
BRDA:276,7,0,0
BRDA:276,7,1,0
BRDA:278,8,0,0
BRDA:278,8,1,0
BRDA:294,9,0,0
BRDA:294,9,1,0
BRDA:296,10,0,0
BRDA:296,10,1,0
BRDA:301,11,0,0
BRDA:301,11,1,0
BRDA:315,12,0,0
BRDA:315,12,1,0
BRDA:347,13,0,0
BRDA:347,13,1,0
BRDA:348,14,0,0
BRDA:348,14,1,0
BRDA:358,15,0,0
BRDA:358,15,1,0
BRDA:373,16,0,0
BRDA:373,16,1,0
BRDA:379,17,0,0
BRDA:379,17,1,0
BRDA:389,18,0,0
BRDA:389,18,1,0
BRDA:390,19,0,0
BRDA:390,19,1,0
BRDA:391,20,0,0
BRDA:391,20,1,0
BRDA:392,21,0,0
BRDA:392,21,1,0
BRDA:393,22,0,0
BRDA:393,22,1,0
BRDA:394,23,0,0
BRDA:394,23,1,0
BRDA:8,24,0,0
BRDA:8,24,1,0
BRDA:132,25,0,0
BRDA:132,25,1,0
BRDA:46,26,0,0
BRDA:46,26,1,0
BRDA:52,27,0,0
BRDA:52,27,1,0
BRDA:63,28,0,0
BRDA:68,29,0,0
BRDA:68,29,1,0
BRDA:70,30,0,0
BRDA:70,30,1,0
BRDA:80,31,0,0
BRDA:80,31,1,0
BRDA:86,32,0,0
BRDA:86,32,1,0
BRDA:101,33,0,0
BRDA:101,33,1,0
BRDA:97,34,0,0
BRDA:97,34,1,0
BRDA:112,35,0,0
BRDA:112,35,1,0
BRDA:107,36,0,0
BRDA:107,36,1,0
BRDA:118,37,0,0
BRDA:118,37,1,0
BRDA:128,38,0,0
BRDA:128,38,1,0
BRDA:208,39,0,0
BRDA:208,39,1,0
BRDA:147,40,0,0
BRDA:147,40,1,0
BRDA:161,41,0,0
BRDA:161,41,1,0
BRDA:156,42,0,0
BRDA:156,42,1,0
BRDA:166,43,0,0
BRDA:166,43,1,0
BRDA:175,44,0,0
BRDA:175,44,1,0
BRDA:180,45,0,0
BRDA:180,45,1,0
BRDA:190,46,0,0
BRDA:190,46,1,0
BRDA:187,47,0,0
BRDA:187,47,1,0
BRDA:189,48,0,0
BRDA:189,48,1,0
BRDA:194,49,0,0
BRDA:194,49,1,0
BRDA:200,50,0,0
BRDA:200,50,1,0
BRDA:198,51,0,0
BRDA:198,51,1,0
BRDA:206,52,0,0
BRDA:206,52,1,0
BRDA:204,53,0,0
BRDA:204,53,1,0
BRF:107
BRH:0
end_of_record
TN:
SF:src\views\versions\VersionCompare.vue
FN:140,(anonymous_0)
FN:142,(anonymous_1)
FN:143,(anonymous_2)
FN:147,(anonymous_3)
FN:154,(anonymous_4)
FN:159,(anonymous_5)
FN:160,(anonymous_6)
FN:161,(anonymous_7)
FN:164,(anonymous_8)
FN:165,(anonymous_9)
FN:166,(anonymous_10)
FN:172,(anonymous_11)
FN:173,(anonymous_12)
FN:177,(anonymous_13)
FN:180,(anonymous_14)
FN:184,(anonymous_15)
FN:187,(anonymous_16)
FN:191,(anonymous_17)
FN:193,(anonymous_18)
FN:202,(anonymous_19)
FN:208,(anonymous_20)
FN:213,(anonymous_21)
FN:219,(anonymous_22)
FN:225,(anonymous_23)
FN:230,(anonymous_24)
FN:22,(anonymous_25)
FN:35,(anonymous_26)
FN:43,(anonymous_27)
FN:46,(anonymous_28)
FN:60,(anonymous_29)
FN:106,(anonymous_30)
FN:107,(anonymous_31)
FNF:32
FNH:0
FNDA:0,(anonymous_0)
FNDA:0,(anonymous_1)
FNDA:0,(anonymous_2)
FNDA:0,(anonymous_3)
FNDA:0,(anonymous_4)
FNDA:0,(anonymous_5)
FNDA:0,(anonymous_6)
FNDA:0,(anonymous_7)
FNDA:0,(anonymous_8)
FNDA:0,(anonymous_9)
FNDA:0,(anonymous_10)
FNDA:0,(anonymous_11)
FNDA:0,(anonymous_12)
FNDA:0,(anonymous_13)
FNDA:0,(anonymous_14)
FNDA:0,(anonymous_15)
FNDA:0,(anonymous_16)
FNDA:0,(anonymous_17)
FNDA:0,(anonymous_18)
FNDA:0,(anonymous_19)
FNDA:0,(anonymous_20)
FNDA:0,(anonymous_21)
FNDA:0,(anonymous_22)
FNDA:0,(anonymous_23)
FNDA:0,(anonymous_24)
FNDA:0,(anonymous_25)
FNDA:0,(anonymous_26)
FNDA:0,(anonymous_27)
FNDA:0,(anonymous_28)
FNDA:0,(anonymous_29)
FNDA:0,(anonymous_30)
FNDA:0,(anonymous_31)
DA:2,0
DA:3,0
DA:4,0
DA:8,0
DA:9,0
DA:17,0
DA:18,0
DA:22,0
DA:27,0
DA:35,0
DA:37,0
DA:38,0
DA:42,0
DA:43,0
DA:46,0
DA:51,0
DA:52,0
DA:57,0
DA:59,0
DA:62,0
DA:63,0
DA:71,0
DA:72,0
DA:73,0
DA:75,0
DA:82,0
DA:84,0
DA:93,0
DA:98,0
DA:103,0
DA:106,0
DA:107,0
DA:108,0
DA:109,0
DA:112,0
DA:113,0
DA:133,0
DA:134,0
DA:135,0
DA:137,0
DA:138,0
DA:140,0
DA:142,0
DA:143,0
DA:144,0
DA:147,0
DA:148,0
DA:149,0
DA:150,0
DA:151,0
DA:154,0
DA:155,0
DA:156,0
DA:159,0
DA:160,0
DA:161,0
DA:164,0
DA:165,0
DA:166,0
DA:167,0
DA:168,0
DA:172,0
DA:173,0
DA:174,0
DA:177,0
DA:178,0
DA:179,0
DA:180,0
DA:181,0
DA:184,0
DA:185,0
DA:186,0
DA:187,0
DA:189,0
DA:190,0
DA:191,0
DA:192,0
DA:193,0
DA:194,0
DA:195,0
DA:196,0
DA:197,0
DA:199,0
DA:202,0
DA:203,0
DA:205,0
DA:208,0
DA:209,0
DA:210,0
DA:211,0
DA:212,0
DA:213,0
DA:214,0
DA:215,0
DA:216,0
DA:219,0
DA:220,0
DA:221,0
DA:222,0
DA:225,0
DA:226,0
DA:227,0
DA:228,0
DA:229,0
DA:230,0
LF:105
LH:0
BRDA:148,0,0,0
BRDA:148,0,1,0
BRDA:161,1,0,0
BRDA:161,1,1,0
BRDA:166,2,0,0
BRDA:166,2,1,0
BRDA:166,3,0,0
BRDA:166,3,1,0
BRDA:178,4,0,0
BRDA:178,4,1,0
BRDA:185,5,0,0
BRDA:185,5,1,0
BRDA:186,6,0,0
BRDA:186,6,1,0
BRDA:187,7,0,0
BRDA:187,7,1,0
BRDA:187,8,0,0
BRDA:187,8,1,0
BRDA:190,9,0,0
BRDA:190,9,1,0
BRDA:191,10,0,0
BRDA:191,10,1,0
BRDA:194,11,0,0
BRDA:194,11,1,0
BRDA:195,12,0,0
BRDA:195,12,1,0
BRDA:209,13,0,0
BRDA:209,13,1,0
BRDA:211,14,0,0
BRDA:211,14,1,0
BRDA:212,15,0,0
BRDA:212,15,1,0
BRDA:214,16,0,0
BRDA:214,16,1,0
BRDA:215,17,0,0
BRDA:215,17,1,0
BRDA:215,18,0,0
BRDA:215,18,1,0
BRDA:220,19,0,0
BRDA:220,19,1,0
BRDA:221,20,0,0
BRDA:221,20,1,0
BRDA:228,21,0,0
BRDA:228,21,1,0
BRDA:12,22,0,0
BRDA:12,22,1,0
BRDA:14,23,0,0
BRDA:14,23,1,0
BRDA:20,24,0,0
BRDA:20,24,1,0
BRDA:19,25,0,0
BRDA:19,25,1,0
BRDA:22,26,0,0
BRDA:22,26,1,0
BRDA:28,27,0,0
BRDA:28,27,1,0
BRDA:30,28,0,0
BRDA:30,28,1,0
BRDA:40,29,0,0
BRDA:43,30,0,0
BRDA:43,30,1,0
BRDA:51,31,0,0
BRDA:51,31,1,0
BRDA:53,32,0,0
BRDA:53,32,1,0
BRDA:88,33,0,0
BRDA:88,33,1,0
BRDA:61,34,0,0
BRDA:61,34,1,0
BRDA:63,35,0,0
BRDA:63,35,1,0
BRDA:66,36,0,0
BRDA:66,36,1,0
BRDA:87,37,0,0
BRDA:87,37,1,0
BRDA:91,38,0,0
BRDA:101,39,0,0
BRDA:101,39,1,0
BRDA:97,40,0,0
BRDA:97,40,1,0
BRDA:100,41,0,0
BRDA:100,41,1,0
BRDA:99,42,0,0
BRDA:99,42,1,0
BRDA:120,43,0,0
BRDA:120,43,1,0
BRDA:105,44,0,0
BRDA:105,44,1,0
BRDA:112,45,0,0
BRDA:112,45,1,0
BRDA:117,46,0,0
BRDA:117,46,1,0
BRF:92
BRH:0
end_of_record
TN:
SF:src\views\versions\VersionList.vue
FN:195,(anonymous_0)
FN:196,(anonymous_1)
FN:197,(anonymous_2)
FN:198,(anonymous_3)
FN:199,(anonymous_4)
FN:201,(anonymous_5)
FN:204,(anonymous_6)
FN:214,(anonymous_7)
FN:228,(anonymous_8)
FN:232,(anonymous_9)
FN:237,(anonymous_10)
FN:242,(anonymous_11)
FN:257,(anonymous_12)
FN:269,(anonymous_13)
FN:271,(anonymous_14)
FN:276,(anonymous_15)
FN:278,(anonymous_16)
FN:282,(anonymous_17)
FN:288,(anonymous_18)
FN:291,(anonymous_19)
FN:20,(anonymous_20)
FN:21,(anonymous_21)
FN:21,(anonymous_22)
FN:22,(anonymous_23)
FN:23,(anonymous_24)
FN:24,(anonymous_25)
FN:41,(anonymous_26)
FN:43,(anonymous_27)
FN:44,(anonymous_28)
FN:44,(anonymous_29)
FN:50,(anonymous_30)
FN:52,(anonymous_31)
FN:56,(anonymous_32)
FN:59,(anonymous_33)
FN:63,(anonymous_34)
FN:67,(anonymous_35)
FN:73,(anonymous_36)
FN:76,(anonymous_37)
FN:76,(anonymous_38)
FN:78,(anonymous_39)
FN:81,(anonymous_40)
FN:82,(anonymous_41)
FN:92,(anonymous_42)
FN:93,(anonymous_43)
FN:97,(anonymous_44)
FN:98,(anonymous_45)
FN:109,(anonymous_46)
FN:111,(anonymous_47)
FN:112,(anonymous_48)
FN:112,(anonymous_49)
FN:116,(anonymous_50)
FN:119,(anonymous_51)
FN:128,(anonymous_52)
FN:144,(anonymous_53)
FNF:54
FNH:0
FNDA:0,(anonymous_0)
FNDA:0,(anonymous_1)
FNDA:0,(anonymous_2)
FNDA:0,(anonymous_3)
FNDA:0,(anonymous_4)
FNDA:0,(anonymous_5)
FNDA:0,(anonymous_6)
FNDA:0,(anonymous_7)
FNDA:0,(anonymous_8)
FNDA:0,(anonymous_9)
FNDA:0,(anonymous_10)
FNDA:0,(anonymous_11)
FNDA:0,(anonymous_12)
FNDA:0,(anonymous_13)
FNDA:0,(anonymous_14)
FNDA:0,(anonymous_15)
FNDA:0,(anonymous_16)
FNDA:0,(anonymous_17)
FNDA:0,(anonymous_18)
FNDA:0,(anonymous_19)
FNDA:0,(anonymous_20)
FNDA:0,(anonymous_21)
FNDA:0,(anonymous_22)
FNDA:0,(anonymous_23)
FNDA:0,(anonymous_24)
FNDA:0,(anonymous_25)
FNDA:0,(anonymous_26)
FNDA:0,(anonymous_27)
FNDA:0,(anonymous_28)
FNDA:0,(anonymous_29)
FNDA:0,(anonymous_30)
FNDA:0,(anonymous_31)
FNDA:0,(anonymous_32)
FNDA:0,(anonymous_33)
FNDA:0,(anonymous_34)
FNDA:0,(anonymous_35)
FNDA:0,(anonymous_36)
FNDA:0,(anonymous_37)
FNDA:0,(anonymous_38)
FNDA:0,(anonymous_39)
FNDA:0,(anonymous_40)
FNDA:0,(anonymous_41)
FNDA:0,(anonymous_42)
FNDA:0,(anonymous_43)
FNDA:0,(anonymous_44)
FNDA:0,(anonymous_45)
FNDA:0,(anonymous_46)
FNDA:0,(anonymous_47)
FNDA:0,(anonymous_48)
FNDA:0,(anonymous_49)
FNDA:0,(anonymous_50)
FNDA:0,(anonymous_51)
FNDA:0,(anonymous_52)
FNDA:0,(anonymous_53)
DA:2,0
DA:5,0
DA:6,0
DA:10,0
DA:11,0
DA:19,0
DA:20,0
DA:21,0
DA:22,0
DA:23,0
DA:24,0
DA:36,0
DA:37,0
DA:44,0
DA:45,0
DA:47,0
DA:49,0
DA:50,0
DA:52,0
DA:55,0
DA:58,0
DA:59,0
DA:62,0
DA:66,0
DA:67,0
DA:68,0
DA:69,0
DA:72,0
DA:73,0
DA:76,0
DA:81,0
DA:83,0
DA:84,0
DA:91,0
DA:92,0
DA:93,0
DA:97,0
DA:100,0
DA:109,0
DA:112,0
DA:113,0
DA:116,0
DA:119,0
DA:120,0
DA:121,0
DA:126,0
DA:129,0
DA:130,0
DA:132,0
DA:134,0
DA:136,0
DA:141,0
DA:144,0
DA:145,0
DA:146,0
DA:150,0
DA:156,0
DA:170,0
DA:171,0
DA:172,0
DA:173,0
DA:174,0
DA:176,0
DA:178,0
DA:179,0
DA:180,0
DA:181,0
DA:182,0
DA:183,0
DA:185,0
DA:195,0
DA:196,0
DA:197,0
DA:198,0
DA:199,0
DA:201,0
DA:202,0
DA:203,0
DA:204,0
DA:205,0
DA:206,0
DA:207,0
DA:208,0
DA:209,0
DA:210,0
DA:211,0
DA:214,0
DA:215,0
DA:216,0
DA:217,0
DA:219,0
DA:220,0
DA:221,0
DA:223,0
DA:225,0
DA:228,0
DA:229,0
DA:232,0
DA:234,0
DA:235,0
DA:237,0
DA:238,0
DA:239,0
DA:242,0
DA:243,0
DA:244,0
DA:245,0
DA:247,0
DA:248,0
DA:249,0
DA:250,0
DA:251,0
DA:253,0
DA:257,0
DA:258,0
DA:259,0
DA:260,0
DA:261,0
DA:262,0
DA:263,0
DA:265,0
DA:269,0
DA:271,0
DA:272,0
DA:273,0
DA:276,0
DA:277,0
DA:278,0
DA:279,0
DA:282,0
DA:283,0
DA:284,0
DA:285,0
DA:288,0
DA:289,0
DA:292,0
DA:293,0
DA:297,0
LF:138
LH:0
BRDA:195,0,0,0
BRDA:195,0,1,0
BRDA:195,1,0,0
BRDA:195,1,1,0
BRDA:196,2,0,0
BRDA:196,2,1,0
BRDA:196,3,0,0
BRDA:196,3,1,0
BRDA:197,4,0,0
BRDA:197,4,1,0
BRDA:197,5,0,0
BRDA:197,5,1,0
BRDA:198,6,0,0
BRDA:198,6,1,0
BRDA:198,7,0,0
BRDA:198,7,1,0
BRDA:199,8,0,0
BRDA:199,8,1,0
BRDA:199,9,0,0
BRDA:199,9,1,0
BRDA:202,10,0,0
BRDA:202,10,1,0
BRDA:216,11,0,0
BRDA:216,11,1,0
BRDA:219,12,0,0
BRDA:219,12,1,0
BRDA:229,13,0,0
BRDA:229,13,1,0
BRDA:243,14,0,0
BRDA:243,14,1,0
BRDA:248,15,0,0
BRDA:248,15,1,0
BRDA:253,16,0,0
BRDA:253,16,1,0
BRDA:259,17,0,0
BRDA:259,17,1,0
BRDA:260,18,0,0
BRDA:260,18,1,0
BRDA:263,19,0,0
BRDA:263,19,1,0
BRDA:265,20,0,0
BRDA:265,20,1,0
BRDA:277,21,0,0
BRDA:277,21,1,0
BRDA:277,22,0,0
BRDA:277,22,1,0
BRDA:279,23,0,0
BRDA:279,23,1,0
BRDA:283,24,0,0
BRDA:283,24,1,0
BRDA:283,24,2,0
BRDA:284,25,0,0
BRDA:284,25,1,0
BRDA:290,26,0,0
BRDA:290,26,1,0
BRDA:293,27,0,0
BRDA:293,27,1,0
BRDA:3,28,0,0
BRDA:3,28,1,0
BRDA:14,29,0,0
BRDA:14,29,1,0
BRDA:16,30,0,0
BRDA:16,30,1,0
BRDA:20,31,0,0
BRDA:20,31,1,0
BRDA:21,32,0,0
BRDA:21,32,1,0
BRDA:22,33,0,0
BRDA:22,33,1,0
BRDA:23,34,0,0
BRDA:23,34,1,0
BRDA:24,35,0,0
BRDA:24,35,1,0
BRDA:31,36,0,0
BRDA:31,36,1,0
BRDA:45,37,0,0
BRDA:45,37,1,0
BRDA:60,38,0,0
BRDA:60,38,1,0
BRDA:63,39,0,0
BRDA:63,39,1,0
BRDA:74,40,0,0
BRDA:74,40,1,0
BRDA:77,41,0,0
BRDA:77,41,1,0
BRDA:77,42,0,0
BRDA:77,42,1,0
BRDA:77,43,0,0
BRDA:77,43,1,0
BRDA:77,44,0,0
BRDA:77,44,1,0
BRDA:96,45,0,0
BRDA:109,46,0,0
BRDA:109,46,1,0
BRDA:112,47,0,0
BRDA:112,47,1,0
BRDA:116,48,0,0
BRDA:116,48,1,0
BRDA:121,49,0,0
BRDA:121,49,1,0
BRDA:122,50,0,0
BRDA:122,50,1,0
BRDA:124,51,0,0
BRDA:124,51,1,0
BRDA:128,52,0,0
BRDA:133,53,0,0
BRDA:133,53,1,0
BRDA:132,54,0,0
BRDA:132,54,1,0
BRDA:138,55,0,0
BRDA:138,55,1,0
BRDA:155,56,0,0
BRDA:155,56,1,0
BRDA:143,57,0,0
BRDA:143,57,1,0
BRDA:146,58,0,0
BRDA:146,58,1,0
BRDA:147,59,0,0
BRDA:147,59,1,0
BRDA:148,60,0,0
BRDA:148,60,1,0
BRDA:150,61,0,0
BRDA:150,61,1,0
BRF:123
BRH:0
end_of_record
