{"D:\\Program Data\\workspace-codebd\\TingStudio\\backend\\src\\controllers\\versionController.ts": {"path":"D:\\Program Data\\workspace-codebd\\TingStudio\\backend\\src\\controllers\\versionController.ts","statementMap":{"0":{"start":{"line":7,"column":8},"end":{"line":7,"column":59}},"1":{"start":{"line":8,"column":22},"end":{"line":8,"column":null}},"2":{"start":{"line":10,"column":31},"end":{"line":10,"column":94}},"3":{"start":{"line":11,"column":2},"end":{"line":11,"column":null}},"4":{"start":{"line":11,"column":16},"end":{"line":11,"column":null}},"5":{"start":{"line":13,"column":2},"end":{"line":32,"column":null}},"6":{"start":{"line":14,"column":4},"end":{"line":32,"column":null}},"7":{"start":{"line":37,"column":2},"end":{"line":92,"column":null}},"8":{"start":{"line":38,"column":26},"end":{"line":38,"column":null}},"9":{"start":{"line":39,"column":23},"end":{"line":39,"column":null}},"10":{"start":{"line":41,"column":37},"end":{"line":43,"column":null}},"11":{"start":{"line":45,"column":4},"end":{"line":52,"column":null}},"12":{"start":{"line":46,"column":25},"end":{"line":46,"column":79}},"13":{"start":{"line":46,"column":66},"end":{"line":46,"column":79}},"14":{"start":{"line":47,"column":6},"end":{"line":52,"column":null}},"15":{"start":{"line":48,"column":29},"end":{"line":48,"column":64}},"16":{"start":{"line":48,"column":50},"end":{"line":48,"column":54}},"17":{"start":{"line":49,"column":8},"end":{"line":52,"column":null}},"18":{"start":{"line":56,"column":39},"end":{"line":58,"column":null}},"19":{"start":{"line":60,"column":4},"end":{"line":67,"column":null}},"20":{"start":{"line":61,"column":25},"end":{"line":61,"column":81}},"21":{"start":{"line":61,"column":68},"end":{"line":61,"column":81}},"22":{"start":{"line":62,"column":6},"end":{"line":67,"column":null}},"23":{"start":{"line":63,"column":29},"end":{"line":63,"column":64}},"24":{"start":{"line":63,"column":50},"end":{"line":63,"column":54}},"25":{"start":{"line":64,"column":8},"end":{"line":67,"column":null}},"26":{"start":{"line":71,"column":19},"end":{"line":71,"column":null}},"27":{"start":{"line":72,"column":26},"end":{"line":72,"column":37}},"28":{"start":{"line":74,"column":4},"end":{"line":76,"column":null}},"29":{"start":{"line":75,"column":6},"end":{"line":75,"column":null}},"30":{"start":{"line":76,"column":6},"end":{"line":76,"column":null}},"31":{"start":{"line":79,"column":30},"end":{"line":81,"column":null}},"32":{"start":{"line":84,"column":19},"end":{"line":88,"column":7}},"33":{"start":{"line":84,"column":45},"end":{"line":88,"column":7}},"34":{"start":{"line":90,"column":4},"end":{"line":90,"column":null}},"35":{"start":{"line":92,"column":4},"end":{"line":92,"column":null}},"36":{"start":{"line":97,"column":2},"end":{"line":114,"column":null}},"37":{"start":{"line":98,"column":26},"end":{"line":98,"column":null}},"38":{"start":{"line":99,"column":33},"end":{"line":101,"column":null}},"39":{"start":{"line":103,"column":4},"end":{"line":105,"column":null}},"40":{"start":{"line":104,"column":6},"end":{"line":104,"column":null}},"41":{"start":{"line":105,"column":6},"end":{"line":105,"column":null}},"42":{"start":{"line":108,"column":4},"end":{"line":112,"column":null}},"43":{"start":{"line":114,"column":4},"end":{"line":114,"column":null}},"44":{"start":{"line":119,"column":2},"end":{"line":172,"column":null}},"45":{"start":{"line":120,"column":26},"end":{"line":120,"column":null}},"46":{"start":{"line":121,"column":51},"end":{"line":121,"column":null}},"47":{"start":{"line":122,"column":19},"end":{"line":122,"column":null}},"48":{"start":{"line":124,"column":4},"end":{"line":126,"column":null}},"49":{"start":{"line":125,"column":6},"end":{"line":125,"column":null}},"50":{"start":{"line":126,"column":6},"end":{"line":126,"column":null}},"51":{"start":{"line":129,"column":33},"end":{"line":129,"column":96}},"52":{"start":{"line":130,"column":4},"end":{"line":132,"column":null}},"53":{"start":{"line":131,"column":6},"end":{"line":131,"column":null}},"54":{"start":{"line":132,"column":6},"end":{"line":132,"column":null}},"55":{"start":{"line":135,"column":30},"end":{"line":137,"column":null}},"56":{"start":{"line":139,"column":27},"end":{"line":139,"column":null}},"57":{"start":{"line":140,"column":18},"end":{"line":140,"column":55}},"58":{"start":{"line":141,"column":24},"end":{"line":141,"column":null}},"59":{"start":{"line":142,"column":4},"end":{"line":143,"column":null}},"60":{"start":{"line":143,"column":6},"end":{"line":143,"column":null}},"61":{"start":{"line":146,"column":10},"end":{"line":146,"column":34}},"62":{"start":{"line":148,"column":4},"end":{"line":148,"column":null}},"63":{"start":{"line":150,"column":4},"end":{"line":168,"column":null}},"64":{"start":{"line":170,"column":4},"end":{"line":170,"column":null}},"65":{"start":{"line":172,"column":4},"end":{"line":172,"column":null}},"66":{"start":{"line":177,"column":2},"end":{"line":216,"column":null}},"67":{"start":{"line":178,"column":26},"end":{"line":178,"column":null}},"68":{"start":{"line":180,"column":33},"end":{"line":182,"column":null}},"69":{"start":{"line":184,"column":4},"end":{"line":186,"column":null}},"70":{"start":{"line":185,"column":6},"end":{"line":185,"column":null}},"71":{"start":{"line":186,"column":6},"end":{"line":186,"column":null}},"72":{"start":{"line":189,"column":22},"end":{"line":189,"column":null}},"73":{"start":{"line":191,"column":33},"end":{"line":193,"column":null}},"74":{"start":{"line":195,"column":4},"end":{"line":197,"column":null}},"75":{"start":{"line":196,"column":6},"end":{"line":196,"column":null}},"76":{"start":{"line":197,"column":6},"end":{"line":197,"column":null}},"77":{"start":{"line":200,"column":4},"end":{"line":204,"column":null}},"78":{"start":{"line":206,"column":4},"end":{"line":209,"column":null}},"79":{"start":{"line":211,"column":4},"end":{"line":211,"column":null}},"80":{"start":{"line":213,"column":4},"end":{"line":213,"column":null}},"81":{"start":{"line":215,"column":4},"end":{"line":215,"column":null}},"82":{"start":{"line":216,"column":4},"end":{"line":216,"column":null}},"83":{"start":{"line":221,"column":2},"end":{"line":268,"column":null}},"84":{"start":{"line":222,"column":26},"end":{"line":222,"column":null}},"85":{"start":{"line":223,"column":19},"end":{"line":223,"column":null}},"86":{"start":{"line":224,"column":24},"end":{"line":224,"column":38}},"87":{"start":{"line":226,"column":33},"end":{"line":228,"column":null}},"88":{"start":{"line":230,"column":4},"end":{"line":232,"column":null}},"89":{"start":{"line":231,"column":6},"end":{"line":231,"column":null}},"90":{"start":{"line":232,"column":6},"end":{"line":232,"column":null}},"91":{"start":{"line":235,"column":4},"end":{"line":237,"column":null}},"92":{"start":{"line":236,"column":6},"end":{"line":236,"column":null}},"93":{"start":{"line":237,"column":6},"end":{"line":237,"column":null}},"94":{"start":{"line":240,"column":4},"end":{"line":242,"column":null}},"95":{"start":{"line":241,"column":6},"end":{"line":241,"column":null}},"96":{"start":{"line":242,"column":6},"end":{"line":242,"column":null}},"97":{"start":{"line":245,"column":30},"end":{"line":245,"column":98}},"98":{"start":{"line":247,"column":4},"end":{"line":250,"column":null}},"99":{"start":{"line":252,"column":4},"end":{"line":258,"column":null}},"100":{"start":{"line":260,"column":4},"end":{"line":265,"column":null}},"101":{"start":{"line":267,"column":4},"end":{"line":267,"column":null}},"102":{"start":{"line":268,"column":4},"end":{"line":268,"column":null}},"103":{"start":{"line":273,"column":2},"end":{"line":330,"column":null}},"104":{"start":{"line":274,"column":26},"end":{"line":274,"column":null}},"105":{"start":{"line":275,"column":19},"end":{"line":275,"column":null}},"106":{"start":{"line":276,"column":24},"end":{"line":276,"column":38}},"107":{"start":{"line":278,"column":4},"end":{"line":280,"column":null}},"108":{"start":{"line":279,"column":6},"end":{"line":279,"column":null}},"109":{"start":{"line":280,"column":6},"end":{"line":280,"column":null}},"110":{"start":{"line":283,"column":33},"end":{"line":285,"column":null}},"111":{"start":{"line":287,"column":4},"end":{"line":289,"column":null}},"112":{"start":{"line":288,"column":6},"end":{"line":288,"column":null}},"113":{"start":{"line":289,"column":6},"end":{"line":289,"column":null}},"114":{"start":{"line":292,"column":4},"end":{"line":294,"column":null}},"115":{"start":{"line":293,"column":6},"end":{"line":293,"column":null}},"116":{"start":{"line":294,"column":6},"end":{"line":294,"column":null}},"117":{"start":{"line":297,"column":22},"end":{"line":297,"column":null}},"118":{"start":{"line":299,"column":4},"end":{"line":303,"column":null}},"119":{"start":{"line":305,"column":4},"end":{"line":308,"column":null}},"120":{"start":{"line":310,"column":4},"end":{"line":310,"column":null}},"121":{"start":{"line":312,"column":30},"end":{"line":312,"column":98}},"122":{"start":{"line":313,"column":4},"end":{"line":319,"column":null}},"123":{"start":{"line":321,"column":4},"end":{"line":327,"column":null}},"124":{"start":{"line":329,"column":4},"end":{"line":329,"column":null}},"125":{"start":{"line":330,"column":4},"end":{"line":330,"column":null}},"126":{"start":{"line":335,"column":2},"end":{"line":387,"column":null}},"127":{"start":{"line":336,"column":26},"end":{"line":336,"column":null}},"128":{"start":{"line":337,"column":19},"end":{"line":337,"column":null}},"129":{"start":{"line":338,"column":24},"end":{"line":338,"column":38}},"130":{"start":{"line":340,"column":4},"end":{"line":342,"column":null}},"131":{"start":{"line":341,"column":6},"end":{"line":341,"column":null}},"132":{"start":{"line":342,"column":6},"end":{"line":342,"column":null}},"133":{"start":{"line":345,"column":4},"end":{"line":347,"column":null}},"134":{"start":{"line":346,"column":6},"end":{"line":346,"column":null}},"135":{"start":{"line":347,"column":6},"end":{"line":347,"column":null}},"136":{"start":{"line":350,"column":33},"end":{"line":352,"column":null}},"137":{"start":{"line":354,"column":4},"end":{"line":356,"column":null}},"138":{"start":{"line":355,"column":6},"end":{"line":355,"column":null}},"139":{"start":{"line":356,"column":6},"end":{"line":356,"column":null}},"140":{"start":{"line":359,"column":4},"end":{"line":361,"column":null}},"141":{"start":{"line":360,"column":6},"end":{"line":360,"column":null}},"142":{"start":{"line":361,"column":6},"end":{"line":361,"column":null}},"143":{"start":{"line":364,"column":4},"end":{"line":367,"column":null}},"144":{"start":{"line":369,"column":30},"end":{"line":369,"column":98}},"145":{"start":{"line":370,"column":4},"end":{"line":376,"column":null}},"146":{"start":{"line":378,"column":4},"end":{"line":384,"column":null}},"147":{"start":{"line":386,"column":4},"end":{"line":386,"column":null}},"148":{"start":{"line":387,"column":4},"end":{"line":387,"column":null}},"149":{"start":{"line":392,"column":2},"end":{"line":407,"column":null}},"150":{"start":{"line":393,"column":4},"end":{"line":395,"column":null}},"151":{"start":{"line":394,"column":6},"end":{"line":394,"column":null}},"152":{"start":{"line":395,"column":6},"end":{"line":395,"column":null}},"153":{"start":{"line":398,"column":17},"end":{"line":398,"column":null}},"154":{"start":{"line":399,"column":21},"end":{"line":399,"column":80}},"155":{"start":{"line":400,"column":20},"end":{"line":400,"column":null}},"156":{"start":{"line":402,"column":19},"end":{"line":402,"column":74}},"157":{"start":{"line":404,"column":4},"end":{"line":404,"column":null}},"158":{"start":{"line":406,"column":4},"end":{"line":406,"column":null}},"159":{"start":{"line":407,"column":4},"end":{"line":407,"column":null}},"160":{"start":{"line":412,"column":2},"end":{"line":440,"column":null}},"161":{"start":{"line":413,"column":26},"end":{"line":413,"column":null}},"162":{"start":{"line":415,"column":33},"end":{"line":417,"column":null}},"163":{"start":{"line":419,"column":4},"end":{"line":421,"column":null}},"164":{"start":{"line":420,"column":6},"end":{"line":420,"column":null}},"165":{"start":{"line":421,"column":6},"end":{"line":421,"column":null}},"166":{"start":{"line":424,"column":4},"end":{"line":428,"column":null}},"167":{"start":{"line":425,"column":22},"end":{"line":425,"column":79}},"168":{"start":{"line":426,"column":6},"end":{"line":428,"column":null}},"169":{"start":{"line":427,"column":8},"end":{"line":427,"column":null}},"170":{"start":{"line":428,"column":8},"end":{"line":428,"column":null}},"171":{"start":{"line":432,"column":17},"end":{"line":432,"column":47}},"172":{"start":{"line":434,"column":4},"end":{"line":437,"column":null}},"173":{"start":{"line":439,"column":4},"end":{"line":439,"column":null}},"174":{"start":{"line":440,"column":4},"end":{"line":440,"column":null}},"175":{"start":{"line":445,"column":2},"end":{"line":551,"column":null}},"176":{"start":{"line":446,"column":26},"end":{"line":446,"column":null}},"177":{"start":{"line":448,"column":33},"end":{"line":448,"column":115}},"178":{"start":{"line":449,"column":4},"end":{"line":451,"column":null}},"179":{"start":{"line":450,"column":6},"end":{"line":450,"column":null}},"180":{"start":{"line":451,"column":6},"end":{"line":451,"column":null}},"181":{"start":{"line":454,"column":4},"end":{"line":456,"column":null}},"182":{"start":{"line":455,"column":6},"end":{"line":455,"column":null}},"183":{"start":{"line":456,"column":6},"end":{"line":456,"column":null}},"184":{"start":{"line":459,"column":40},"end":{"line":461,"column":null}},"185":{"start":{"line":463,"column":4},"end":{"line":465,"column":null}},"186":{"start":{"line":464,"column":6},"end":{"line":464,"column":null}},"187":{"start":{"line":465,"column":6},"end":{"line":465,"column":null}},"188":{"start":{"line":468,"column":10},"end":{"line":468,"column":68}},"189":{"start":{"line":469,"column":22},"end":{"line":469,"column":81}},"190":{"start":{"line":471,"column":27},"end":{"line":471,"column":29}},"191":{"start":{"line":473,"column":4},"end":{"line":530,"column":null}},"192":{"start":{"line":474,"column":6},"end":{"line":474,"column":null}},"193":{"start":{"line":474,"column":27},"end":{"line":474,"column":null}},"194":{"start":{"line":476,"column":39},"end":{"line":478,"column":null}},"195":{"start":{"line":481,"column":6},"end":{"line":494,"column":null}},"196":{"start":{"line":482,"column":8},"end":{"line":493,"column":null}},"197":{"start":{"line":494,"column":8},"end":{"line":494,"column":null}},"198":{"start":{"line":497,"column":6},"end":{"line":530,"column":null}},"199":{"start":{"line":498,"column":25},"end":{"line":498,"column":null}},"200":{"start":{"line":499,"column":25},"end":{"line":499,"column":null}},"201":{"start":{"line":500,"column":8},"end":{"line":511,"column":null}},"202":{"start":{"line":513,"column":39},"end":{"line":515,"column":null}},"203":{"start":{"line":517,"column":25},"end":{"line":517,"column":null}},"204":{"start":{"line":518,"column":25},"end":{"line":518,"column":null}},"205":{"start":{"line":519,"column":8},"end":{"line":530,"column":null}},"206":{"start":{"line":534,"column":23},"end":{"line":534,"column":55}},"207":{"start":{"line":534,"column":43},"end":{"line":534,"column":55}},"208":{"start":{"line":535,"column":28},"end":{"line":535,"column":63}},"209":{"start":{"line":535,"column":48},"end":{"line":535,"column":63}},"210":{"start":{"line":537,"column":4},"end":{"line":548,"column":null}},"211":{"start":{"line":546,"column":43},"end":{"line":546,"column":55}},"212":{"start":{"line":547,"column":47},"end":{"line":547,"column":62}},"213":{"start":{"line":550,"column":4},"end":{"line":550,"column":null}},"214":{"start":{"line":551,"column":4},"end":{"line":551,"column":null}},"215":{"start":{"line":556,"column":2},"end":{"line":701,"column":null}},"216":{"start":{"line":557,"column":26},"end":{"line":557,"column":null}},"217":{"start":{"line":558,"column":19},"end":{"line":558,"column":null}},"218":{"start":{"line":559,"column":28},"end":{"line":559,"column":42}},"219":{"start":{"line":561,"column":33},"end":{"line":561,"column":96}},"220":{"start":{"line":562,"column":4},"end":{"line":564,"column":null}},"221":{"start":{"line":563,"column":6},"end":{"line":563,"column":null}},"222":{"start":{"line":564,"column":6},"end":{"line":564,"column":null}},"223":{"start":{"line":567,"column":4},"end":{"line":569,"column":null}},"224":{"start":{"line":568,"column":6},"end":{"line":568,"column":null}},"225":{"start":{"line":569,"column":6},"end":{"line":569,"column":null}},"226":{"start":{"line":572,"column":40},"end":{"line":574,"column":null}},"227":{"start":{"line":576,"column":4},"end":{"line":578,"column":null}},"228":{"start":{"line":577,"column":6},"end":{"line":577,"column":null}},"229":{"start":{"line":578,"column":6},"end":{"line":578,"column":null}},"230":{"start":{"line":581,"column":10},"end":{"line":581,"column":68}},"231":{"start":{"line":582,"column":22},"end":{"line":582,"column":46}},"232":{"start":{"line":584,"column":29},"end":{"line":584,"column":31}},"233":{"start":{"line":585,"column":27},"end":{"line":585,"column":29}},"234":{"start":{"line":587,"column":4},"end":{"line":638,"column":null}},"235":{"start":{"line":588,"column":6},"end":{"line":590,"column":null}},"236":{"start":{"line":589,"column":8},"end":{"line":589,"column":null}},"237":{"start":{"line":590,"column":8},"end":{"line":590,"column":null}},"238":{"start":{"line":593,"column":6},"end":{"line":595,"column":null}},"239":{"start":{"line":594,"column":8},"end":{"line":594,"column":null}},"240":{"start":{"line":595,"column":8},"end":{"line":595,"column":null}},"241":{"start":{"line":598,"column":39},"end":{"line":600,"column":null}},"242":{"start":{"line":603,"column":6},"end":{"line":605,"column":null}},"243":{"start":{"line":604,"column":8},"end":{"line":604,"column":null}},"244":{"start":{"line":605,"column":8},"end":{"line":605,"column":null}},"245":{"start":{"line":608,"column":37},"end":{"line":610,"column":null}},"246":{"start":{"line":613,"column":6},"end":{"line":615,"column":null}},"247":{"start":{"line":614,"column":8},"end":{"line":614,"column":null}},"248":{"start":{"line":615,"column":8},"end":{"line":615,"column":null}},"249":{"start":{"line":618,"column":23},"end":{"line":618,"column":null}},"250":{"start":{"line":619,"column":23},"end":{"line":619,"column":null}},"251":{"start":{"line":621,"column":6},"end":{"line":629,"column":null}},"252":{"start":{"line":631,"column":6},"end":{"line":638,"column":null}},"253":{"start":{"line":641,"column":4},"end":{"line":643,"column":null}},"254":{"start":{"line":642,"column":6},"end":{"line":642,"column":null}},"255":{"start":{"line":643,"column":6},"end":{"line":643,"column":null}},"256":{"start":{"line":646,"column":30},"end":{"line":648,"column":null}},"257":{"start":{"line":650,"column":27},"end":{"line":650,"column":null}},"258":{"start":{"line":651,"column":18},"end":{"line":651,"column":55}},"259":{"start":{"line":652,"column":24},"end":{"line":652,"column":null}},"260":{"start":{"line":653,"column":4},"end":{"line":654,"column":null}},"261":{"start":{"line":654,"column":6},"end":{"line":654,"column":null}},"262":{"start":{"line":657,"column":28},"end":{"line":657,"column":null}},"263":{"start":{"line":658,"column":10},"end":{"line":658,"column":74}},"264":{"start":{"line":659,"column":23},"end":{"line":667,"column":null}},"265":{"start":{"line":670,"column":4},"end":{"line":673,"column":null}},"266":{"start":{"line":675,"column":10},"end":{"line":675,"column":37}},"267":{"start":{"line":676,"column":4},"end":{"line":689,"column":null}},"268":{"start":{"line":691,"column":4},"end":{"line":698,"column":null}},"269":{"start":{"line":700,"column":4},"end":{"line":700,"column":null}},"270":{"start":{"line":701,"column":4},"end":{"line":701,"column":null}},"271":{"start":{"line":706,"column":2},"end":{"line":766,"column":null}},"272":{"start":{"line":707,"column":26},"end":{"line":707,"column":null}},"273":{"start":{"line":708,"column":19},"end":{"line":708,"column":null}},"274":{"start":{"line":710,"column":33},"end":{"line":712,"column":null}},"275":{"start":{"line":714,"column":4},"end":{"line":716,"column":null}},"276":{"start":{"line":715,"column":6},"end":{"line":715,"column":null}},"277":{"start":{"line":716,"column":6},"end":{"line":716,"column":null}},"278":{"start":{"line":719,"column":4},"end":{"line":724,"column":null}},"279":{"start":{"line":720,"column":6},"end":{"line":723,"column":null}},"280":{"start":{"line":724,"column":6},"end":{"line":724,"column":null}},"281":{"start":{"line":727,"column":4},"end":{"line":734,"column":null}},"282":{"start":{"line":728,"column":22},"end":{"line":728,"column":70}},"283":{"start":{"line":729,"column":6},"end":{"line":734,"column":null}},"284":{"start":{"line":730,"column":8},"end":{"line":733,"column":null}},"285":{"start":{"line":734,"column":8},"end":{"line":734,"column":null}},"286":{"start":{"line":738,"column":22},"end":{"line":738,"column":null}},"287":{"start":{"line":740,"column":4},"end":{"line":742,"column":null}},"288":{"start":{"line":741,"column":6},"end":{"line":741,"column":null}},"289":{"start":{"line":742,"column":6},"end":{"line":742,"column":null}},"290":{"start":{"line":745,"column":4},"end":{"line":748,"column":null}},"291":{"start":{"line":750,"column":4},"end":{"line":753,"column":null}},"292":{"start":{"line":755,"column":4},"end":{"line":755,"column":null}},"293":{"start":{"line":757,"column":4},"end":{"line":763,"column":null}},"294":{"start":{"line":765,"column":4},"end":{"line":765,"column":null}},"295":{"start":{"line":766,"column":4},"end":{"line":766,"column":null}},"296":{"start":{"line":771,"column":2},"end":{"line":897,"column":null}},"297":{"start":{"line":772,"column":26},"end":{"line":772,"column":null}},"298":{"start":{"line":773,"column":35},"end":{"line":773,"column":null}},"299":{"start":{"line":775,"column":4},"end":{"line":777,"column":null}},"300":{"start":{"line":776,"column":6},"end":{"line":776,"column":null}},"301":{"start":{"line":777,"column":6},"end":{"line":777,"column":null}},"302":{"start":{"line":780,"column":28},"end":{"line":782,"column":null}},"303":{"start":{"line":784,"column":28},"end":{"line":786,"column":null}},"304":{"start":{"line":789,"column":4},"end":{"line":791,"column":null}},"305":{"start":{"line":790,"column":6},"end":{"line":790,"column":null}},"306":{"start":{"line":791,"column":6},"end":{"line":791,"column":null}},"307":{"start":{"line":794,"column":10},"end":{"line":794,"column":57}},"308":{"start":{"line":795,"column":10},"end":{"line":795,"column":57}},"309":{"start":{"line":796,"column":23},"end":{"line":796,"column":48}},"310":{"start":{"line":797,"column":23},"end":{"line":797,"column":48}},"311":{"start":{"line":799,"column":31},"end":{"line":799,"column":33}},"312":{"start":{"line":800,"column":21},"end":{"line":800,"column":24}},"313":{"start":{"line":800,"column":40},"end":{"line":800,"column":43}},"314":{"start":{"line":800,"column":58},"end":{"line":800,"column":null}},"315":{"start":{"line":802,"column":4},"end":{"line":807,"column":null}},"316":{"start":{"line":803,"column":6},"end":{"line":806,"column":null}},"317":{"start":{"line":807,"column":6},"end":{"line":807,"column":null}},"318":{"start":{"line":810,"column":4},"end":{"line":815,"column":null}},"319":{"start":{"line":811,"column":6},"end":{"line":814,"column":null}},"320":{"start":{"line":815,"column":6},"end":{"line":815,"column":null}},"321":{"start":{"line":818,"column":4},"end":{"line":823,"column":null}},"322":{"start":{"line":819,"column":6},"end":{"line":822,"column":null}},"323":{"start":{"line":823,"column":6},"end":{"line":823,"column":null}},"324":{"start":{"line":826,"column":4},"end":{"line":831,"column":null}},"325":{"start":{"line":827,"column":6},"end":{"line":830,"column":null}},"326":{"start":{"line":831,"column":6},"end":{"line":831,"column":null}},"327":{"start":{"line":834,"column":4},"end":{"line":839,"column":null}},"328":{"start":{"line":835,"column":6},"end":{"line":838,"column":null}},"329":{"start":{"line":839,"column":6},"end":{"line":839,"column":null}},"330":{"start":{"line":842,"column":4},"end":{"line":847,"column":null}},"331":{"start":{"line":843,"column":6},"end":{"line":846,"column":null}},"332":{"start":{"line":847,"column":6},"end":{"line":847,"column":null}},"333":{"start":{"line":850,"column":4},"end":{"line":863,"column":null}},"334":{"start":{"line":851,"column":19},"end":{"line":851,"column":80}},"335":{"start":{"line":851,"column":47},"end":{"line":851,"column":80}},"336":{"start":{"line":852,"column":6},"end":{"line":863,"column":null}},"337":{"start":{"line":853,"column":8},"end":{"line":856,"column":null}},"338":{"start":{"line":857,"column":8},"end":{"line":857,"column":null}},"339":{"start":{"line":858,"column":13},"end":{"line":863,"column":null}},"340":{"start":{"line":859,"column":8},"end":{"line":862,"column":null}},"341":{"start":{"line":863,"column":8},"end":{"line":863,"column":null}},"342":{"start":{"line":867,"column":4},"end":{"line":874,"column":null}},"343":{"start":{"line":868,"column":21},"end":{"line":868,"column":82}},"344":{"start":{"line":868,"column":49},"end":{"line":868,"column":82}},"345":{"start":{"line":869,"column":6},"end":{"line":874,"column":null}},"346":{"start":{"line":870,"column":8},"end":{"line":873,"column":null}},"347":{"start":{"line":874,"column":8},"end":{"line":874,"column":null}},"348":{"start":{"line":878,"column":23},"end":{"line":893,"column":null}},"349":{"start":{"line":888,"column":56},"end":{"line":888,"column":91}},"350":{"start":{"line":889,"column":53},"end":{"line":889,"column":77}},"351":{"start":{"line":890,"column":59},"end":{"line":890,"column":89}},"352":{"start":{"line":895,"column":4},"end":{"line":895,"column":null}},"353":{"start":{"line":897,"column":4},"end":{"line":897,"column":null}}},"fnMap":{"0":{"name":"syncSnapshotToFormula","decl":{"start":{"line":6,"column":15},"end":{"line":6,"column":37}},"loc":{"start":{"line":6,"column":85},"end":{"line":32,"column":null}},"line":6},"1":{"name":"getVersions","decl":{"start":{"line":36,"column":22},"end":{"line":36,"column":34}},"loc":{"start":{"line":36,"column":63},"end":{"line":92,"column":null}},"line":36},"2":{"name":"(anonymous_2)","decl":{"start":{"line":46,"column":50},"end":{"line":46,"column":55}},"loc":{"start":{"line":46,"column":66},"end":{"line":46,"column":79}},"line":46},"3":{"name":"(anonymous_3)","decl":{"start":{"line":48,"column":40},"end":{"line":48,"column":50}},"loc":{"start":{"line":48,"column":50},"end":{"line":48,"column":54}},"line":48},"4":{"name":"(anonymous_4)","decl":{"start":{"line":61,"column":52},"end":{"line":61,"column":57}},"loc":{"start":{"line":61,"column":68},"end":{"line":61,"column":81}},"line":61},"5":{"name":"(anonymous_5)","decl":{"start":{"line":63,"column":40},"end":{"line":63,"column":50}},"loc":{"start":{"line":63,"column":50},"end":{"line":63,"column":54}},"line":63},"6":{"name":"(anonymous_6)","decl":{"start":{"line":84,"column":28},"end":{"line":84,"column":33}},"loc":{"start":{"line":84,"column":45},"end":{"line":88,"column":7}},"line":84},"7":{"name":"getVersion","decl":{"start":{"line":96,"column":22},"end":{"line":96,"column":33}},"loc":{"start":{"line":96,"column":62},"end":{"line":114,"column":null}},"line":96},"8":{"name":"createVersion","decl":{"start":{"line":118,"column":22},"end":{"line":118,"column":36}},"loc":{"start":{"line":118,"column":61},"end":{"line":172,"column":null}},"line":118},"9":{"name":"publishVersion","decl":{"start":{"line":176,"column":22},"end":{"line":176,"column":37}},"loc":{"start":{"line":176,"column":62},"end":{"line":216,"column":null}},"line":176},"10":{"name":"submitVersion","decl":{"start":{"line":220,"column":22},"end":{"line":220,"column":36}},"loc":{"start":{"line":220,"column":61},"end":{"line":268,"column":null}},"line":220},"11":{"name":"approveVersion","decl":{"start":{"line":272,"column":22},"end":{"line":272,"column":37}},"loc":{"start":{"line":272,"column":62},"end":{"line":330,"column":null}},"line":272},"12":{"name":"rejectVersion","decl":{"start":{"line":334,"column":22},"end":{"line":334,"column":36}},"loc":{"start":{"line":334,"column":61},"end":{"line":387,"column":null}},"line":334},"13":{"name":"getPendingReviews","decl":{"start":{"line":391,"column":22},"end":{"line":391,"column":40}},"loc":{"start":{"line":391,"column":65},"end":{"line":407,"column":null}},"line":391},"14":{"name":"getVersionReviewLogs","decl":{"start":{"line":411,"column":22},"end":{"line":411,"column":43}},"loc":{"start":{"line":411,"column":68},"end":{"line":440,"column":null}},"line":411},"15":{"name":"getMaterialUpdates","decl":{"start":{"line":444,"column":22},"end":{"line":444,"column":41}},"loc":{"start":{"line":444,"column":66},"end":{"line":551,"column":null}},"line":444},"16":{"name":"(anonymous_16)","decl":{"start":{"line":534,"column":31},"end":{"line":534,"column":37}},"loc":{"start":{"line":534,"column":43},"end":{"line":534,"column":55}},"line":534},"17":{"name":"(anonymous_17)","decl":{"start":{"line":535,"column":36},"end":{"line":535,"column":42}},"loc":{"start":{"line":535,"column":48},"end":{"line":535,"column":63}},"line":535},"18":{"name":"(anonymous_18)","decl":{"start":{"line":546,"column":29},"end":{"line":546,"column":37}},"loc":{"start":{"line":546,"column":43},"end":{"line":546,"column":55}},"line":546},"19":{"name":"(anonymous_19)","decl":{"start":{"line":547,"column":33},"end":{"line":547,"column":41}},"loc":{"start":{"line":547,"column":47},"end":{"line":547,"column":62}},"line":547},"20":{"name":"refreshSnapshot","decl":{"start":{"line":555,"column":22},"end":{"line":555,"column":38}},"loc":{"start":{"line":555,"column":63},"end":{"line":701,"column":null}},"line":555},"21":{"name":"setCurrentVersion","decl":{"start":{"line":705,"column":22},"end":{"line":705,"column":40}},"loc":{"start":{"line":705,"column":65},"end":{"line":766,"column":null}},"line":705},"22":{"name":"compareVersions","decl":{"start":{"line":770,"column":22},"end":{"line":770,"column":38}},"loc":{"start":{"line":770,"column":67},"end":{"line":897,"column":null}},"line":770},"23":{"name":"(anonymous_23)","decl":{"start":{"line":851,"column":30},"end":{"line":851,"column":36}},"loc":{"start":{"line":851,"column":47},"end":{"line":851,"column":80}},"line":851},"24":{"name":"(anonymous_24)","decl":{"start":{"line":868,"column":32},"end":{"line":868,"column":38}},"loc":{"start":{"line":868,"column":49},"end":{"line":868,"column":82}},"line":868},"25":{"name":"(anonymous_25)","decl":{"start":{"line":888,"column":37},"end":{"line":888,"column":45}},"loc":{"start":{"line":888,"column":56},"end":{"line":888,"column":91}},"line":888},"26":{"name":"(anonymous_26)","decl":{"start":{"line":889,"column":34},"end":{"line":889,"column":42}},"loc":{"start":{"line":889,"column":53},"end":{"line":889,"column":77}},"line":889},"27":{"name":"(anonymous_27)","decl":{"start":{"line":890,"column":40},"end":{"line":890,"column":48}},"loc":{"start":{"line":890,"column":59},"end":{"line":890,"column":89}},"line":890}},"branchMap":{"0":{"loc":{"start":{"line":8,"column":22},"end":{"line":8,"column":null}},"type":"binary-expr","locations":[{"start":{"line":8,"column":22},"end":{"line":8,"column":46}},{"start":{"line":8,"column":46},"end":{"line":8,"column":null}}],"line":8},"1":{"loc":{"start":{"line":11,"column":2},"end":{"line":11,"column":null}},"type":"if","locations":[{"start":{"line":11,"column":2},"end":{"line":11,"column":null}},{"start":{},"end":{}}],"line":11},"2":{"loc":{"start":{"line":13,"column":2},"end":{"line":32,"column":null}},"type":"if","locations":[{"start":{"line":13,"column":2},"end":{"line":32,"column":null}},{"start":{},"end":{}}],"line":13},"3":{"loc":{"start":{"line":13,"column":6},"end":{"line":13,"column":63}},"type":"binary-expr","locations":[{"start":{"line":13,"column":6},"end":{"line":13,"column":23}},{"start":{"line":13,"column":23},"end":{"line":13,"column":45}},{"start":{"line":13,"column":45},"end":{"line":13,"column":63}}],"line":13},"4":{"loc":{"start":{"line":19,"column":8},"end":{"line":19,"column":null}},"type":"binary-expr","locations":[{"start":{"line":19,"column":8},"end":{"line":19,"column":25}},{"start":{"line":19,"column":25},"end":{"line":19,"column":45}},{"start":{"line":19,"column":45},"end":{"line":19,"column":null}}],"line":19},"5":{"loc":{"start":{"line":20,"column":8},"end":{"line":20,"column":null}},"type":"binary-expr","locations":[{"start":{"line":20,"column":8},"end":{"line":20,"column":31}},{"start":{"line":20,"column":31},"end":{"line":20,"column":57}},{"start":{"line":20,"column":57},"end":{"line":20,"column":84}},{"start":{"line":20,"column":84},"end":{"line":20,"column":null}}],"line":20},"6":{"loc":{"start":{"line":21,"column":8},"end":{"line":21,"column":null}},"type":"binary-expr","locations":[{"start":{"line":21,"column":8},"end":{"line":21,"column":33}},{"start":{"line":21,"column":33},"end":{"line":21,"column":61}},{"start":{"line":21,"column":61},"end":{"line":21,"column":90}},{"start":{"line":21,"column":90},"end":{"line":21,"column":null}}],"line":21},"7":{"loc":{"start":{"line":22,"column":23},"end":{"line":22,"column":72}},"type":"binary-expr","locations":[{"start":{"line":22,"column":23},"end":{"line":22,"column":45}},{"start":{"line":22,"column":45},"end":{"line":22,"column":70}},{"start":{"line":22,"column":70},"end":{"line":22,"column":72}}],"line":22},"8":{"loc":{"start":{"line":23,"column":8},"end":{"line":23,"column":null}},"type":"binary-expr","locations":[{"start":{"line":23,"column":8},"end":{"line":23,"column":39}},{"start":{"line":23,"column":39},"end":{"line":23,"column":69}},{"start":{"line":23,"column":69},"end":{"line":23,"column":96}},{"start":{"line":23,"column":96},"end":{"line":23,"column":null}}],"line":23},"9":{"loc":{"start":{"line":24,"column":8},"end":{"line":24,"column":null}},"type":"binary-expr","locations":[{"start":{"line":24,"column":8},"end":{"line":24,"column":36}},{"start":{"line":24,"column":36},"end":{"line":24,"column":63}},{"start":{"line":24,"column":63},"end":{"line":24,"column":87}},{"start":{"line":24,"column":87},"end":{"line":24,"column":null}}],"line":24},"10":{"loc":{"start":{"line":25,"column":8},"end":{"line":25,"column":null}},"type":"binary-expr","locations":[{"start":{"line":25,"column":8},"end":{"line":25,"column":47}},{"start":{"line":25,"column":47},"end":{"line":25,"column":84}},{"start":{"line":25,"column":84},"end":{"line":25,"column":119}},{"start":{"line":25,"column":119},"end":{"line":25,"column":null}}],"line":25},"11":{"loc":{"start":{"line":26,"column":8},"end":{"line":26,"column":null}},"type":"binary-expr","locations":[{"start":{"line":26,"column":8},"end":{"line":26,"column":35}},{"start":{"line":26,"column":35},"end":{"line":26,"column":66}},{"start":{"line":26,"column":66},"end":{"line":26,"column":96}},{"start":{"line":26,"column":96},"end":{"line":26,"column":123}},{"start":{"line":26,"column":123},"end":{"line":26,"column":null}}],"line":26},"12":{"loc":{"start":{"line":27,"column":8},"end":{"line":27,"column":null}},"type":"binary-expr","locations":[{"start":{"line":27,"column":8},"end":{"line":27,"column":31}},{"start":{"line":27,"column":31},"end":{"line":27,"column":58}},{"start":{"line":27,"column":58},"end":{"line":27,"column":84}},{"start":{"line":27,"column":84},"end":{"line":27,"column":107}},{"start":{"line":27,"column":107},"end":{"line":27,"column":null}}],"line":27},"13":{"loc":{"start":{"line":28,"column":8},"end":{"line":28,"column":null}},"type":"binary-expr","locations":[{"start":{"line":28,"column":8},"end":{"line":28,"column":33}},{"start":{"line":28,"column":33},"end":{"line":28,"column":62}},{"start":{"line":28,"column":62},"end":{"line":28,"column":90}},{"start":{"line":28,"column":90},"end":{"line":28,"column":115}},{"start":{"line":28,"column":115},"end":{"line":28,"column":null}}],"line":28},"14":{"loc":{"start":{"line":29,"column":8},"end":{"line":29,"column":null}},"type":"binary-expr","locations":[{"start":{"line":29,"column":8},"end":{"line":29,"column":32}},{"start":{"line":29,"column":32},"end":{"line":29,"column":59}},{"start":{"line":29,"column":59},"end":{"line":29,"column":null}}],"line":29},"15":{"loc":{"start":{"line":45,"column":4},"end":{"line":52,"column":null}},"type":"if","locations":[{"start":{"line":45,"column":4},"end":{"line":52,"column":null}},{"start":{},"end":{}}],"line":45},"16":{"loc":{"start":{"line":47,"column":6},"end":{"line":52,"column":null}},"type":"if","locations":[{"start":{"line":47,"column":6},"end":{"line":52,"column":null}},{"start":{},"end":{}}],"line":47},"17":{"loc":{"start":{"line":60,"column":4},"end":{"line":67,"column":null}},"type":"if","locations":[{"start":{"line":60,"column":4},"end":{"line":67,"column":null}},{"start":{},"end":{}}],"line":60},"18":{"loc":{"start":{"line":62,"column":6},"end":{"line":67,"column":null}},"type":"if","locations":[{"start":{"line":62,"column":6},"end":{"line":67,"column":null}},{"start":{},"end":{}}],"line":62},"19":{"loc":{"start":{"line":74,"column":4},"end":{"line":76,"column":null}},"type":"if","locations":[{"start":{"line":74,"column":4},"end":{"line":76,"column":null}},{"start":{},"end":{}}],"line":74},"20":{"loc":{"start":{"line":103,"column":4},"end":{"line":105,"column":null}},"type":"if","locations":[{"start":{"line":103,"column":4},"end":{"line":105,"column":null}},{"start":{},"end":{}}],"line":103},"21":{"loc":{"start":{"line":124,"column":4},"end":{"line":126,"column":null}},"type":"if","locations":[{"start":{"line":124,"column":4},"end":{"line":126,"column":null}},{"start":{},"end":{}}],"line":124},"22":{"loc":{"start":{"line":130,"column":4},"end":{"line":132,"column":null}},"type":"if","locations":[{"start":{"line":130,"column":4},"end":{"line":132,"column":null}},{"start":{},"end":{}}],"line":130},"23":{"loc":{"start":{"line":139,"column":27},"end":{"line":139,"column":null}},"type":"cond-expr","locations":[{"start":{"line":139,"column":49},"end":{"line":139,"column":78}},{"start":{"line":139,"column":78},"end":{"line":139,"column":null}}],"line":139},"24":{"loc":{"start":{"line":142,"column":4},"end":{"line":143,"column":null}},"type":"if","locations":[{"start":{"line":142,"column":4},"end":{"line":143,"column":null}},{"start":{},"end":{}}],"line":142},"25":{"loc":{"start":{"line":154,"column":45},"end":{"line":154,"column":null}},"type":"binary-expr","locations":[{"start":{"line":154,"column":45},"end":{"line":154,"column":66}},{"start":{"line":154,"column":70},"end":{"line":154,"column":null}}],"line":154},"26":{"loc":{"start":{"line":155,"column":8},"end":{"line":155,"column":null}},"type":"binary-expr","locations":[{"start":{"line":155,"column":8},"end":{"line":155,"column":29}},{"start":{"line":155,"column":33},"end":{"line":155,"column":null}}],"line":155},"27":{"loc":{"start":{"line":160,"column":26},"end":{"line":160,"column":null}},"type":"binary-expr","locations":[{"start":{"line":160,"column":26},"end":{"line":160,"column":53}},{"start":{"line":160,"column":53},"end":{"line":160,"column":null}}],"line":160},"28":{"loc":{"start":{"line":161,"column":22},"end":{"line":161,"column":null}},"type":"binary-expr","locations":[{"start":{"line":161,"column":22},"end":{"line":161,"column":45}},{"start":{"line":161,"column":45},"end":{"line":161,"column":null}}],"line":161},"29":{"loc":{"start":{"line":162,"column":24},"end":{"line":162,"column":null}},"type":"binary-expr","locations":[{"start":{"line":162,"column":24},"end":{"line":162,"column":49}},{"start":{"line":162,"column":49},"end":{"line":162,"column":null}}],"line":162},"30":{"loc":{"start":{"line":166,"column":8},"end":{"line":166,"column":27}},"type":"binary-expr","locations":[{"start":{"line":166,"column":8},"end":{"line":166,"column":18}},{"start":{"line":166,"column":18},"end":{"line":166,"column":27}}],"line":166},"31":{"loc":{"start":{"line":184,"column":4},"end":{"line":186,"column":null}},"type":"if","locations":[{"start":{"line":184,"column":4},"end":{"line":186,"column":null}},{"start":{},"end":{}}],"line":184},"32":{"loc":{"start":{"line":195,"column":4},"end":{"line":197,"column":null}},"type":"if","locations":[{"start":{"line":195,"column":4},"end":{"line":197,"column":null}},{"start":{},"end":{}}],"line":195},"33":{"loc":{"start":{"line":224,"column":24},"end":{"line":224,"column":38}},"type":"binary-expr","locations":[{"start":{"line":224,"column":24},"end":{"line":224,"column":36}},{"start":{"line":224,"column":36},"end":{"line":224,"column":38}}],"line":224},"34":{"loc":{"start":{"line":230,"column":4},"end":{"line":232,"column":null}},"type":"if","locations":[{"start":{"line":230,"column":4},"end":{"line":232,"column":null}},{"start":{},"end":{}}],"line":230},"35":{"loc":{"start":{"line":235,"column":4},"end":{"line":237,"column":null}},"type":"if","locations":[{"start":{"line":235,"column":4},"end":{"line":237,"column":null}},{"start":{},"end":{}}],"line":235},"36":{"loc":{"start":{"line":240,"column":4},"end":{"line":242,"column":null}},"type":"if","locations":[{"start":{"line":240,"column":4},"end":{"line":242,"column":null}},{"start":{},"end":{}}],"line":240},"37":{"loc":{"start":{"line":240,"column":8},"end":{"line":240,"column":68}},"type":"binary-expr","locations":[{"start":{"line":240,"column":8},"end":{"line":240,"column":37}},{"start":{"line":240,"column":37},"end":{"line":240,"column":68}}],"line":240},"38":{"loc":{"start":{"line":255,"column":20},"end":{"line":255,"column":null}},"type":"binary-expr","locations":[{"start":{"line":255,"column":20},"end":{"line":255,"column":42}},{"start":{"line":255,"column":42},"end":{"line":255,"column":null}}],"line":255},"39":{"loc":{"start":{"line":257,"column":15},"end":{"line":257,"column":null}},"type":"binary-expr","locations":[{"start":{"line":257,"column":15},"end":{"line":257,"column":26}},{"start":{"line":257,"column":26},"end":{"line":257,"column":null}}],"line":257},"40":{"loc":{"start":{"line":276,"column":24},"end":{"line":276,"column":38}},"type":"binary-expr","locations":[{"start":{"line":276,"column":24},"end":{"line":276,"column":36}},{"start":{"line":276,"column":36},"end":{"line":276,"column":38}}],"line":276},"41":{"loc":{"start":{"line":278,"column":4},"end":{"line":280,"column":null}},"type":"if","locations":[{"start":{"line":278,"column":4},"end":{"line":280,"column":null}},{"start":{},"end":{}}],"line":278},"42":{"loc":{"start":{"line":287,"column":4},"end":{"line":289,"column":null}},"type":"if","locations":[{"start":{"line":287,"column":4},"end":{"line":289,"column":null}},{"start":{},"end":{}}],"line":287},"43":{"loc":{"start":{"line":292,"column":4},"end":{"line":294,"column":null}},"type":"if","locations":[{"start":{"line":292,"column":4},"end":{"line":294,"column":null}},{"start":{},"end":{}}],"line":292},"44":{"loc":{"start":{"line":316,"column":20},"end":{"line":316,"column":null}},"type":"binary-expr","locations":[{"start":{"line":316,"column":20},"end":{"line":316,"column":42}},{"start":{"line":316,"column":42},"end":{"line":316,"column":null}}],"line":316},"45":{"loc":{"start":{"line":318,"column":15},"end":{"line":318,"column":null}},"type":"binary-expr","locations":[{"start":{"line":318,"column":15},"end":{"line":318,"column":26}},{"start":{"line":318,"column":26},"end":{"line":318,"column":null}}],"line":318},"46":{"loc":{"start":{"line":338,"column":24},"end":{"line":338,"column":38}},"type":"binary-expr","locations":[{"start":{"line":338,"column":24},"end":{"line":338,"column":36}},{"start":{"line":338,"column":36},"end":{"line":338,"column":38}}],"line":338},"47":{"loc":{"start":{"line":340,"column":4},"end":{"line":342,"column":null}},"type":"if","locations":[{"start":{"line":340,"column":4},"end":{"line":342,"column":null}},{"start":{},"end":{}}],"line":340},"48":{"loc":{"start":{"line":345,"column":4},"end":{"line":347,"column":null}},"type":"if","locations":[{"start":{"line":345,"column":4},"end":{"line":347,"column":null}},{"start":{},"end":{}}],"line":345},"49":{"loc":{"start":{"line":354,"column":4},"end":{"line":356,"column":null}},"type":"if","locations":[{"start":{"line":354,"column":4},"end":{"line":356,"column":null}},{"start":{},"end":{}}],"line":354},"50":{"loc":{"start":{"line":359,"column":4},"end":{"line":361,"column":null}},"type":"if","locations":[{"start":{"line":359,"column":4},"end":{"line":361,"column":null}},{"start":{},"end":{}}],"line":359},"51":{"loc":{"start":{"line":373,"column":20},"end":{"line":373,"column":null}},"type":"binary-expr","locations":[{"start":{"line":373,"column":20},"end":{"line":373,"column":42}},{"start":{"line":373,"column":42},"end":{"line":373,"column":null}}],"line":373},"52":{"loc":{"start":{"line":393,"column":4},"end":{"line":395,"column":null}},"type":"if","locations":[{"start":{"line":393,"column":4},"end":{"line":395,"column":null}},{"start":{},"end":{}}],"line":393},"53":{"loc":{"start":{"line":398,"column":17},"end":{"line":398,"column":null}},"type":"binary-expr","locations":[{"start":{"line":398,"column":17},"end":{"line":398,"column":51}},{"start":{"line":398,"column":55},"end":{"line":398,"column":null}}],"line":398},"54":{"loc":{"start":{"line":399,"column":30},"end":{"line":399,"column":76}},"type":"binary-expr","locations":[{"start":{"line":399,"column":30},"end":{"line":399,"column":68}},{"start":{"line":399,"column":72},"end":{"line":399,"column":76}}],"line":399},"55":{"loc":{"start":{"line":419,"column":4},"end":{"line":421,"column":null}},"type":"if","locations":[{"start":{"line":419,"column":4},"end":{"line":421,"column":null}},{"start":{},"end":{}}],"line":419},"56":{"loc":{"start":{"line":424,"column":4},"end":{"line":428,"column":null}},"type":"if","locations":[{"start":{"line":424,"column":4},"end":{"line":428,"column":null}},{"start":{},"end":{}}],"line":424},"57":{"loc":{"start":{"line":424,"column":8},"end":{"line":424,"column":77}},"type":"binary-expr","locations":[{"start":{"line":424,"column":8},"end":{"line":424,"column":37}},{"start":{"line":424,"column":37},"end":{"line":424,"column":77}}],"line":424},"58":{"loc":{"start":{"line":426,"column":6},"end":{"line":428,"column":null}},"type":"if","locations":[{"start":{"line":426,"column":6},"end":{"line":428,"column":null}},{"start":{},"end":{}}],"line":426},"59":{"loc":{"start":{"line":449,"column":4},"end":{"line":451,"column":null}},"type":"if","locations":[{"start":{"line":449,"column":4},"end":{"line":451,"column":null}},{"start":{},"end":{}}],"line":449},"60":{"loc":{"start":{"line":454,"column":4},"end":{"line":456,"column":null}},"type":"if","locations":[{"start":{"line":454,"column":4},"end":{"line":456,"column":null}},{"start":{},"end":{}}],"line":454},"61":{"loc":{"start":{"line":454,"column":8},"end":{"line":454,"column":77}},"type":"binary-expr","locations":[{"start":{"line":454,"column":8},"end":{"line":454,"column":37}},{"start":{"line":454,"column":37},"end":{"line":454,"column":77}}],"line":454},"62":{"loc":{"start":{"line":463,"column":4},"end":{"line":465,"column":null}},"type":"if","locations":[{"start":{"line":463,"column":4},"end":{"line":465,"column":null}},{"start":{},"end":{}}],"line":463},"63":{"loc":{"start":{"line":469,"column":22},"end":{"line":469,"column":81}},"type":"binary-expr","locations":[{"start":{"line":469,"column":22},"end":{"line":469,"column":44}},{"start":{"line":469,"column":44},"end":{"line":469,"column":79}},{"start":{"line":469,"column":79},"end":{"line":469,"column":81}}],"line":469},"64":{"loc":{"start":{"line":474,"column":6},"end":{"line":474,"column":null}},"type":"if","locations":[{"start":{"line":474,"column":6},"end":{"line":474,"column":null}},{"start":{},"end":{}}],"line":474},"65":{"loc":{"start":{"line":481,"column":6},"end":{"line":494,"column":null}},"type":"if","locations":[{"start":{"line":481,"column":6},"end":{"line":494,"column":null}},{"start":{},"end":{}}],"line":481},"66":{"loc":{"start":{"line":484,"column":24},"end":{"line":484,"column":null}},"type":"binary-expr","locations":[{"start":{"line":484,"column":24},"end":{"line":484,"column":44}},{"start":{"line":484,"column":44},"end":{"line":484,"column":null}}],"line":484},"67":{"loc":{"start":{"line":486,"column":26},"end":{"line":486,"column":null}},"type":"binary-expr","locations":[{"start":{"line":486,"column":26},"end":{"line":486,"column":49}},{"start":{"line":486,"column":49},"end":{"line":486,"column":null}}],"line":486},"68":{"loc":{"start":{"line":491,"column":28},"end":{"line":491,"column":null}},"type":"binary-expr","locations":[{"start":{"line":491,"column":28},"end":{"line":491,"column":45}},{"start":{"line":491,"column":45},"end":{"line":491,"column":68}},{"start":{"line":491,"column":68},"end":{"line":491,"column":null}}],"line":491},"69":{"loc":{"start":{"line":497,"column":6},"end":{"line":530,"column":null}},"type":"if","locations":[{"start":{"line":497,"column":6},"end":{"line":530,"column":null}},{"start":{"line":512,"column":13},"end":{"line":530,"column":null}}],"line":497},"70":{"loc":{"start":{"line":498,"column":25},"end":{"line":498,"column":null}},"type":"binary-expr","locations":[{"start":{"line":498,"column":25},"end":{"line":498,"column":42}},{"start":{"line":498,"column":42},"end":{"line":498,"column":65}},{"start":{"line":498,"column":65},"end":{"line":498,"column":null}}],"line":498},"71":{"loc":{"start":{"line":499,"column":25},"end":{"line":499,"column":null}},"type":"cond-expr","locations":[{"start":{"line":499,"column":58},"end":{"line":499,"column":88}},{"start":{"line":499,"column":91},"end":{"line":499,"column":null}}],"line":499},"72":{"loc":{"start":{"line":504,"column":26},"end":{"line":504,"column":null}},"type":"binary-expr","locations":[{"start":{"line":504,"column":26},"end":{"line":504,"column":49}},{"start":{"line":504,"column":49},"end":{"line":504,"column":76}},{"start":{"line":504,"column":80},"end":{"line":504,"column":null}}],"line":504},"73":{"loc":{"start":{"line":505,"column":25},"end":{"line":505,"column":null}},"type":"binary-expr","locations":[{"start":{"line":505,"column":25},"end":{"line":505,"column":52}},{"start":{"line":505,"column":56},"end":{"line":505,"column":null}}],"line":505},"74":{"loc":{"start":{"line":510,"column":24},"end":{"line":510,"column":null}},"type":"binary-expr","locations":[{"start":{"line":510,"column":24},"end":{"line":510,"column":45}},{"start":{"line":510,"column":45},"end":{"line":510,"column":66}},{"start":{"line":510,"column":66},"end":{"line":510,"column":null}}],"line":510},"75":{"loc":{"start":{"line":517,"column":25},"end":{"line":517,"column":null}},"type":"binary-expr","locations":[{"start":{"line":517,"column":25},"end":{"line":517,"column":42}},{"start":{"line":517,"column":42},"end":{"line":517,"column":65}},{"start":{"line":517,"column":65},"end":{"line":517,"column":null}}],"line":517},"76":{"loc":{"start":{"line":518,"column":25},"end":{"line":518,"column":null}},"type":"cond-expr","locations":[{"start":{"line":518,"column":57},"end":{"line":518,"column":85}},{"start":{"line":518,"column":88},"end":{"line":518,"column":null}}],"line":518},"77":{"loc":{"start":{"line":523,"column":26},"end":{"line":523,"column":null}},"type":"binary-expr","locations":[{"start":{"line":523,"column":26},"end":{"line":523,"column":49}},{"start":{"line":523,"column":49},"end":{"line":523,"column":76}},{"start":{"line":523,"column":80},"end":{"line":523,"column":null}}],"line":523},"78":{"loc":{"start":{"line":524,"column":25},"end":{"line":524,"column":null}},"type":"cond-expr","locations":[{"start":{"line":524,"column":37},"end":{"line":524,"column":62}},{"start":{"line":524,"column":65},"end":{"line":524,"column":null}}],"line":524},"79":{"loc":{"start":{"line":525,"column":28},"end":{"line":525,"column":null}},"type":"binary-expr","locations":[{"start":{"line":525,"column":28},"end":{"line":525,"column":45}},{"start":{"line":525,"column":45},"end":{"line":525,"column":null}}],"line":525},"80":{"loc":{"start":{"line":526,"column":29},"end":{"line":526,"column":null}},"type":"binary-expr","locations":[{"start":{"line":526,"column":29},"end":{"line":526,"column":48}},{"start":{"line":526,"column":48},"end":{"line":526,"column":null}}],"line":526},"81":{"loc":{"start":{"line":529,"column":24},"end":{"line":529,"column":null}},"type":"binary-expr","locations":[{"start":{"line":529,"column":24},"end":{"line":529,"column":45}},{"start":{"line":529,"column":45},"end":{"line":529,"column":66}},{"start":{"line":529,"column":66},"end":{"line":529,"column":null}}],"line":529},"82":{"loc":{"start":{"line":559,"column":28},"end":{"line":559,"column":42}},"type":"binary-expr","locations":[{"start":{"line":559,"column":28},"end":{"line":559,"column":40}},{"start":{"line":559,"column":40},"end":{"line":559,"column":42}}],"line":559},"83":{"loc":{"start":{"line":562,"column":4},"end":{"line":564,"column":null}},"type":"if","locations":[{"start":{"line":562,"column":4},"end":{"line":564,"column":null}},{"start":{},"end":{}}],"line":562},"84":{"loc":{"start":{"line":567,"column":4},"end":{"line":569,"column":null}},"type":"if","locations":[{"start":{"line":567,"column":4},"end":{"line":569,"column":null}},{"start":{},"end":{}}],"line":567},"85":{"loc":{"start":{"line":567,"column":8},"end":{"line":567,"column":68}},"type":"binary-expr","locations":[{"start":{"line":567,"column":8},"end":{"line":567,"column":37}},{"start":{"line":567,"column":37},"end":{"line":567,"column":68}}],"line":567},"86":{"loc":{"start":{"line":576,"column":4},"end":{"line":578,"column":null}},"type":"if","locations":[{"start":{"line":576,"column":4},"end":{"line":578,"column":null}},{"start":{},"end":{}}],"line":576},"87":{"loc":{"start":{"line":582,"column":22},"end":{"line":582,"column":46}},"type":"binary-expr","locations":[{"start":{"line":582,"column":22},"end":{"line":582,"column":44}},{"start":{"line":582,"column":44},"end":{"line":582,"column":46}}],"line":582},"88":{"loc":{"start":{"line":588,"column":6},"end":{"line":590,"column":null}},"type":"if","locations":[{"start":{"line":588,"column":6},"end":{"line":590,"column":null}},{"start":{},"end":{}}],"line":588},"89":{"loc":{"start":{"line":593,"column":6},"end":{"line":595,"column":null}},"type":"if","locations":[{"start":{"line":593,"column":6},"end":{"line":595,"column":null}},{"start":{},"end":{}}],"line":593},"90":{"loc":{"start":{"line":593,"column":10},"end":{"line":593,"column":118}},"type":"binary-expr","locations":[{"start":{"line":593,"column":10},"end":{"line":593,"column":25}},{"start":{"line":593,"column":25},"end":{"line":593,"column":51}},{"start":{"line":593,"column":55},"end":{"line":593,"column":81}},{"start":{"line":593,"column":81},"end":{"line":593,"column":118}}],"line":593},"91":{"loc":{"start":{"line":603,"column":6},"end":{"line":605,"column":null}},"type":"if","locations":[{"start":{"line":603,"column":6},"end":{"line":605,"column":null}},{"start":{},"end":{}}],"line":603},"92":{"loc":{"start":{"line":603,"column":10},"end":{"line":603,"column":55}},"type":"binary-expr","locations":[{"start":{"line":603,"column":10},"end":{"line":603,"column":26}},{"start":{"line":603,"column":26},"end":{"line":603,"column":55}}],"line":603},"93":{"loc":{"start":{"line":613,"column":6},"end":{"line":615,"column":null}},"type":"if","locations":[{"start":{"line":613,"column":6},"end":{"line":615,"column":null}},{"start":{},"end":{}}],"line":613},"94":{"loc":{"start":{"line":618,"column":23},"end":{"line":618,"column":null}},"type":"binary-expr","locations":[{"start":{"line":618,"column":23},"end":{"line":618,"column":40}},{"start":{"line":618,"column":40},"end":{"line":618,"column":63}},{"start":{"line":618,"column":63},"end":{"line":618,"column":null}}],"line":618},"95":{"loc":{"start":{"line":619,"column":23},"end":{"line":619,"column":null}},"type":"cond-expr","locations":[{"start":{"line":619,"column":54},"end":{"line":619,"column":82}},{"start":{"line":619,"column":85},"end":{"line":619,"column":null}}],"line":619},"96":{"loc":{"start":{"line":641,"column":4},"end":{"line":643,"column":null}},"type":"if","locations":[{"start":{"line":641,"column":4},"end":{"line":643,"column":null}},{"start":{},"end":{}}],"line":641},"97":{"loc":{"start":{"line":650,"column":27},"end":{"line":650,"column":null}},"type":"cond-expr","locations":[{"start":{"line":650,"column":49},"end":{"line":650,"column":78}},{"start":{"line":650,"column":78},"end":{"line":650,"column":null}}],"line":650},"98":{"loc":{"start":{"line":653,"column":4},"end":{"line":654,"column":null}},"type":"if","locations":[{"start":{"line":653,"column":4},"end":{"line":654,"column":null}},{"start":{},"end":{}}],"line":653},"99":{"loc":{"start":{"line":714,"column":4},"end":{"line":716,"column":null}},"type":"if","locations":[{"start":{"line":714,"column":4},"end":{"line":716,"column":null}},{"start":{},"end":{}}],"line":714},"100":{"loc":{"start":{"line":719,"column":4},"end":{"line":724,"column":null}},"type":"if","locations":[{"start":{"line":719,"column":4},"end":{"line":724,"column":null}},{"start":{},"end":{}}],"line":719},"101":{"loc":{"start":{"line":727,"column":4},"end":{"line":734,"column":null}},"type":"if","locations":[{"start":{"line":727,"column":4},"end":{"line":734,"column":null}},{"start":{},"end":{}}],"line":727},"102":{"loc":{"start":{"line":729,"column":6},"end":{"line":734,"column":null}},"type":"if","locations":[{"start":{"line":729,"column":6},"end":{"line":734,"column":null}},{"start":{},"end":{}}],"line":729},"103":{"loc":{"start":{"line":740,"column":4},"end":{"line":742,"column":null}},"type":"if","locations":[{"start":{"line":740,"column":4},"end":{"line":742,"column":null}},{"start":{},"end":{}}],"line":740},"104":{"loc":{"start":{"line":775,"column":4},"end":{"line":777,"column":null}},"type":"if","locations":[{"start":{"line":775,"column":4},"end":{"line":777,"column":null}},{"start":{},"end":{}}],"line":775},"105":{"loc":{"start":{"line":775,"column":8},"end":{"line":775,"column":32}},"type":"binary-expr","locations":[{"start":{"line":775,"column":8},"end":{"line":775,"column":21}},{"start":{"line":775,"column":21},"end":{"line":775,"column":32}}],"line":775},"106":{"loc":{"start":{"line":789,"column":4},"end":{"line":791,"column":null}},"type":"if","locations":[{"start":{"line":789,"column":4},"end":{"line":791,"column":null}},{"start":{},"end":{}}],"line":789},"107":{"loc":{"start":{"line":789,"column":8},"end":{"line":789,"column":20}},"type":"binary-expr","locations":[{"start":{"line":789,"column":8},"end":{"line":789,"column":15}},{"start":{"line":789,"column":15},"end":{"line":789,"column":20}}],"line":789},"108":{"loc":{"start":{"line":796,"column":23},"end":{"line":796,"column":48}},"type":"binary-expr","locations":[{"start":{"line":796,"column":23},"end":{"line":796,"column":46}},{"start":{"line":796,"column":46},"end":{"line":796,"column":48}}],"line":796},"109":{"loc":{"start":{"line":797,"column":23},"end":{"line":797,"column":48}},"type":"binary-expr","locations":[{"start":{"line":797,"column":23},"end":{"line":797,"column":46}},{"start":{"line":797,"column":46},"end":{"line":797,"column":48}}],"line":797},"110":{"loc":{"start":{"line":802,"column":4},"end":{"line":807,"column":null}},"type":"if","locations":[{"start":{"line":802,"column":4},"end":{"line":807,"column":null}},{"start":{},"end":{}}],"line":802},"111":{"loc":{"start":{"line":810,"column":4},"end":{"line":815,"column":null}},"type":"if","locations":[{"start":{"line":810,"column":4},"end":{"line":815,"column":null}},{"start":{},"end":{}}],"line":810},"112":{"loc":{"start":{"line":818,"column":4},"end":{"line":823,"column":null}},"type":"if","locations":[{"start":{"line":818,"column":4},"end":{"line":823,"column":null}},{"start":{},"end":{}}],"line":818},"113":{"loc":{"start":{"line":826,"column":4},"end":{"line":831,"column":null}},"type":"if","locations":[{"start":{"line":826,"column":4},"end":{"line":831,"column":null}},{"start":{},"end":{}}],"line":826},"114":{"loc":{"start":{"line":834,"column":4},"end":{"line":839,"column":null}},"type":"if","locations":[{"start":{"line":834,"column":4},"end":{"line":839,"column":null}},{"start":{},"end":{}}],"line":834},"115":{"loc":{"start":{"line":842,"column":4},"end":{"line":847,"column":null}},"type":"if","locations":[{"start":{"line":842,"column":4},"end":{"line":847,"column":null}},{"start":{},"end":{}}],"line":842},"116":{"loc":{"start":{"line":852,"column":6},"end":{"line":863,"column":null}},"type":"if","locations":[{"start":{"line":852,"column":6},"end":{"line":863,"column":null}},{"start":{"line":858,"column":13},"end":{"line":863,"column":null}}],"line":852},"117":{"loc":{"start":{"line":858,"column":13},"end":{"line":863,"column":null}},"type":"if","locations":[{"start":{"line":858,"column":13},"end":{"line":863,"column":null}},{"start":{},"end":{}}],"line":858},"118":{"loc":{"start":{"line":869,"column":6},"end":{"line":874,"column":null}},"type":"if","locations":[{"start":{"line":869,"column":6},"end":{"line":874,"column":null}},{"start":{},"end":{}}],"line":869}},"s":{"0":2,"1":2,"2":2,"3":2,"4":0,"5":2,"6":2,"7":0,"8":0,"9":0,"10":0,"11":0,"12":0,"13":0,"14":0,"15":0,"16":0,"17":0,"18":0,"19":0,"20":0,"21":0,"22":0,"23":0,"24":0,"25":0,"26":0,"27":0,"28":0,"29":0,"30":0,"31":0,"32":0,"33":0,"34":0,"35":0,"36":0,"37":0,"38":0,"39":0,"40":0,"41":0,"42":0,"43":0,"44":0,"45":0,"46":0,"47":0,"48":0,"49":0,"50":0,"51":0,"52":0,"53":0,"54":0,"55":0,"56":0,"57":0,"58":0,"59":0,"60":0,"61":0,"62":0,"63":0,"64":0,"65":0,"66":0,"67":0,"68":0,"69":0,"70":0,"71":0,"72":0,"73":0,"74":0,"75":0,"76":0,"77":0,"78":0,"79":0,"80":0,"81":0,"82":0,"83":5,"84":5,"85":5,"86":5,"87":5,"88":5,"89":1,"90":1,"91":4,"92":1,"93":1,"94":3,"95":1,"96":1,"97":2,"98":2,"99":2,"100":2,"101":0,"102":0,"103":4,"104":4,"105":4,"106":4,"107":4,"108":1,"109":1,"110":3,"111":3,"112":1,"113":1,"114":2,"115":1,"116":1,"117":1,"118":1,"119":1,"120":1,"121":1,"122":1,"123":1,"124":0,"125":0,"126":4,"127":4,"128":4,"129":4,"130":4,"131":1,"132":1,"133":3,"134":1,"135":1,"136":2,"137":2,"138":0,"139":0,"140":2,"141":1,"142":1,"143":1,"144":1,"145":1,"146":1,"147":0,"148":0,"149":2,"150":2,"151":1,"152":1,"153":1,"154":2,"155":2,"156":2,"157":1,"158":0,"159":0,"160":3,"161":3,"162":3,"163":3,"164":1,"165":1,"166":2,"167":1,"168":1,"169":1,"170":1,"171":1,"172":1,"173":0,"174":0,"175":4,"176":4,"177":4,"178":4,"179":1,"180":1,"181":3,"182":1,"183":1,"184":2,"185":2,"186":1,"187":1,"188":1,"189":1,"190":4,"191":4,"192":2,"193":0,"194":2,"195":2,"196":0,"197":0,"198":2,"199":1,"200":1,"201":1,"202":1,"203":1,"204":1,"205":1,"206":1,"207":2,"208":1,"209":2,"210":1,"211":2,"212":2,"213":0,"214":0,"215":5,"216":5,"217":5,"218":5,"219":5,"220":5,"221":1,"222":1,"223":4,"224":1,"225":1,"226":3,"227":3,"228":1,"229":1,"230":2,"231":2,"232":5,"233":5,"234":5,"235":2,"236":0,"237":0,"238":2,"239":0,"240":0,"241":2,"242":2,"243":1,"244":1,"245":1,"246":1,"247":0,"248":0,"249":1,"250":2,"251":2,"252":2,"253":2,"254":1,"255":1,"256":1,"257":1,"258":5,"259":5,"260":5,"261":1,"262":1,"263":1,"264":1,"265":1,"266":1,"267":1,"268":1,"269":0,"270":0,"271":5,"272":5,"273":5,"274":5,"275":5,"276":1,"277":1,"278":4,"279":1,"280":1,"281":3,"282":1,"283":1,"284":1,"285":1,"286":2,"287":2,"288":1,"289":1,"290":1,"291":1,"292":1,"293":1,"294":0,"295":0,"296":0,"297":0,"298":0,"299":0,"300":0,"301":0,"302":0,"303":0,"304":0,"305":0,"306":0,"307":0,"308":0,"309":0,"310":0,"311":0,"312":0,"313":0,"314":0,"315":0,"316":0,"317":0,"318":0,"319":0,"320":0,"321":0,"322":0,"323":0,"324":0,"325":0,"326":0,"327":0,"328":0,"329":0,"330":0,"331":0,"332":0,"333":0,"334":0,"335":0,"336":0,"337":0,"338":0,"339":0,"340":0,"341":0,"342":0,"343":0,"344":0,"345":0,"346":0,"347":0,"348":0,"349":0,"350":0,"351":0,"352":0,"353":0},"f":{"0":2,"1":0,"2":0,"3":0,"4":0,"5":0,"6":0,"7":0,"8":0,"9":0,"10":5,"11":4,"12":4,"13":2,"14":3,"15":4,"16":2,"17":2,"18":2,"19":2,"20":5,"21":5,"22":0,"23":0,"24":0,"25":0,"26":0,"27":0},"b":{"0":[2,2],"1":[0,2],"2":[2,0],"3":[2,0,0],"4":[2,0,0],"5":[2,0,0,0],"6":[2,0,0,0],"7":[2,0,0],"8":[2,2,2,0],"9":[2,2,2,0],"10":[2,2,2,0],"11":[2,0,0,0,0],"12":[2,0,0,0,0],"13":[2,0,0,0,0],"14":[2,0,0],"15":[0,0],"16":[0,0],"17":[0,0],"18":[0,0],"19":[0,0],"20":[0,0],"21":[0,0],"22":[0,0],"23":[0,0],"24":[0,0],"25":[0,0],"26":[0,0],"27":[0,0],"28":[0,0],"29":[0,0],"30":[0,0],"31":[0,0],"32":[0,0],"33":[5,0],"34":[1,4],"35":[1,3],"36":[1,2],"37":[3,2],"38":[2,0],"39":[5,0],"40":[4,0],"41":[1,3],"42":[1,2],"43":[1,1],"44":[1,0],"45":[4,0],"46":[4,0],"47":[1,3],"48":[1,2],"49":[0,2],"50":[1,1],"51":[1,0],"52":[1,1],"53":[1,0],"54":[2,0],"55":[1,2],"56":[1,1],"57":[2,2],"58":[1,0],"59":[1,3],"60":[1,2],"61":[3,3],"62":[1,1],"63":[1,0,0],"64":[0,2],"65":[0,2],"66":[0,0],"67":[0,0],"68":[0,0,0],"69":[1,1],"70":[1,0,0],"71":[1,0],"72":[1,0,0],"73":[1,0],"74":[1,1,1],"75":[1,0,0],"76":[1,0],"77":[1,0,0],"78":[1,0],"79":[1,0],"80":[1,0],"81":[1,1,1],"82":[5,0],"83":[1,4],"84":[1,3],"85":[4,4],"86":[1,2],"87":[2,0],"88":[0,2],"89":[0,2],"90":[2,0,0,0],"91":[1,1],"92":[2,2],"93":[0,1],"94":[1,0,0],"95":[1,0],"96":[1,1],"97":[1,0],"98":[1,4],"99":[1,4],"100":[1,3],"101":[1,2],"102":[1,0],"103":[1,1],"104":[0,0],"105":[0,0],"106":[0,0],"107":[0,0],"108":[0,0],"109":[0,0],"110":[0,0],"111":[0,0],"112":[0,0],"113":[0,0],"114":[0,0],"115":[0,0],"116":[0,0],"117":[0,0],"118":[0,0]},"meta":{"lastBranch":119,"lastFunction":28,"lastStatement":354,"seen":{"f:6:15:6:37":0,"s:7:8:7:59":0,"s:8:22:8:Infinity":1,"b:8:22:8:46:8:46:8:Infinity":0,"s:10:31:10:94":2,"b:11:2:11:Infinity:undefined:undefined:undefined:undefined":1,"s:11:2:11:Infinity":3,"s:11:16:11:Infinity":4,"b:13:2:32:Infinity:undefined:undefined:undefined:undefined":2,"s:13:2:32:Infinity":5,"b:13:6:13:23:13:23:13:45:13:45:13:63":3,"s:14:4:32:Infinity":6,"b:19:8:19:25:19:25:19:45:19:45:19:Infinity":4,"b:20:8:20:31:20:31:20:57:20:57:20:84:20:84:20:Infinity":5,"b:21:8:21:33:21:33:21:61:21:61:21:90:21:90:21:Infinity":6,"b:22:23:22:45:22:45:22:70:22:70:22:72":7,"b:23:8:23:39:23:39:23:69:23:69:23:96:23:96:23:Infinity":8,"b:24:8:24:36:24:36:24:63:24:63:24:87:24:87:24:Infinity":9,"b:25:8:25:47:25:47:25:84:25:84:25:119:25:119:25:Infinity":10,"b:26:8:26:35:26:35:26:66:26:66:26:96:26:96:26:123:26:123:26:Infinity":11,"b:27:8:27:31:27:31:27:58:27:58:27:84:27:84:27:107:27:107:27:Infinity":12,"b:28:8:28:33:28:33:28:62:28:62:28:90:28:90:28:115:28:115:28:Infinity":13,"b:29:8:29:32:29:32:29:59:29:59:29:Infinity":14,"f:36:22:36:34":1,"s:37:2:92:Infinity":7,"s:38:26:38:Infinity":8,"s:39:23:39:Infinity":9,"s:41:37:43:Infinity":10,"b:45:4:52:Infinity:undefined:undefined:undefined:undefined":15,"s:45:4:52:Infinity":11,"s:46:25:46:79":12,"f:46:50:46:55":2,"s:46:66:46:79":13,"b:47:6:52:Infinity:undefined:undefined:undefined:undefined":16,"s:47:6:52:Infinity":14,"s:48:29:48:64":15,"f:48:40:48:50":3,"s:48:50:48:54":16,"s:49:8:52:Infinity":17,"s:56:39:58:Infinity":18,"b:60:4:67:Infinity:undefined:undefined:undefined:undefined":17,"s:60:4:67:Infinity":19,"s:61:25:61:81":20,"f:61:52:61:57":4,"s:61:68:61:81":21,"b:62:6:67:Infinity:undefined:undefined:undefined:undefined":18,"s:62:6:67:Infinity":22,"s:63:29:63:64":23,"f:63:40:63:50":5,"s:63:50:63:54":24,"s:64:8:67:Infinity":25,"s:71:19:71:Infinity":26,"s:72:26:72:37":27,"b:74:4:76:Infinity:undefined:undefined:undefined:undefined":19,"s:74:4:76:Infinity":28,"s:75:6:75:Infinity":29,"s:76:6:76:Infinity":30,"s:79:30:81:Infinity":31,"s:84:19:88:7":32,"f:84:28:84:33":6,"s:84:45:88:7":33,"s:90:4:90:Infinity":34,"s:92:4:92:Infinity":35,"f:96:22:96:33":7,"s:97:2:114:Infinity":36,"s:98:26:98:Infinity":37,"s:99:33:101:Infinity":38,"b:103:4:105:Infinity:undefined:undefined:undefined:undefined":20,"s:103:4:105:Infinity":39,"s:104:6:104:Infinity":40,"s:105:6:105:Infinity":41,"s:108:4:112:Infinity":42,"s:114:4:114:Infinity":43,"f:118:22:118:36":8,"s:119:2:172:Infinity":44,"s:120:26:120:Infinity":45,"s:121:51:121:Infinity":46,"s:122:19:122:Infinity":47,"b:124:4:126:Infinity:undefined:undefined:undefined:undefined":21,"s:124:4:126:Infinity":48,"s:125:6:125:Infinity":49,"s:126:6:126:Infinity":50,"s:129:33:129:96":51,"b:130:4:132:Infinity:undefined:undefined:undefined:undefined":22,"s:130:4:132:Infinity":52,"s:131:6:131:Infinity":53,"s:132:6:132:Infinity":54,"s:135:30:137:Infinity":55,"s:139:27:139:Infinity":56,"b:139:49:139:78:139:78:139:Infinity":23,"s:140:18:140:55":57,"s:141:24:141:Infinity":58,"b:142:4:143:Infinity:undefined:undefined:undefined:undefined":24,"s:142:4:143:Infinity":59,"s:143:6:143:Infinity":60,"s:146:10:146:34":61,"s:148:4:148:Infinity":62,"s:150:4:168:Infinity":63,"b:154:45:154:66:154:70:154:Infinity":25,"b:155:8:155:29:155:33:155:Infinity":26,"b:160:26:160:53:160:53:160:Infinity":27,"b:161:22:161:45:161:45:161:Infinity":28,"b:162:24:162:49:162:49:162:Infinity":29,"b:166:8:166:18:166:18:166:27":30,"s:170:4:170:Infinity":64,"s:172:4:172:Infinity":65,"f:176:22:176:37":9,"s:177:2:216:Infinity":66,"s:178:26:178:Infinity":67,"s:180:33:182:Infinity":68,"b:184:4:186:Infinity:undefined:undefined:undefined:undefined":31,"s:184:4:186:Infinity":69,"s:185:6:185:Infinity":70,"s:186:6:186:Infinity":71,"s:189:22:189:Infinity":72,"s:191:33:193:Infinity":73,"b:195:4:197:Infinity:undefined:undefined:undefined:undefined":32,"s:195:4:197:Infinity":74,"s:196:6:196:Infinity":75,"s:197:6:197:Infinity":76,"s:200:4:204:Infinity":77,"s:206:4:209:Infinity":78,"s:211:4:211:Infinity":79,"s:213:4:213:Infinity":80,"s:215:4:215:Infinity":81,"s:216:4:216:Infinity":82,"f:220:22:220:36":10,"s:221:2:268:Infinity":83,"s:222:26:222:Infinity":84,"s:223:19:223:Infinity":85,"s:224:24:224:38":86,"b:224:24:224:36:224:36:224:38":33,"s:226:33:228:Infinity":87,"b:230:4:232:Infinity:undefined:undefined:undefined:undefined":34,"s:230:4:232:Infinity":88,"s:231:6:231:Infinity":89,"s:232:6:232:Infinity":90,"b:235:4:237:Infinity:undefined:undefined:undefined:undefined":35,"s:235:4:237:Infinity":91,"s:236:6:236:Infinity":92,"s:237:6:237:Infinity":93,"b:240:4:242:Infinity:undefined:undefined:undefined:undefined":36,"s:240:4:242:Infinity":94,"b:240:8:240:37:240:37:240:68":37,"s:241:6:241:Infinity":95,"s:242:6:242:Infinity":96,"s:245:30:245:98":97,"s:247:4:250:Infinity":98,"s:252:4:258:Infinity":99,"b:255:20:255:42:255:42:255:Infinity":38,"b:257:15:257:26:257:26:257:Infinity":39,"s:260:4:265:Infinity":100,"s:267:4:267:Infinity":101,"s:268:4:268:Infinity":102,"f:272:22:272:37":11,"s:273:2:330:Infinity":103,"s:274:26:274:Infinity":104,"s:275:19:275:Infinity":105,"s:276:24:276:38":106,"b:276:24:276:36:276:36:276:38":40,"b:278:4:280:Infinity:undefined:undefined:undefined:undefined":41,"s:278:4:280:Infinity":107,"s:279:6:279:Infinity":108,"s:280:6:280:Infinity":109,"s:283:33:285:Infinity":110,"b:287:4:289:Infinity:undefined:undefined:undefined:undefined":42,"s:287:4:289:Infinity":111,"s:288:6:288:Infinity":112,"s:289:6:289:Infinity":113,"b:292:4:294:Infinity:undefined:undefined:undefined:undefined":43,"s:292:4:294:Infinity":114,"s:293:6:293:Infinity":115,"s:294:6:294:Infinity":116,"s:297:22:297:Infinity":117,"s:299:4:303:Infinity":118,"s:305:4:308:Infinity":119,"s:310:4:310:Infinity":120,"s:312:30:312:98":121,"s:313:4:319:Infinity":122,"b:316:20:316:42:316:42:316:Infinity":44,"b:318:15:318:26:318:26:318:Infinity":45,"s:321:4:327:Infinity":123,"s:329:4:329:Infinity":124,"s:330:4:330:Infinity":125,"f:334:22:334:36":12,"s:335:2:387:Infinity":126,"s:336:26:336:Infinity":127,"s:337:19:337:Infinity":128,"s:338:24:338:38":129,"b:338:24:338:36:338:36:338:38":46,"b:340:4:342:Infinity:undefined:undefined:undefined:undefined":47,"s:340:4:342:Infinity":130,"s:341:6:341:Infinity":131,"s:342:6:342:Infinity":132,"b:345:4:347:Infinity:undefined:undefined:undefined:undefined":48,"s:345:4:347:Infinity":133,"s:346:6:346:Infinity":134,"s:347:6:347:Infinity":135,"s:350:33:352:Infinity":136,"b:354:4:356:Infinity:undefined:undefined:undefined:undefined":49,"s:354:4:356:Infinity":137,"s:355:6:355:Infinity":138,"s:356:6:356:Infinity":139,"b:359:4:361:Infinity:undefined:undefined:undefined:undefined":50,"s:359:4:361:Infinity":140,"s:360:6:360:Infinity":141,"s:361:6:361:Infinity":142,"s:364:4:367:Infinity":143,"s:369:30:369:98":144,"s:370:4:376:Infinity":145,"b:373:20:373:42:373:42:373:Infinity":51,"s:378:4:384:Infinity":146,"s:386:4:386:Infinity":147,"s:387:4:387:Infinity":148,"f:391:22:391:40":13,"s:392:2:407:Infinity":149,"b:393:4:395:Infinity:undefined:undefined:undefined:undefined":52,"s:393:4:395:Infinity":150,"s:394:6:394:Infinity":151,"s:395:6:395:Infinity":152,"s:398:17:398:Infinity":153,"b:398:17:398:51:398:55:398:Infinity":53,"s:399:21:399:80":154,"b:399:30:399:68:399:72:399:76":54,"s:400:20:400:Infinity":155,"s:402:19:402:74":156,"s:404:4:404:Infinity":157,"s:406:4:406:Infinity":158,"s:407:4:407:Infinity":159,"f:411:22:411:43":14,"s:412:2:440:Infinity":160,"s:413:26:413:Infinity":161,"s:415:33:417:Infinity":162,"b:419:4:421:Infinity:undefined:undefined:undefined:undefined":55,"s:419:4:421:Infinity":163,"s:420:6:420:Infinity":164,"s:421:6:421:Infinity":165,"b:424:4:428:Infinity:undefined:undefined:undefined:undefined":56,"s:424:4:428:Infinity":166,"b:424:8:424:37:424:37:424:77":57,"s:425:22:425:79":167,"b:426:6:428:Infinity:undefined:undefined:undefined:undefined":58,"s:426:6:428:Infinity":168,"s:427:8:427:Infinity":169,"s:428:8:428:Infinity":170,"s:432:17:432:47":171,"s:434:4:437:Infinity":172,"s:439:4:439:Infinity":173,"s:440:4:440:Infinity":174,"f:444:22:444:41":15,"s:445:2:551:Infinity":175,"s:446:26:446:Infinity":176,"s:448:33:448:115":177,"b:449:4:451:Infinity:undefined:undefined:undefined:undefined":59,"s:449:4:451:Infinity":178,"s:450:6:450:Infinity":179,"s:451:6:451:Infinity":180,"b:454:4:456:Infinity:undefined:undefined:undefined:undefined":60,"s:454:4:456:Infinity":181,"b:454:8:454:37:454:37:454:77":61,"s:455:6:455:Infinity":182,"s:456:6:456:Infinity":183,"s:459:40:461:Infinity":184,"b:463:4:465:Infinity:undefined:undefined:undefined:undefined":62,"s:463:4:465:Infinity":185,"s:464:6:464:Infinity":186,"s:465:6:465:Infinity":187,"s:468:10:468:68":188,"s:469:22:469:81":189,"b:469:22:469:44:469:44:469:79:469:79:469:81":63,"s:471:27:471:29":190,"s:473:4:530:Infinity":191,"b:474:6:474:Infinity:undefined:undefined:undefined:undefined":64,"s:474:6:474:Infinity":192,"s:474:27:474:Infinity":193,"s:476:39:478:Infinity":194,"b:481:6:494:Infinity:undefined:undefined:undefined:undefined":65,"s:481:6:494:Infinity":195,"s:482:8:493:Infinity":196,"b:484:24:484:44:484:44:484:Infinity":66,"b:486:26:486:49:486:49:486:Infinity":67,"b:491:28:491:45:491:45:491:68:491:68:491:Infinity":68,"s:494:8:494:Infinity":197,"b:497:6:530:Infinity:512:13:530:Infinity":69,"s:497:6:530:Infinity":198,"s:498:25:498:Infinity":199,"b:498:25:498:42:498:42:498:65:498:65:498:Infinity":70,"s:499:25:499:Infinity":200,"b:499:58:499:88:499:91:499:Infinity":71,"s:500:8:511:Infinity":201,"b:504:26:504:49:504:49:504:76:504:80:504:Infinity":72,"b:505:25:505:52:505:56:505:Infinity":73,"b:510:24:510:45:510:45:510:66:510:66:510:Infinity":74,"s:513:39:515:Infinity":202,"s:517:25:517:Infinity":203,"b:517:25:517:42:517:42:517:65:517:65:517:Infinity":75,"s:518:25:518:Infinity":204,"b:518:57:518:85:518:88:518:Infinity":76,"s:519:8:530:Infinity":205,"b:523:26:523:49:523:49:523:76:523:80:523:Infinity":77,"b:524:37:524:62:524:65:524:Infinity":78,"b:525:28:525:45:525:45:525:Infinity":79,"b:526:29:526:48:526:48:526:Infinity":80,"b:529:24:529:45:529:45:529:66:529:66:529:Infinity":81,"s:534:23:534:55":206,"f:534:31:534:37":16,"s:534:43:534:55":207,"s:535:28:535:63":208,"f:535:36:535:42":17,"s:535:48:535:63":209,"s:537:4:548:Infinity":210,"f:546:29:546:37":18,"s:546:43:546:55":211,"f:547:33:547:41":19,"s:547:47:547:62":212,"s:550:4:550:Infinity":213,"s:551:4:551:Infinity":214,"f:555:22:555:38":20,"s:556:2:701:Infinity":215,"s:557:26:557:Infinity":216,"s:558:19:558:Infinity":217,"s:559:28:559:42":218,"b:559:28:559:40:559:40:559:42":82,"s:561:33:561:96":219,"b:562:4:564:Infinity:undefined:undefined:undefined:undefined":83,"s:562:4:564:Infinity":220,"s:563:6:563:Infinity":221,"s:564:6:564:Infinity":222,"b:567:4:569:Infinity:undefined:undefined:undefined:undefined":84,"s:567:4:569:Infinity":223,"b:567:8:567:37:567:37:567:68":85,"s:568:6:568:Infinity":224,"s:569:6:569:Infinity":225,"s:572:40:574:Infinity":226,"b:576:4:578:Infinity:undefined:undefined:undefined:undefined":86,"s:576:4:578:Infinity":227,"s:577:6:577:Infinity":228,"s:578:6:578:Infinity":229,"s:581:10:581:68":230,"s:582:22:582:46":231,"b:582:22:582:44:582:44:582:46":87,"s:584:29:584:31":232,"s:585:27:585:29":233,"s:587:4:638:Infinity":234,"b:588:6:590:Infinity:undefined:undefined:undefined:undefined":88,"s:588:6:590:Infinity":235,"s:589:8:589:Infinity":236,"s:590:8:590:Infinity":237,"b:593:6:595:Infinity:undefined:undefined:undefined:undefined":89,"s:593:6:595:Infinity":238,"b:593:10:593:25:593:25:593:51:593:55:593:81:593:81:593:118":90,"s:594:8:594:Infinity":239,"s:595:8:595:Infinity":240,"s:598:39:600:Infinity":241,"b:603:6:605:Infinity:undefined:undefined:undefined:undefined":91,"s:603:6:605:Infinity":242,"b:603:10:603:26:603:26:603:55":92,"s:604:8:604:Infinity":243,"s:605:8:605:Infinity":244,"s:608:37:610:Infinity":245,"b:613:6:615:Infinity:undefined:undefined:undefined:undefined":93,"s:613:6:615:Infinity":246,"s:614:8:614:Infinity":247,"s:615:8:615:Infinity":248,"s:618:23:618:Infinity":249,"b:618:23:618:40:618:40:618:63:618:63:618:Infinity":94,"s:619:23:619:Infinity":250,"b:619:54:619:82:619:85:619:Infinity":95,"s:621:6:629:Infinity":251,"s:631:6:638:Infinity":252,"b:641:4:643:Infinity:undefined:undefined:undefined:undefined":96,"s:641:4:643:Infinity":253,"s:642:6:642:Infinity":254,"s:643:6:643:Infinity":255,"s:646:30:648:Infinity":256,"s:650:27:650:Infinity":257,"b:650:49:650:78:650:78:650:Infinity":97,"s:651:18:651:55":258,"s:652:24:652:Infinity":259,"b:653:4:654:Infinity:undefined:undefined:undefined:undefined":98,"s:653:4:654:Infinity":260,"s:654:6:654:Infinity":261,"s:657:28:657:Infinity":262,"s:658:10:658:74":263,"s:659:23:667:Infinity":264,"s:670:4:673:Infinity":265,"s:675:10:675:37":266,"s:676:4:689:Infinity":267,"s:691:4:698:Infinity":268,"s:700:4:700:Infinity":269,"s:701:4:701:Infinity":270,"f:705:22:705:40":21,"s:706:2:766:Infinity":271,"s:707:26:707:Infinity":272,"s:708:19:708:Infinity":273,"s:710:33:712:Infinity":274,"b:714:4:716:Infinity:undefined:undefined:undefined:undefined":99,"s:714:4:716:Infinity":275,"s:715:6:715:Infinity":276,"s:716:6:716:Infinity":277,"b:719:4:724:Infinity:undefined:undefined:undefined:undefined":100,"s:719:4:724:Infinity":278,"s:720:6:723:Infinity":279,"s:724:6:724:Infinity":280,"b:727:4:734:Infinity:undefined:undefined:undefined:undefined":101,"s:727:4:734:Infinity":281,"s:728:22:728:70":282,"b:729:6:734:Infinity:undefined:undefined:undefined:undefined":102,"s:729:6:734:Infinity":283,"s:730:8:733:Infinity":284,"s:734:8:734:Infinity":285,"s:738:22:738:Infinity":286,"b:740:4:742:Infinity:undefined:undefined:undefined:undefined":103,"s:740:4:742:Infinity":287,"s:741:6:741:Infinity":288,"s:742:6:742:Infinity":289,"s:745:4:748:Infinity":290,"s:750:4:753:Infinity":291,"s:755:4:755:Infinity":292,"s:757:4:763:Infinity":293,"s:765:4:765:Infinity":294,"s:766:4:766:Infinity":295,"f:770:22:770:38":22,"s:771:2:897:Infinity":296,"s:772:26:772:Infinity":297,"s:773:35:773:Infinity":298,"b:775:4:777:Infinity:undefined:undefined:undefined:undefined":104,"s:775:4:777:Infinity":299,"b:775:8:775:21:775:21:775:32":105,"s:776:6:776:Infinity":300,"s:777:6:777:Infinity":301,"s:780:28:782:Infinity":302,"s:784:28:786:Infinity":303,"b:789:4:791:Infinity:undefined:undefined:undefined:undefined":106,"s:789:4:791:Infinity":304,"b:789:8:789:15:789:15:789:20":107,"s:790:6:790:Infinity":305,"s:791:6:791:Infinity":306,"s:794:10:794:57":307,"s:795:10:795:57":308,"s:796:23:796:48":309,"b:796:23:796:46:796:46:796:48":108,"s:797:23:797:48":310,"b:797:23:797:46:797:46:797:48":109,"s:799:31:799:33":311,"s:800:21:800:24":312,"s:800:40:800:43":313,"s:800:58:800:Infinity":314,"b:802:4:807:Infinity:undefined:undefined:undefined:undefined":110,"s:802:4:807:Infinity":315,"s:803:6:806:Infinity":316,"s:807:6:807:Infinity":317,"b:810:4:815:Infinity:undefined:undefined:undefined:undefined":111,"s:810:4:815:Infinity":318,"s:811:6:814:Infinity":319,"s:815:6:815:Infinity":320,"b:818:4:823:Infinity:undefined:undefined:undefined:undefined":112,"s:818:4:823:Infinity":321,"s:819:6:822:Infinity":322,"s:823:6:823:Infinity":323,"b:826:4:831:Infinity:undefined:undefined:undefined:undefined":113,"s:826:4:831:Infinity":324,"s:827:6:830:Infinity":325,"s:831:6:831:Infinity":326,"b:834:4:839:Infinity:undefined:undefined:undefined:undefined":114,"s:834:4:839:Infinity":327,"s:835:6:838:Infinity":328,"s:839:6:839:Infinity":329,"b:842:4:847:Infinity:undefined:undefined:undefined:undefined":115,"s:842:4:847:Infinity":330,"s:843:6:846:Infinity":331,"s:847:6:847:Infinity":332,"s:850:4:863:Infinity":333,"s:851:19:851:80":334,"f:851:30:851:36":23,"s:851:47:851:80":335,"b:852:6:863:Infinity:858:13:863:Infinity":116,"s:852:6:863:Infinity":336,"s:853:8:856:Infinity":337,"s:857:8:857:Infinity":338,"b:858:13:863:Infinity:undefined:undefined:undefined:undefined":117,"s:858:13:863:Infinity":339,"s:859:8:862:Infinity":340,"s:863:8:863:Infinity":341,"s:867:4:874:Infinity":342,"s:868:21:868:82":343,"f:868:32:868:38":24,"s:868:49:868:82":344,"b:869:6:874:Infinity:undefined:undefined:undefined:undefined":118,"s:869:6:874:Infinity":345,"s:870:8:873:Infinity":346,"s:874:8:874:Infinity":347,"s:878:23:893:Infinity":348,"f:888:37:888:45":25,"s:888:56:888:91":349,"f:889:34:889:42":26,"s:889:53:889:77":350,"f:890:40:890:48":27,"s:890:59:890:89":351,"s:895:4:895:Infinity":352,"s:897:4:897:Infinity":353}}}
,"D:\\Program Data\\workspace-codebd\\TingStudio\\backend\\src\\services\\reviewService.ts": {"path":"D:\\Program Data\\workspace-codebd\\TingStudio\\backend\\src\\services\\reviewService.ts","statementMap":{"0":{"start":{"line":11,"column":67},"end":{"line":11,"column":null}},"1":{"start":{"line":12,"column":2},"end":{"line":16,"column":null}},"2":{"start":{"line":20,"column":24},"end":{"line":26,"column":null}},"3":{"start":{"line":28,"column":2},"end":{"line":28,"column":null}},"4":{"start":{"line":36,"column":38},"end":{"line":36,"column":null}},"5":{"start":{"line":37,"column":31},"end":{"line":37,"column":63}},"6":{"start":{"line":38,"column":29},"end":{"line":38,"column":31}},"7":{"start":{"line":40,"column":2},"end":{"line":43,"column":null}},"8":{"start":{"line":41,"column":4},"end":{"line":41,"column":null}},"9":{"start":{"line":42,"column":17},"end":{"line":42,"column":null}},"10":{"start":{"line":43,"column":4},"end":{"line":43,"column":null}},"11":{"start":{"line":46,"column":22},"end":{"line":46,"column":57}},"12":{"start":{"line":47,"column":8},"end":{"line":47,"column":null}},"13":{"start":{"line":49,"column":30},"end":{"line":57,"column":null}},"14":{"start":{"line":60,"column":31},"end":{"line":64,"column":null}},"15":{"start":{"line":67,"column":8},"end":{"line":81,"column":null}},"16":{"start":{"line":68,"column":19},"end":{"line":68,"column":null}},"17":{"start":{"line":69,"column":22},"end":{"line":69,"column":59}},"18":{"start":{"line":70,"column":4},"end":{"line":80,"column":null}},"19":{"start":{"line":83,"column":16},"end":{"line":83,"column":null}},"20":{"start":{"line":85,"column":2},"end":{"line":93,"column":null}},"21":{"start":{"line":97,"column":24},"end":{"line":99,"column":null}},"22":{"start":{"line":101,"column":2},"end":{"line":101,"column":null}},"23":{"start":{"line":105,"column":31},"end":{"line":107,"column":null}},"24":{"start":{"line":109,"column":2},"end":{"line":109,"column":null}}},"fnMap":{"0":{"name":"createReviewLog","decl":{"start":{"line":4,"column":22},"end":{"line":4,"column":38}},"loc":{"start":{"line":10,"column":18},"end":{"line":16,"column":null}},"line":10},"1":{"name":"getReviewLogs","decl":{"start":{"line":19,"column":22},"end":{"line":19,"column":36}},"loc":{"start":{"line":19,"column":71},"end":{"line":28,"column":null}},"line":19},"2":{"name":"getPendingReviewList","decl":{"start":{"line":31,"column":22},"end":{"line":31,"column":43}},"loc":{"start":{"line":35,"column":46},"end":{"line":93,"column":null}},"line":35},"3":{"name":"(anonymous_3)","decl":{"start":{"line":67,"column":34},"end":{"line":67,"column":39}},"loc":{"start":{"line":67,"column":52},"end":{"line":81,"column":null}},"line":67},"4":{"name":"getLatestSubmitLog","decl":{"start":{"line":96,"column":15},"end":{"line":96,"column":34}},"loc":{"start":{"line":96,"column":67},"end":{"line":101,"column":null}},"line":96},"5":{"name":"isFormulaOwner","decl":{"start":{"line":104,"column":22},"end":{"line":104,"column":37}},"loc":{"start":{"line":104,"column":90},"end":{"line":109,"column":null}},"line":104}},"branchMap":{"0":{"loc":{"start":{"line":15,"column":42},"end":{"line":15,"column":64}},"type":"binary-expr","locations":[{"start":{"line":15,"column":42},"end":{"line":15,"column":58}},{"start":{"line":15,"column":58},"end":{"line":15,"column":64}}],"line":15},"1":{"loc":{"start":{"line":15,"column":72},"end":{"line":15,"column":89}},"type":"binary-expr","locations":[{"start":{"line":15,"column":72},"end":{"line":15,"column":83}},{"start":{"line":15,"column":83},"end":{"line":15,"column":89}}],"line":15},"2":{"loc":{"start":{"line":28,"column":25},"end":{"line":28,"column":35}},"type":"binary-expr","locations":[{"start":{"line":28,"column":25},"end":{"line":28,"column":33}},{"start":{"line":28,"column":33},"end":{"line":28,"column":35}}],"line":28},"3":{"loc":{"start":{"line":40,"column":2},"end":{"line":43,"column":null}},"type":"if","locations":[{"start":{"line":40,"column":2},"end":{"line":43,"column":null}},{"start":{},"end":{}}],"line":40},"4":{"loc":{"start":{"line":67,"column":16},"end":{"line":67,"column":32}},"type":"binary-expr","locations":[{"start":{"line":67,"column":16},"end":{"line":67,"column":30}},{"start":{"line":67,"column":30},"end":{"line":67,"column":32}}],"line":67},"5":{"loc":{"start":{"line":83,"column":16},"end":{"line":83,"column":null}},"type":"binary-expr","locations":[{"start":{"line":83,"column":16},"end":{"line":83,"column":43}},{"start":{"line":83,"column":43},"end":{"line":83,"column":null}}],"line":83},"6":{"loc":{"start":{"line":101,"column":9},"end":{"line":101,"column":null}},"type":"binary-expr","locations":[{"start":{"line":101,"column":9},"end":{"line":101,"column":22}},{"start":{"line":101,"column":22},"end":{"line":101,"column":null}}],"line":101}},"s":{"0":2,"1":2,"2":2,"3":2,"4":3,"5":3,"6":3,"7":3,"8":1,"9":1,"10":1,"11":3,"12":3,"13":3,"14":3,"15":3,"16":2,"17":2,"18":2,"19":3,"20":3,"21":2,"22":2,"23":3,"24":3},"f":{"0":2,"1":2,"2":3,"3":2,"4":2,"5":3},"b":{"0":[2,1],"1":[2,1],"2":[2,0],"3":[1,2],"4":[3,0],"5":[3,1],"6":[2,2]},"meta":{"lastBranch":7,"lastFunction":6,"lastStatement":25,"seen":{"f:4:22:4:38":0,"s:11:67:11:Infinity":0,"s:12:2:16:Infinity":1,"b:15:42:15:58:15:58:15:64":0,"b:15:72:15:83:15:83:15:89":1,"f:19:22:19:36":1,"s:20:24:26:Infinity":2,"s:28:2:28:Infinity":3,"b:28:25:28:33:28:33:28:35":2,"f:31:22:31:43":2,"s:36:38:36:Infinity":4,"s:37:31:37:63":5,"s:38:29:38:31":6,"b:40:2:43:Infinity:undefined:undefined:undefined:undefined":3,"s:40:2:43:Infinity":7,"s:41:4:41:Infinity":8,"s:42:17:42:Infinity":9,"s:43:4:43:Infinity":10,"s:46:22:46:57":11,"s:47:8:47:Infinity":12,"s:49:30:57:Infinity":13,"s:60:31:64:Infinity":14,"s:67:8:81:Infinity":15,"b:67:16:67:30:67:30:67:32":4,"f:67:34:67:39":3,"s:68:19:68:Infinity":16,"s:69:22:69:59":17,"s:70:4:80:Infinity":18,"s:83:16:83:Infinity":19,"b:83:16:83:43:83:43:83:Infinity":5,"s:85:2:93:Infinity":20,"f:96:15:96:34":4,"s:97:24:99:Infinity":21,"s:101:2:101:Infinity":22,"b:101:9:101:22:101:22:101:Infinity":6,"f:104:22:104:37":5,"s:105:31:107:Infinity":23,"s:109:2:109:Infinity":24}}}
}
